Log file open, 08/15/18 01:11:49
LogWindows: Failed to load 'aqProf.dll' (GetLastError=126)
LogWindows: File 'aqProf.dll' does not exist
LogWindows: Failed to load 'VSPerf140.dll' (GetLastError=126)
LogWindows: File 'VSPerf140.dll' does not exist
LogWindows: Failed to load 'VtuneApi.dll' (GetLastError=126)
LogWindows: File 'VtuneApi.dll' does not exist
LogWindows: Failed to load 'VtuneApi32e.dll' (GetLastError=126)
LogWindows: File 'VtuneApi32e.dll' does not exist
LogInit: Display: Running engine for game: FPSGame
LogPlatformFile: Not using cached read wrapper
LogTaskGraph: Started task graph with 5 named threads and 35 total threads with 3 sets of task threads.
LogStats: Stats thread started at 0.383599
LogD3D11RHI: Loaded GFSDK_Aftermath_Lib.x64.dll
LogICUInternationalization: Display: ICU TimeZone Detection - Raw Offset: +2:00, Platform Override: ''
LogPluginManager: Mounting plugin Paper2D
LogPluginManager: Mounting plugin AISupport
LogPluginManager: Mounting plugin LightPropagationVolume
LogPluginManager: Mounting plugin CLionSourceCodeAccess
LogPluginManager: Mounting plugin CodeLiteSourceCodeAccess
LogPluginManager: Mounting plugin GitSourceControl
LogPluginManager: Mounting plugin KDevelopSourceCodeAccess
LogPluginManager: Mounting plugin NullSourceCodeAccess
LogPluginManager: Mounting plugin PerforceSourceControl
LogPluginManager: Mounting plugin SubversionSourceControl
LogPluginManager: Mounting plugin UObjectPlugin
LogPluginManager: Mounting plugin VisualStudioCodeSourceCodeAccess
LogPluginManager: Mounting plugin VisualStudioSourceCodeAccess
LogPluginManager: Mounting plugin XCodeSourceCodeAccess
LogPluginManager: Mounting plugin AssetManagerEditor
LogPluginManager: Mounting plugin CryptoKeys
LogPluginManager: Mounting plugin DataValidation
LogPluginManager: Mounting plugin FacialAnimation
LogPluginManager: Mounting plugin GameplayTagsEditor
LogPluginManager: Mounting plugin MacGraphicsSwitching
LogPluginManager: Mounting plugin MeshEditor
LogPluginManager: Mounting plugin MobileLauncherProfileWizard
LogPluginManager: Mounting plugin PluginBrowser
LogPluginManager: Mounting plugin SpeedTreeImporter
LogPluginManager: Mounting plugin DatasmithContent
LogPluginManager: Mounting plugin AlembicImporter
LogPluginManager: Mounting plugin AppleImageUtils
LogPluginManager: Mounting plugin AppleVision
LogPluginManager: Mounting plugin BackChannel
LogPluginManager: Mounting plugin CharacterAI
LogPluginManager: Mounting plugin GeometryCache
LogPluginManager: Mounting plugin HTML5Networking
LogPluginManager: Mounting plugin ProxyLODPlugin
LogPluginManager: Mounting plugin MagicLeap
LogPluginManager: Mounting plugin MagicLeapEmulator
LogPluginManager: Mounting plugin MagicLeapMedia
LogPluginManager: Mounting plugin AndroidMedia
LogPluginManager: Mounting plugin AvfMedia
LogPluginManager: Mounting plugin ImgMedia
LogPluginManager: Mounting plugin LinearTimecode
LogPluginManager: Mounting plugin MediaCompositing
LogPluginManager: Mounting plugin MediaPlayerEditor
LogPluginManager: Mounting plugin WmfMedia
LogPluginManager: Mounting plugin TcpMessaging
LogPluginManager: Mounting plugin UdpMessaging
LogPluginManager: Mounting plugin ActorSequence
LogPluginManager: Mounting plugin LevelSequenceEditor
LogPluginManager: Mounting plugin MatineeToLevelSequence
LogPluginManager: Mounting plugin NetcodeUnitTest
LogPluginManager: Mounting plugin NUTUnrealEngine4
LogPluginManager: Mounting plugin OnlineSubsystemGooglePlay
LogPluginManager: Mounting plugin OnlineSubsystemIOS
LogPluginManager: Mounting plugin OnlineSubsystem
LogPluginManager: Mounting plugin OnlineSubsystemNull
LogPluginManager: Mounting plugin OnlineSubsystemUtils
LogPluginManager: Mounting plugin LauncherChunkInstaller
LogPluginManager: Mounting plugin AndroidDeviceProfileSelector
LogPluginManager: Mounting plugin AndroidMoviePlayer
LogPluginManager: Mounting plugin AndroidPermission
LogPluginManager: Mounting plugin AppleMoviePlayer
LogPluginManager: Mounting plugin ArchVisCharacter
LogPluginManager: Mounting plugin AudioCapture
LogPluginManager: Mounting plugin CableComponent
LogPluginManager: Mounting plugin CustomMeshComponent
LogPluginManager: Mounting plugin EditableMesh
LogPluginManager: Mounting plugin ExampleDeviceProfileSelector
LogPluginManager: Mounting plugin GoogleCloudMessaging
LogPluginManager: Mounting plugin ImmediatePhysics
LogPluginManager: Mounting plugin IOSDeviceProfileSelector
LogPluginManager: Mounting plugin LinuxDeviceProfileSelector
LogPluginManager: Mounting plugin LocationServicesBPLibrary
LogPluginManager: Mounting plugin MobilePatchingUtils
LogPluginManager: Mounting plugin OculusVR
LogPluginManager: Plugin shader directory ../../../Engine/Plugins/Runtime/Oculus/OculusVR/Shaders found
LogPluginManager: Mapping shader source directory ../../../Engine/Plugins/Runtime/Oculus/OculusVR/Shaders to virtual directory /Plugin/OculusVR
LogPluginManager: Mounting plugin PhysXVehicles
LogPluginManager: Mounting plugin ProceduralMeshComponent
LogPluginManager: Mounting plugin RuntimePhysXCooking
LogPluginManager: Mounting plugin SteamVR
LogPluginManager: Mounting plugin WindowsMoviePlayer
LogStreaming: Display: Took  0.049s to configure plugins.
LogInit: Using libcurl 7.55.1-DEV
LogInit:  - built for x86_64-pc-win32
LogInit:  - supports SSL with OpenSSL/1.0.2h
LogInit:  - supports HTTP deflate (compression) using libz 1.2.8
LogInit:  - other features:
LogInit:      CURL_VERSION_SSL
LogInit:      CURL_VERSION_LIBZ
LogInit:      CURL_VERSION_IPV6
LogInit:      CURL_VERSION_ASYNCHDNS
LogInit:      CURL_VERSION_LARGEFILE
LogInit:      CURL_VERSION_IDN
LogInit:  CurlRequestOptions (configurable via config and command line):
LogInit:  - bVerifyPeer = false  - Libcurl will NOT verify peer certificate
LogInit:  - bUseHttpProxy = false  - Libcurl will NOT use HTTP proxy
LogInit:  - bDontReuseConnections = false  - Libcurl will reuse connections
LogInit:  - CertBundlePath = nullptr  - Libcurl will use whatever was configured at build time.
LogInit:  - MaxHostConnections = 16  - Libcurl will limit the number of connections to a host
LogInit:  - LocalHostAddr = Default
LogInit:  - BufferSize = 65536
LogInit: WinSock: version 1.1 (2.2), MaxSocks=32767, MaxUdp=65467
LogInit: Build: ++UE4+Release-4.20-CL-4233996
LogInit: Engine Version: 4.20.1-4233996+++UE4+Release-4.20
LogInit: Compatible Engine Version: 4.20.0-4212847+++UE4+Release-4.20
LogInit: Net CL: 4212847
LogInit: OS: Windows 10 (), CPU: Intel(R) Core(TM) i7-8700K CPU @ 3.70GHz, GPU: NVIDIA GeForce GTX 1080 Ti
LogInit: Compiled (64-bit): Jul 26 2018 10:07:30
LogInit: Compiled with Visual C++: 19.13.26129.00
LogInit: Build Configuration: Development
LogInit: Branch Name: ++UE4+Release-4.20
LogInit: Command Line:  
LogInit: Base Directory: N:/Program Files/EpicGames/UE_4.20/Engine/Binaries/Win64/
LogInit: Installed Engine Build: 1
LogDevObjectVersion: Number of dev versions registered: 20
LogDevObjectVersion:   Dev-Blueprints (B0D832E4-1F89-4F0D-ACCF-7EB736FD4AA2): 10
LogDevObjectVersion:   Dev-Build (E1C64328-A22C-4D53-A36C-8E866417BD8C): 0
LogDevObjectVersion:   Dev-Core (375EC13C-06E4-48FB-B500-84F0262A717E): 2
LogDevObjectVersion:   Dev-Editor (E4B068ED-F494-42E9-A231-DA0B2E46BB41): 24
LogDevObjectVersion:   Dev-Framework (CFFC743F-43B0-4480-9391-14DF171D2073): 34
LogDevObjectVersion:   Dev-Mobile (B02B49B5-BB20-44E9-A304-32B752E40360): 2
LogDevObjectVersion:   Dev-Networking (A4E4105C-59A1-49B5-A7C5-40C4547EDFEE): 0
LogDevObjectVersion:   Dev-Online (39C831C9-5AE6-47DC-9A44-9C173E1C8E7C): 0
LogDevObjectVersion:   Dev-Physics (78F01B33-EBEA-4F98-B9B4-84EACCB95AA2): 0
LogDevObjectVersion:   Dev-Platform (6631380F-2D4D-43E0-8009-CF276956A95A): 0
LogDevObjectVersion:   Dev-Rendering (12F88B9F-8875-4AFC-A67C-D90C383ABD29): 26
LogDevObjectVersion:   Dev-Sequencer (7B5AE74C-D270-4C10-A958-57980B212A5A): 9
LogDevObjectVersion:   Dev-VR (D7296918-1DD6-4BDD-9DE2-64A83CC13884): 2
LogDevObjectVersion:   Dev-LoadTimes (C2A15278-BFE7-4AFE-6C17-90FF531DF755): 1
LogDevObjectVersion:   Private-Geometry (6EACA3D4-40EC-4CC1-B786-8BED09428FC5): 3
LogDevObjectVersion:   Dev-AnimPhys (29E575DD-E0A3-4627-9D10-D276232CDCEA): 17
LogDevObjectVersion:   Dev-ReflectionCapture (6B266CEC-1EC7-4B8F-A30B-E4D90942FC07): 1
LogDevObjectVersion:   Dev-Automation (0DF73D61-A23F-47EA-B727-89E90C41499A): 1
LogDevObjectVersion:   FortniteMain (601D1886-AC64-4F84-AA16-D3DE0DEAC7D6): 12
LogDevObjectVersion:   Dev-Enterprise (9DFFBCD6-494F-0158-E221-12823C92A888): 1
LogStreaming: Display: Took  0.001s to delete old logs.
LogInit: Presizing for max 8388607 objects, including 0 objects not considered by GC, pre-allocating 0 bytes for permanent pool.
LogInit: Object subsystem initialized
[2018.08.14-23.11.50:176][  0]LogInit: Selected Device Profile: [Windows]
[2018.08.14-23.11.50:176][  0]LogInit: Applying CVar settings loaded from the selected device profile: [Windows]
[2018.08.14-23.11.50:180][  0]LogHAL: Display: Platform has ~ 16 GB [17105502208 / 17179869184 / 16], which maps to Larger [LargestMinGB=32, LargerMinGB=12, DefaultMinGB=8, SmallerMinGB=6, SmallestMinGB=0)
[2018.08.14-23.11.50:180][  0]LogInit: Setting Device Profile CVar: [[r.Vulkan.UseRealUBs:1]]
[2018.08.14-23.11.50:180][  0]LogInit: Going up to parent DeviceProfile []
[2018.08.14-23.11.50:180][  0]LogInit: Computer: SALAMANDER
[2018.08.14-23.11.50:180][  0]LogInit: User: morga
[2018.08.14-23.11.50:180][  0]LogInit: CPU Page size=4096, Cores=6
[2018.08.14-23.11.50:180][  0]LogInit: High frequency timer resolution =3.609376 MHz
[2018.08.14-23.11.50:181][  0]LogMemory: Memory total: Physical=15.9GB (16GB approx)
[2018.08.14-23.11.50:181][  0]LogMemory: Platform Memory Stats for Windows
[2018.08.14-23.11.50:181][  0]LogMemory: Process Physical Memory: 101.59 MB used, 101.59 MB peak
[2018.08.14-23.11.50:181][  0]LogMemory: Process Virtual Memory: 93.81 MB used, 93.81 MB peak
[2018.08.14-23.11.50:181][  0]LogMemory: Physical Memory: 8934.71 MB used,  7378.37 MB free, 16313.08 MB total
[2018.08.14-23.11.50:181][  0]LogMemory: Virtual Memory: 4659.26 MB used,  7378.37 MB free, 134217728.00 MB total
[2018.08.14-23.11.50:191][  0]LogInit: Using OS detected language (en-GB).
[2018.08.14-23.11.50:191][  0]LogInit: Using OS detected locale (en-GB).
[2018.08.14-23.11.50:191][  0]LogTextLocalizationManager: No specific localization for 'en-GB' exists, so the 'en' localization will be used.
[2018.08.14-23.11.50:452][  0]LogStreaming: Display: Took  0.260s to InitEngineTextLocalization.
[2018.08.14-23.11.50:452][  0]LogInit: Setting process to per monitor DPI aware
[2018.08.14-23.11.50:474][  0]LogSlate: New Slate User Created.  User Index 0, Is Virtual User: 0
[2018.08.14-23.11.50:474][  0]LogSlate: Slate User Registered.  User Index 0, Is Virtual User: 0
[2018.08.14-23.11.50:577][  0]LogHMD: Failed to initialize OpenVR with code 105
[2018.08.14-23.11.50:577][  0]LogD3D11RHI: D3D11 adapters:
[2018.08.14-23.11.50:638][  0]LogD3D11RHI:    0. 'NVIDIA GeForce GTX 1080 Ti' (Feature Level 11_0)
[2018.08.14-23.11.50:638][  0]LogD3D11RHI:       11127/0/8156 MB DedicatedVideo/DedicatedSystem/SharedSystem, Outputs:1, VendorId:0x10de
[2018.08.14-23.11.50:639][  0]LogD3D11RHI:    1. 'Microsoft Basic Render Driver' (Feature Level 11_0)
[2018.08.14-23.11.50:639][  0]LogD3D11RHI:       0/0/8156 MB DedicatedVideo/DedicatedSystem/SharedSystem, Outputs:0, VendorId:0x1414
[2018.08.14-23.11.50:639][  0]LogD3D11RHI: Chosen D3D11 Adapter: 0
[2018.08.14-23.11.50:645][  0]LogD3D11RHI: Creating new Direct3DDevice
[2018.08.14-23.11.50:645][  0]LogD3D11RHI:     GPU DeviceId: 0x1b06 (for the marketing name, search the web for "GPU Device Id")
[2018.08.14-23.11.50:645][  0]LogWindows: EnumDisplayDevices:
[2018.08.14-23.11.50:645][  0]LogWindows:    0. 'NVIDIA GeForce GTX 1080 Ti' (P:1 D:1)
[2018.08.14-23.11.50:645][  0]LogWindows:    1. 'NVIDIA GeForce GTX 1080 Ti' (P:0 D:0)
[2018.08.14-23.11.50:645][  0]LogWindows:    2. 'NVIDIA GeForce GTX 1080 Ti' (P:0 D:0)
[2018.08.14-23.11.50:646][  0]LogWindows:    3. 'NVIDIA GeForce GTX 1080 Ti' (P:0 D:0)
[2018.08.14-23.11.50:646][  0]LogWindows: DebugString: FoundDriverCount:4 
[2018.08.14-23.11.50:646][  0]LogD3D11RHI:     Adapter Name: NVIDIA GeForce GTX 1080 Ti
[2018.08.14-23.11.50:646][  0]LogD3D11RHI:   Driver Version: 398.82 (internal:24.21.13.9882, unified:398.82)
[2018.08.14-23.11.50:646][  0]LogD3D11RHI:      Driver Date: 7-30-2018
[2018.08.14-23.11.50:646][  0]LogRHI: Texture pool is 7788 MB (70% of 11127 MB)
[2018.08.14-23.11.50:673][  0]LogD3D11RHI: Async texture creation enabled
[2018.08.14-23.11.50:691][  0]LogD3D11RHI: GPU Timing Frequency: 1000.000000 (Debug: 2 2)
[2018.08.14-23.11.50:733][  0]LogShaderCompilers: Guid format shader working directory is -27 characters bigger than the processId version (../../../../../../Programming/Unreal/Multiplayer_StealthGame/StealthGame/Intermediate/Shaders/WorkingDirectory/11320/).
[2018.08.14-23.11.50:733][  0]LogShaderCompilers: Cleaned the shader compiler working directory 'C:/Users/morga/AppData/Local/Temp/UnrealShaderWorkingDir/70641486441A5786794E8B862CD0DA97/'.
[2018.08.14-23.11.50:913][  0]LogTemp: Display: Loaded TP AllDesktopTargetPlatform
[2018.08.14-23.11.50:922][  0]LogTemp: Display: Loaded TP MacClientTargetPlatform
[2018.08.14-23.11.50:930][  0]LogTemp: Display: Loaded TP MacNoEditorTargetPlatform
[2018.08.14-23.11.50:939][  0]LogTemp: Display: Loaded TP MacServerTargetPlatform
[2018.08.14-23.11.50:948][  0]LogTemp: Display: Loaded TP MacTargetPlatform
[2018.08.14-23.11.50:957][  0]LogTemp: Display: Loaded TP WindowsClientTargetPlatform
[2018.08.14-23.11.50:966][  0]LogTemp: Display: Loaded TP WindowsNoEditorTargetPlatform
[2018.08.14-23.11.50:975][  0]LogTemp: Display: Loaded TP WindowsServerTargetPlatform
[2018.08.14-23.11.50:979][  0]LogTemp: Display: Loaded TP WindowsTargetPlatform
[2018.08.14-23.11.51:032][  0]LogTemp: Display: Loaded TP AndroidTargetPlatform
[2018.08.14-23.11.51:032][  0]LogTemp: Display: Loaded TP AndroidTargetPlatform
[2018.08.14-23.11.51:032][  0]LogTemp: Display: Loaded TP AndroidTargetPlatform
[2018.08.14-23.11.51:032][  0]LogTemp: Display: Loaded TP AndroidTargetPlatform
[2018.08.14-23.11.51:032][  0]LogTemp: Display: Loaded TP AndroidTargetPlatform
[2018.08.14-23.11.51:032][  0]LogTemp: Display: Loaded TP AndroidTargetPlatform
[2018.08.14-23.11.51:032][  0]LogTemp: Display: Loaded TP AndroidTargetPlatform
[2018.08.14-23.11.51:032][  0]LogTemp: Display: Loaded TP AndroidTargetPlatform
[2018.08.14-23.11.51:032][  0]LogTemp: Display: Loaded TP AndroidTargetPlatform
[2018.08.14-23.11.51:032][  0]LogTemp: Display: Loaded TP AndroidTargetPlatform
[2018.08.14-23.11.51:032][  0]LogTemp: Display: Loaded TP AndroidTargetPlatform
[2018.08.14-23.11.51:032][  0]LogTemp: Display: Loaded TP AndroidTargetPlatform
[2018.08.14-23.11.51:032][  0]LogTemp: Display: Loaded TP AndroidTargetPlatform
[2018.08.14-23.11.51:032][  0]LogTemp: Display: Loaded TP AndroidTargetPlatform
[2018.08.14-23.11.51:032][  0]LogTemp: Display: Loaded TP AndroidTargetPlatform
[2018.08.14-23.11.51:032][  0]LogTemp: Display: Loaded TP AndroidTargetPlatform
[2018.08.14-23.11.51:032][  0]LogTemp: Display: Loaded TP AndroidTargetPlatform
[2018.08.14-23.11.51:032][  0]LogTemp: Display: Loaded TP AndroidTargetPlatform
[2018.08.14-23.11.51:033][  0]LogTemp: Display: Loaded TP HTML5TargetPlatform
[2018.08.14-23.11.51:086][  0]LogTemp: Display: Loaded TP IOSTargetPlatform
[2018.08.14-23.11.51:086][  0]LogTemp: Display: Loaded TP IOSTargetPlatform
[2018.08.14-23.11.51:102][  0]LogTemp: Display: Loaded TP TVOSTargetPlatform
[2018.08.14-23.11.51:102][  0]LogTemp: Display: Loaded TP TVOSTargetPlatform
[2018.08.14-23.11.51:110][  0]LogTemp: Display: Loaded TP LinuxClientTargetPlatform
[2018.08.14-23.11.51:119][  0]LogTemp: Display: Loaded TP LinuxNoEditorTargetPlatform
[2018.08.14-23.11.51:127][  0]LogTemp: Display: Loaded TP LinuxServerTargetPlatform
[2018.08.14-23.11.51:137][  0]LogTemp: Display: Loaded TP LinuxTargetPlatform
[2018.08.14-23.11.51:144][  0]LogTemp: Display: Loaded TP LuminTargetPlatform
[2018.08.14-23.11.51:144][  0]LogTargetPlatformManager: Display: Building Assets For Windows
[2018.08.14-23.11.51:175][  0]LogXGEController: Cleaning working directory: C:/Users/morga/AppData/Local/Temp/UnrealXGEWorkingDir/
[2018.08.14-23.11.51:175][  0]LogXGEController: Cannot use XGE Controller as Incredibuild is not installed on this machine.
[2018.08.14-23.11.51:175][  0]LogShaderCompilers: Cannot use XGE Shader Compiler as Incredibuild is not installed on this machine.
[2018.08.14-23.11.51:175][  0]LogShaderCompilers: Display: Using Local Shader Compiler.
[2018.08.14-23.11.51:667][  0]LogDerivedDataCache: Display: Max Cache Size: 512 MB
[2018.08.14-23.11.51:710][  0]LogDerivedDataCache: Loaded boot cache 0.04s 73MB C:/Users/morga/AppData/Local/UnrealEngine/4.20/DerivedDataCache/Boot.ddc.
[2018.08.14-23.11.51:710][  0]LogDerivedDataCache: Display: Loaded Boot cache: C:/Users/morga/AppData/Local/UnrealEngine/4.20/DerivedDataCache/Boot.ddc
[2018.08.14-23.11.51:710][  0]LogDerivedDataCache: FDerivedDataBackendGraph:  Pak pak cache file ../../../../../../Programming/Unreal/Multiplayer_StealthGame/StealthGame/DerivedDataCache/DDC.ddp not found, will not use a pak cache.
[2018.08.14-23.11.51:710][  0]LogDerivedDataCache: Unable to find inner node Pak for hierarchical cache Hierarchy.
[2018.08.14-23.11.51:710][  0]LogDerivedDataCache: FDerivedDataBackendGraph:  CompressedPak pak cache file ../../../../../../Programming/Unreal/Multiplayer_StealthGame/StealthGame/DerivedDataCache/Compressed.ddp not found, will not use a pak cache.
[2018.08.14-23.11.51:710][  0]LogDerivedDataCache: Unable to find inner node CompressedPak for hierarchical cache Hierarchy.
[2018.08.14-23.11.51:720][  0]LogDerivedDataCache: Display: Pak cache opened for reading ../../../Engine/DerivedDataCache/Compressed.ddp.
[2018.08.14-23.11.51:731][  0]LogDerivedDataCache: Using Local data cache path C:/Users/morga/AppData/Local/UnrealEngine/Common/DerivedDataCache: Writable
[2018.08.14-23.11.51:731][  0]LogDerivedDataCache: Shared data cache path not found in *engine.ini, will not use an Shared cache.
[2018.08.14-23.11.51:731][  0]LogDerivedDataCache: Unable to find inner node Shared for hierarchical cache Hierarchy.
[2018.08.14-23.11.51:744][  0]LogMaterial: Verifying Global Shaders for PCD3D_SM5
[2018.08.14-23.11.51:745][  0]LogSlate: Using FreeType 2.6.0
[2018.08.14-23.11.51:745][  0]LogSlate: SlateFontServices - WITH_FREETYPE: 1, WITH_HARFBUZZ: 1
[2018.08.14-23.11.51:800][  0]LogAssetRegistry: FAssetRegistry took 0.0246 seconds to start up
[2018.08.14-23.11.52:007][  0]LogInit: Selected Device Profile: [Windows]
[2018.08.14-23.11.52:099][  0]LogSimplygon: Simplygon DLL not present - disabling.
[2018.08.14-23.11.52:101][  0]LogMeshReduction: Using SimplygonSwarm for distributed automatic mesh merging
[2018.08.14-23.11.52:101][  0]LogMeshReduction: Using ProxyLODMeshReduction for automatic mesh merging
[2018.08.14-23.11.52:101][  0]LogMeshReduction: Using QuadricMeshReduction for automatic static mesh reduction
[2018.08.14-23.11.52:101][  0]LogMeshReduction: No automatic skeletal mesh reduction module available
[2018.08.14-23.11.52:113][  0]LogNetVersion: FPSGame 1.0.0, NetCL: 4212847, EngineNetVer: 5, GameNetVer: 0 (Checksum: 746183129)
[2018.08.14-23.11.52:441][  0]LogPackageLocalizationCache: Processed 11 localized package path(s) for 2 prioritized culture(s) in 0.056193 seconds
[2018.08.14-23.11.52:446][  0]LogUObjectArray: 38425 objects as part of root set at end of initial load.
[2018.08.14-23.11.52:446][  0]LogUObjectAllocator: 6690872 out of 0 bytes used by permanent object pool.
[2018.08.14-23.11.52:446][  0]LogUObjectArray: CloseDisregardForGC: 0/0 objects in disregard for GC pool
[2018.08.14-23.11.53:017][  0]LogTcpMessaging: Initializing TcpMessaging bridge
[2018.08.14-23.11.53:029][  0]LogUdpMessaging: Initializing bridge on interface 0.0.0.0:0 to multicast group 230.0.0.1:6666.
[2018.08.14-23.11.53:235][  0]SourceControl: Source control is disabled
[2018.08.14-23.11.53:235][  0]SourceControl: Source control is disabled
[2018.08.14-23.11.53:235][  0]SourceControl: Source control is disabled
[2018.08.14-23.11.53:236][  0]SourceControl: Source control is disabled
[2018.08.14-23.11.53:367][  0]LogAndroidPermission: UAndroidPermissionCallbackProxy::GetInstance
[2018.08.14-23.11.53:397][  0]LogOcInput: OculusInput pre-init called
[2018.08.14-23.11.53:438][  0]LogEngine: Initializing Engine...
[2018.08.14-23.11.53:440][  0]LogHMD: Failed to initialize OpenVR with code 105
[2018.08.14-23.11.53:441][  0]LogStats: UGameplayTagsManager::ConstructGameplayTagTree: ImportINI prefixes -  0.000 s
[2018.08.14-23.11.53:441][  0]LogStats: UGameplayTagsManager::ConstructGameplayTagTree: Construct from data asset -  0.000 s
[2018.08.14-23.11.53:441][  0]LogStats: UGameplayTagsManager::ConstructGameplayTagTree: ImportINI -  0.000 s
[2018.08.14-23.11.53:441][  0]LogStats: UGameplayTagsManager::ConstructGameplayTagTree: GameplayTagTreeChangedEvent.Broadcast -  0.000 s
[2018.08.14-23.11.53:592][  0]LogInit: Initializing FReadOnlyCVARCache
[2018.08.14-23.11.53:601][  0]LogAIModule: Creating AISystem for world Untitled
[2018.08.14-23.11.53:654][  0]LogInit: XAudio2 using 'Speakers (ASUS ROG Spitfire)' : 2 channels at 48 kHz using 16 bits per sample (channel mask 0x3)
[2018.08.14-23.11.53:662][  0]LogInit: FAudioDevice initialized.
[2018.08.14-23.11.53:662][  0]LogNetVersion: Set ProjectVersion to 1.0.0.0. Version Checksum will be recalculated on next use.
[2018.08.14-23.11.53:735][  0]LogDerivedDataCache: Saved boot cache 0.07s 73MB C:/Users/morga/AppData/Local/UnrealEngine/4.20/DerivedDataCache/Boot.ddc.
[2018.08.14-23.11.53:739][  0]LogInit: Texture streaming: Enabled
[2018.08.14-23.11.53:748][  0]LogEngineSessionManager: EngineSessionManager initialized
[2018.08.14-23.11.53:755][  0]LogInit: Transaction tracking system initialized
[2018.08.14-23.11.53:767][  0]BlueprintLog: New page: Editor Load
[2018.08.14-23.11.53:833][  0]LocalizationService: Localization service is disabled
[2018.08.14-23.11.54:013][  0]LogCook: Display: Max memory allowance for cook 16384mb min free memory 0mb
[2018.08.14-23.11.54:013][  0]LogCook: Display: Mobile HDR setting 1
[2018.08.14-23.11.54:013][  0]LogGameplayTags: Display: UGameplayTagsManager::DoneAddingNativeTags. DelegateIsBound: 0
[2018.08.14-23.11.54:013][  0]LogStats: UGameplayTagsManager::ConstructGameplayTagTree: ImportINI prefixes -  0.000 s
[2018.08.14-23.11.54:013][  0]LogStats: UGameplayTagsManager::ConstructGameplayTagTree: Construct from data asset -  0.000 s
[2018.08.14-23.11.54:013][  0]LogStats: UGameplayTagsManager::ConstructGameplayTagTree: ImportINI -  0.000 s
[2018.08.14-23.11.54:013][  0]LogStats: UGameplayTagsManager::ConstructGameplayTagTree: GameplayTagTreeChangedEvent.Broadcast -  0.000 s
[2018.08.14-23.11.54:076][  0]LogFileCache: Scanning file cache for directory 'N:/Programming/Unreal/Multiplayer_StealthGame/StealthGame/Content/' took 0.01s
[2018.08.14-23.11.54:076][  0]SourceControl: Source control is disabled
[2018.08.14-23.11.54:076][  0]Cmd: MAP LOAD FILE="../../../../../../Programming/Unreal/Multiplayer_StealthGame/StealthGame/Content/Maps/FirstPersonExampleMap.umap" TEMPLATE=0 SHOWPROGRESS=1 FEATURELEVEL=3
[2018.08.14-23.11.54:077][  0]LightingResults: New page: Lighting Build
[2018.08.14-23.11.54:078][  0]MapCheck: New page: Map Check
[2018.08.14-23.11.54:078][  0]LightingResults: New page: Lighting Build
[2018.08.14-23.11.54:243][  0]LogAIModule: Creating AISystem for world FirstPersonExampleMap
[2018.08.14-23.11.54:252][  0]LogEditorServer: Finished looking for orphan Actors (0.000 secs)
[2018.08.14-23.11.54:271][  0]Cmd: MAP CHECKDEP NOCLEARLOG
[2018.08.14-23.11.54:300][  0]MapCheck: Map check complete: 0 Error(s), 0 Warning(s), took 28.834ms to complete.
[2018.08.14-23.11.54:301][  0]LogFileHelpers: Loading map 'FirstPersonExampleMap' took 0.225
[2018.08.14-23.11.54:393][  0]LogSlate: Updating window title bar state: overlay mode, drag disabled, window buttons hidden, title bar hidden
[2018.08.14-23.11.54:399][  0]LogSlate: Updating window title bar state: overlay mode, drag disabled, window buttons hidden, title bar hidden
[2018.08.14-23.11.54:404][  0]LogSlate: Updating window title bar state: overlay mode, drag disabled, window buttons hidden, title bar hidden
[2018.08.14-23.11.54:410][  0]LogSlate: Updating window title bar state: overlay mode, drag disabled, window buttons hidden, title bar hidden
[2018.08.14-23.11.54:413][  0]LogCollectionManager: Loaded 0 collections in 0.000731 seconds
[2018.08.14-23.11.54:452][  0]LogFileCache: Scanning file cache for directory 'N:/Programming/Unreal/Multiplayer_StealthGame/StealthGame/Saved/Collections/' took 0.01s
[2018.08.14-23.11.54:452][  0]LogFileCache: Scanning file cache for directory 'N:/Programming/Unreal/Multiplayer_StealthGame/StealthGame/Content/Developers/morga/Collections/' took 0.01s
[2018.08.14-23.11.54:452][  0]LogFileCache: Scanning file cache for directory 'N:/Programming/Unreal/Multiplayer_StealthGame/StealthGame/Content/Collections/' took 0.01s
[2018.08.14-23.11.54:452][  0]LogCollectionManager: Rebuilt the GUID cache for 0 collections in 0.000000 seconds
[2018.08.14-23.11.54:459][  0]LogContentBrowser: Native class hierarchy populated in 0.0068 seconds. Added 2582 classes and 608 folders.
[2018.08.14-23.11.54:463][  0]LogContentBrowser: Native class hierarchy updated for 'WidgetCarousel' in 0.0002 seconds. Added 0 classes and 0 folders.
[2018.08.14-23.11.54:484][  0]LogContentBrowser: Native class hierarchy updated for 'AddContentDialog' in 0.0002 seconds. Added 0 classes and 0 folders.
[2018.08.14-23.11.54:495][  0]LogSlate: Took 0.000139 seconds to synchronously load lazily loaded font '../../../Engine/Content/Slate/Fonts/Roboto-Regular.ttf' (155K)
[2018.08.14-23.11.54:498][  0]LogSlate: Took 0.000192 seconds to synchronously load lazily loaded font '../../../Engine/Content/Slate/Fonts/Roboto-Bold.ttf' (160K)
[2018.08.14-23.11.54:500][  0]LogSlate: Took 0.000145 seconds to synchronously load lazily loaded font '../../../Engine/Content/Editor/Slate/Fonts/FontAwesome.ttf' (139K)
[2018.08.14-23.11.54:563][  0]LogRenderer: Reallocating scene render targets to support 1656x836 Format 10 NumSamples 1 (Frame:1).
[2018.08.14-23.11.54:685][  0]LogContentBrowser: Native class hierarchy updated for 'HierarchicalLODOutliner' in 0.0002 seconds. Added 0 classes and 0 folders.
[2018.08.14-23.11.54:685][  0]LogLoad: (Engine Initialization) Total time: 5.65 seconds
[2018.08.14-23.11.54:685][  0]LogLoad: (Engine Initialization) Total Blueprint compile time: 0.00 seconds
[2018.08.14-23.11.54:695][  0]LogWindowsTextInputMethodSystem: Display: IME system now deactivated.
[2018.08.14-23.11.54:711][  0]LogAssetRegistry: Asset discovery search completed in 2.9327 seconds
[2018.08.14-23.11.54:713][  0]LogCollectionManager: Rebuilt the object cache for 0 collections in 0.000000 seconds (found 0 objects)
[2018.08.14-23.11.54:713][  0]LogCollectionManager: Fixed up redirectors for 0 collections in 0.000074 seconds (updated 0 objects)
[2018.08.14-23.11.54:714][  0]LogContentStreaming: Texture pool size now 3000 MB
[2018.08.14-23.11.56:040][106]LogSlate: Took 0.000153 seconds to synchronously load lazily loaded font '../../../Engine/Content/Slate/Fonts/Roboto-Light.ttf' (167K)
[2018.08.14-23.15.55:039][480]LogSlate: FSceneViewport::OnFocusLost() reason 0
[2018.08.14-23.18.59:240][359]LogEditorViewport: Clicking on Actor (LMB): BP_Player_C (BP_Player)
[2018.08.14-23.19.01:008][498]Cmd: DELETE
[2018.08.14-23.19.01:009][498]Cmd: ACTOR DELETE
[2018.08.14-23.19.01:099][498]LogEditorActor: Deleted Actor: BP_Player_C
[2018.08.14-23.19.01:148][498]LogEditorActor: Deleted 1 Actors (0.064 secs)
[2018.08.14-23.19.04:461][864]LogSlate: FSceneViewport::OnFocusLost() reason 2
[2018.08.14-23.19.08:042][259]LogSlate: FSceneViewport::OnFocusLost() reason 0
[2018.08.14-23.19.16:841][300]LogSlate: FSceneViewport::OnFocusLost() reason 2
[2018.08.14-23.19.20:778][772]LogSlate: Prevented a slow task dialog from being summoned while a context menu was open
[2018.08.14-23.19.44:745][640]LogSlate: FSceneViewport::OnFocusLost() reason 0
[2018.08.14-23.19.47:943][  3]LogNavigationPoint: PostEditMove Clear paths rebuilt
[2018.08.14-23.19.56:381][962]LogNavigationPoint: PostEditMove Clear paths rebuilt
[2018.08.14-23.19.57:228][ 53]LogNavigationPoint: PostEditMove Clear paths rebuilt
[2018.08.14-23.19.58:585][181]LogSlate: FSceneViewport::OnFocusLost() reason 2
[2018.08.14-23.19.58:734][181]LogSavePackage: Moving '../../../../../../Programming/Unreal/Multiplayer_StealthGame/StealthGame/Saved/FirstPersonExampleMapA57E5F7F45E1B930FEC8AC96B049B2B5.tmp' to '../../../../../../Programming/Unreal/Multiplayer_StealthGame/StealthGame/Content/Maps/FirstPersonExampleMap.umap'
[2018.08.14-23.19.58:837][181]LogSavePackage: Moving '../../../../../../Programming/Unreal/Multiplayer_StealthGame/StealthGame/Saved/FirstPersonExampleMap_BuiltDataB4A595CC487C8814B51576864DB623F5.tmp' to '../../../../../../Programming/Unreal/Multiplayer_StealthGame/StealthGame/Content/Maps/FirstPersonExampleMap_BuiltData.uasset'
[2018.08.14-23.19.59:152][204]LogSlate: FSceneViewport::OnFocusLost() reason 0
[2018.08.14-23.19.59:380][216]LogSavePackage: Moving '../../../../../../Programming/Unreal/Multiplayer_StealthGame/StealthGame/Saved/FirstPersonExampleMap1CFEB56C43AEBF92C346E09CC855C561.tmp' to '../../../../../../Programming/Unreal/Multiplayer_StealthGame/StealthGame/Content/Maps/FirstPersonExampleMap.umap'
[2018.08.14-23.19.59:445][216]LogSavePackage: Moving '../../../../../../Programming/Unreal/Multiplayer_StealthGame/StealthGame/Saved/FirstPersonExampleMap_BuiltData673F82B7414DFDC9AB98A29282DAEB33.tmp' to '../../../../../../Programming/Unreal/Multiplayer_StealthGame/StealthGame/Content/Maps/FirstPersonExampleMap_BuiltData.uasset'
[2018.08.14-23.21.50:525][759]LogSlate: FSceneViewport::OnFocusLost() reason 0
[2018.08.14-23.21.50:625][771]LogTemp: Repeating last play command: New Editor Window (PIE)
[2018.08.14-23.21.50:635][771]LogBlueprintUserMessages: Early PlayInEditor Detection: Level '/Game/Maps/FirstPersonExampleMap.FirstPersonExampleMap:PersistentLevel' has LevelScriptBlueprint '/Game/Maps/FirstPersonExampleMap.FirstPersonExampleMap:PersistentLevel.FirstPersonExampleMap' with GeneratedClass '/Game/Maps/FirstPersonExampleMap.FirstPersonExampleMap_C' with ClassGeneratedBy '/Game/Maps/FirstPersonExampleMap.FirstPersonExampleMap:PersistentLevel.FirstPersonExampleMap'
[2018.08.14-23.21.50:635][771]LogPlayLevel: PlayLevel: No blueprints needed recompiling
[2018.08.14-23.21.50:649][771]PIE: New page: PIE session: FirstPersonExampleMap (15 Aug 2018 03:21:50)
[2018.08.14-23.21.50:649][771]LogPlayLevel: Creating play world package: /Game/Maps/UEDPIE_1_FirstPersonExampleMap
[2018.08.14-23.21.50:662][771]LogPlayLevel: PIE: StaticDuplicateObject took: (0.013125s)
[2018.08.14-23.21.50:663][771]LogAIModule: Creating AISystem for world FirstPersonExampleMap
[2018.08.14-23.21.50:663][771]LogPlayLevel: PIE: World Init took: (0.000812s)
[2018.08.14-23.21.50:663][771]LogPlayLevel: PIE: Created PIE world by copying editor world from /Game/Maps/FirstPersonExampleMap.FirstPersonExampleMap to /Game/Maps/UEDPIE_1_FirstPersonExampleMap.FirstPersonExampleMap (0.014137s)
[2018.08.14-23.21.50:689][771]LogInit: XAudio2 using 'Speakers (ASUS ROG Spitfire)' : 2 channels at 48 kHz using 16 bits per sample (channel mask 0x3)
[2018.08.14-23.21.50:695][771]LogInit: FAudioDevice initialized.
[2018.08.14-23.21.50:711][771]LogSlate: Updating window title bar state: overlay mode, drag disabled, window buttons hidden, title bar hidden
[2018.08.14-23.21.50:762][771]LogLoad: Game class is 'BP_GameMode_C'
[2018.08.14-23.21.50:766][771]LogWorld: Bringing World /Game/Maps/UEDPIE_1_FirstPersonExampleMap.FirstPersonExampleMap up for play (max tick rate 0) at 2018.08.15-01.21.50
[2018.08.14-23.21.50:767][771]LogWorld: Bringing up level for play took: 0.003607
[2018.08.14-23.21.50:782][771]LogContentBrowser: Native class hierarchy updated for 'MovieSceneCapture' in 0.0004 seconds. Added 10 classes and 0 folders.
[2018.08.14-23.21.50:783][771]LogTemp: Display: ParseSettings for GameNetDriver
[2018.08.14-23.21.50:783][771]LogTemp: Display: ParseSettings for IpNetDriver_0
[2018.08.14-23.21.50:783][771]LogTemp: Display: ParseSettings for GameNetDriver
[2018.08.14-23.21.50:783][771]LogNet: ReplicationDriverClass is null! Not using ReplicationDriver.
[2018.08.14-23.21.50:783][771]LogInit: WinSock: Socket queue 131072 / 131072
[2018.08.14-23.21.50:783][771]LogInit: WinSock: I am Salamander (192.168.1.101:0)
[2018.08.14-23.21.50:783][771]PacketHandlerLog: Loaded PacketHandler component: Engine.EngineHandlerComponentFactory (StatelessConnectHandlerComponent)
[2018.08.14-23.21.50:783][771]LogNet: GameNetDriver IpNetDriver_0 IpNetDriver listening on port 17777
[2018.08.14-23.21.50:786][771]PIE: Play in editor start time for /Game/Maps/UEDPIE_1_FirstPersonExampleMap 0.425
[2018.08.14-23.21.50:789][771]PIE: New page: PIE session: FirstPersonExampleMap (15 Aug 2018 03:21:50)
[2018.08.14-23.21.50:795][771]LogSlate: FSceneViewport::OnFocusLost() reason 2
[2018.08.14-23.21.50:797][771]LogSlate: Updating window title bar state: overlay mode, drag disabled, window buttons hidden, title bar hidden
[2018.08.14-23.21.50:833][771]LogNet: Browse: 127.0.0.1:17777//Game/Maps/FirstPersonExampleMap
[2018.08.14-23.21.50:833][771]LogTemp: Display: ParseSettings for GameNetDriver
[2018.08.14-23.21.50:833][771]LogTemp: Display: ParseSettings for IpNetDriver_1
[2018.08.14-23.21.50:833][771]LogTemp: Display: ParseSettings for PendingNetDriver
[2018.08.14-23.21.50:833][771]LogInit: WinSock: Socket queue 32768 / 32768
[2018.08.14-23.21.50:833][771]PacketHandlerLog: Loaded PacketHandler component: Engine.EngineHandlerComponentFactory (StatelessConnectHandlerComponent)
[2018.08.14-23.21.50:833][771]LogNet: Game client on port 17777, rate 10000
[2018.08.14-23.21.50:836][771]PIE: Play in editor start time for /Game/Maps/FirstPersonExampleMap 0.475
[2018.08.14-23.21.50:844][771]LogBlueprintUserMessages: Late PlayInEditor Detection: Level '/Game/Maps/FirstPersonExampleMap.FirstPersonExampleMap:PersistentLevel' has LevelScriptBlueprint '/Game/Maps/FirstPersonExampleMap.FirstPersonExampleMap:PersistentLevel.FirstPersonExampleMap' with GeneratedClass '/Game/Maps/FirstPersonExampleMap.FirstPersonExampleMap_C' with ClassGeneratedBy '/Game/Maps/FirstPersonExampleMap.FirstPersonExampleMap:PersistentLevel.FirstPersonExampleMap'
[2018.08.14-23.21.50:844][771]LogNet: NotifyAcceptingConnection accepted from: 127.0.0.1:61534
[2018.08.14-23.21.50:844][771]LogHandshake: SendConnectChallenge. Timestamp: 0.008334, Cookie: 144154051162001085169097216118190056021116121089161133008016
[2018.08.14-23.21.50:848][771]LogHandshake: SendChallengeResponse. Timestamp: 0.008334, Cookie: 144154051162001085169097216118190056021116121089161133008016
[2018.08.14-23.21.50:961][772]LogNet: NotifyAcceptingConnection accepted from: 127.0.0.1:61534
[2018.08.14-23.21.50:961][772]LogHandshake: SendChallengeAck. InCookie: 144154051162001085169097216118190056021116121089161133008016
[2018.08.14-23.21.50:961][772]LogNet: Server accepting post-challenge connection from: 127.0.0.1:61534
[2018.08.14-23.21.50:961][772]PacketHandlerLog: Loaded PacketHandler component: Engine.EngineHandlerComponentFactory (StatelessConnectHandlerComponent)
[2018.08.14-23.21.50:961][772]LogNet: NotifyAcceptedConnection: Name: FirstPersonExampleMap, TimeStamp: 08/15/18 01:21:50, [UNetConnection] RemoteAddr: 127.0.0.1:61534, Name: IpConnection_1, Driver: GameNetDriver IpNetDriver_0, IsServer: YES, PC: NULL, Owner: NULL, UniqueId: INVALID
[2018.08.14-23.21.50:961][772]LogNet: AddClientConnection: Added client connection: [UNetConnection] RemoteAddr: 127.0.0.1:61534, Name: IpConnection_1, Driver: GameNetDriver IpNetDriver_0, IsServer: YES, PC: NULL, Owner: NULL, UniqueId: INVALID
[2018.08.14-23.21.50:962][772]LogNetVersion: FPSGame 1.0.0.0, NetCL: 4212847, EngineNetVer: 5, GameNetVer: 0 (Checksum: 2746489200)
[2018.08.14-23.21.50:962][772]LogNet: UPendingNetGame::SendInitialJoin: Sending hello. [UNetConnection] RemoteAddr: 127.0.0.1:17777, Name: IpConnection_0, Driver: PendingNetDriver IpNetDriver_1, IsServer: NO, PC: NULL, Owner: NULL, UniqueId: INVALID
[2018.08.14-23.21.50:974][773]LogNet: NotifyAcceptingChannel Control 0 server World /Game/Maps/UEDPIE_1_FirstPersonExampleMap.FirstPersonExampleMap: Accepted
[2018.08.14-23.21.50:974][773]LogNet: Remote platform little endian=1
[2018.08.14-23.21.50:974][773]LogNet: This platform little endian=1
[2018.08.14-23.21.50:994][774]LogNet: Login request: /Game/Maps/FirstPersonExampleMap?Name=Salamander-62D665F844C07EF5B191978819EF6DC5 userId: Salamander-62D665F844C07EF5B191978819EF6DC5
[2018.08.14-23.21.50:995][774]LogNet: Welcomed by server (Level: /Game/Maps/UEDPIE_1_FirstPersonExampleMap, Game: /Game/Blueprints/BP_GameMode.BP_GameMode_C)
[2018.08.14-23.21.50:997][774]LogLoad: LoadMap: 127.0.0.1:17777//Game/Maps/UEDPIE_1_FirstPersonExampleMap?game=/Game/Blueprints/BP_GameMode.BP_GameMode_C
[2018.08.14-23.21.51:032][774]LogAIModule: Creating AISystem for world FirstPersonExampleMap
[2018.08.14-23.21.51:032][774]LogTemp: Display: ParseSettings for GameNetDriver
[2018.08.14-23.21.51:035][774]LogWorld: Bringing World /Game/Maps/UEDPIE_2_FirstPersonExampleMap.FirstPersonExampleMap up for play (max tick rate 0) at 2018.08.15-01.21.51
[2018.08.14-23.21.51:036][774]LogWorld: Bringing up level for play took: 0.003000
[2018.08.14-23.21.51:036][774]LogLoad: Took 0.039181 seconds to LoadMap(/Game/Maps/UEDPIE_1_FirstPersonExampleMap)
[2018.08.14-23.21.51:061][775]LogNet: Client netspeed is 10000
[2018.08.14-23.21.51:061][775]LogNet: Join request: /Game/Maps/FirstPersonExampleMap?Name=Salamander-62D665F844C07EF5B191978819EF6DC5?SplitscreenCount=1
[2018.08.14-23.21.51:061][775]LogOnline: Warning: OSS: No game present to join for session (GameSession)
[2018.08.14-23.21.51:090][775]LogNet: Join succeeded: Salamander-62D665F84
[2018.08.14-23.21.51:136][779]LogOnline: Warning: OSS: No game present to join for session (GameSession)
[2018.08.14-23.21.51:155][781]LogOnline: Warning: OSS: No game present to join for session (GameSession)
[2018.08.14-23.22.09:622][878]LogSlate: FSceneViewport::OnFocusLost() reason 2
[2018.08.14-23.22.10:622][990]LogTemp: Warning: Hear Component:  BP_Player_C_1
[2018.08.14-23.22.10:827][ 13]LogTemp: Warning: Hear Component:  BP_Player_C_1
[2018.08.14-23.22.11:036][ 37]LogTemp: Warning: Hear Component:  BP_Player_C_1
[2018.08.14-23.22.11:243][ 61]LogTemp: Warning: Hear Component:  BP_Player_C_1
[2018.08.14-23.22.11:452][ 84]LogTemp: Warning: Hear Component:  BP_Player_C_1
[2018.08.14-23.22.15:770][579]LogSlate: FSceneViewport::OnFocusLost() reason 2
[2018.08.14-23.22.18:863][933]LogSlate: FSceneViewport::OnFocusLost() reason 2
[2018.08.14-23.22.23:711][490]LogBlueprintUserMessages: Early EndPlayMap Detection: Level '/Game/Maps/FirstPersonExampleMap.FirstPersonExampleMap:PersistentLevel' has LevelScriptBlueprint '/Game/Maps/FirstPersonExampleMap.FirstPersonExampleMap:PersistentLevel.FirstPersonExampleMap' with GeneratedClass '/Game/Maps/FirstPersonExampleMap.FirstPersonExampleMap_C' with ClassGeneratedBy '/Game/Maps/FirstPersonExampleMap.FirstPersonExampleMap:PersistentLevel.FirstPersonExampleMap'
[2018.08.14-23.22.23:711][490]LogSlate: Updating window title bar state: overlay mode, drag disabled, window buttons hidden, title bar hidden
[2018.08.14-23.22.23:722][490]LogSlate: Window 'FPSGame Game Preview Client 1 (64-bit/PCD3D_SM5)' being destroyed
[2018.08.14-23.22.23:754][490]LogOnline: Warning: OSS: No game present to leave for session (GameSession)
[2018.08.14-23.22.23:755][490]LogSlate: Updating window title bar state: overlay mode, drag disabled, window buttons hidden, title bar hidden
[2018.08.14-23.22.23:763][490]LogSlate: Window 'FPSGame Game Preview Server (64-bit/PCD3D_SM5)' being destroyed
[2018.08.14-23.22.23:801][490]LogPlayLevel: Display: Shutting down PIE online subsystems
[2018.08.14-23.22.23:801][490]LogBlueprintUserMessages: Late EndPlayMap Detection: Level '/Game/Maps/FirstPersonExampleMap.FirstPersonExampleMap:PersistentLevel' has LevelScriptBlueprint '/Game/Maps/FirstPersonExampleMap.FirstPersonExampleMap:PersistentLevel.FirstPersonExampleMap' with GeneratedClass '/Game/Maps/FirstPersonExampleMap.FirstPersonExampleMap_C' with ClassGeneratedBy '/Game/Maps/FirstPersonExampleMap.FirstPersonExampleMap:PersistentLevel.FirstPersonExampleMap'
[2018.08.14-23.22.23:824][490]LogNet: UChannel::CleanUp: ChIndex == 0. Closing connection. [UChannel] ChIndex: 0, Closing: 0 [UNetConnection] RemoteAddr: 127.0.0.1:17777, Name: None, Driver: GameNetDriver None, IsServer: NO, PC: PlayerController_1, Owner: PlayerController_1, UniqueId: NULL:Salamander-62D665F844C07EF5B191978819EF6DC5
[2018.08.14-23.22.23:824][490]LogNet: UNetConnection::Close: [UNetConnection] RemoteAddr: 127.0.0.1:17777, Name: None, Driver: GameNetDriver None, IsServer: NO, PC: PlayerController_1, Owner: PlayerController_1, UniqueId: NULL:Salamander-62D665F844C07EF5B191978819EF6DC5, Channels: 12, Time: 2018.08.14-23.22.23
[2018.08.14-23.22.23:824][490]LogNet: UChannel::Close: Sending CloseBunch. ChIndex == 0. Name: [UChannel] ChIndex: 0, Closing: 0 [UNetConnection] RemoteAddr: 127.0.0.1:17777, Name: None, Driver: GameNetDriver None, IsServer: NO, PC: PlayerController_1, Owner: PlayerController_1, UniqueId: NULL:Salamander-62D665F844C07EF5B191978819EF6DC5
[2018.08.14-23.22.23:824][490]LogNet: UChannel::CleanUp: ChIndex == 0. Closing connection. [UChannel] ChIndex: 0, Closing: 0 [UNetConnection] RemoteAddr: 127.0.0.1:61534, Name: None, Driver: GameNetDriver None, IsServer: YES, PC: PlayerController_1, Owner: PlayerController_1, UniqueId: NULL:Salamander-62D665F844C07EF5B191978819EF6DC5
[2018.08.14-23.22.23:824][490]LogNet: UNetConnection::Close: [UNetConnection] RemoteAddr: 127.0.0.1:61534, Name: None, Driver: GameNetDriver None, IsServer: YES, PC: PlayerController_1, Owner: PlayerController_1, UniqueId: NULL:Salamander-62D665F844C07EF5B191978819EF6DC5, Channels: 12, Time: 2018.08.14-23.22.23
[2018.08.14-23.22.23:824][490]LogNet: UChannel::Close: Sending CloseBunch. ChIndex == 0. Name: [UChannel] ChIndex: 0, Closing: 0 [UNetConnection] RemoteAddr: 127.0.0.1:61534, Name: None, Driver: GameNetDriver None, IsServer: YES, PC: PlayerController_1, Owner: PlayerController_1, UniqueId: NULL:Salamander-62D665F844C07EF5B191978819EF6DC5
[2018.08.14-23.22.23:825][490]LogExit: GameNetDriver None shut down
[2018.08.14-23.22.23:825][490]LogExit: GameNetDriver None shut down
[2018.08.14-23.22.23:853][491]LogPlayLevel: Display: Destroying online subsystem :Context_4
[2018.08.14-23.22.23:853][491]LogPlayLevel: Display: Destroying online subsystem :Context_3
[2018.08.14-23.22.25:162][646]LogSlate: FSceneViewport::OnFocusLost() reason 2
[2018.08.14-23.22.25:282][646]LogSavePackage: Moving '../../../../../../Programming/Unreal/Multiplayer_StealthGame/StealthGame/Saved/FirstPersonExampleMapA717639645BD76A37FCC049DC1DCBCD6.tmp' to '../../../../../../Programming/Unreal/Multiplayer_StealthGame/StealthGame/Content/Maps/FirstPersonExampleMap.umap'
[2018.08.14-23.22.25:346][646]LogSavePackage: Moving '../../../../../../Programming/Unreal/Multiplayer_StealthGame/StealthGame/Saved/FirstPersonExampleMap_BuiltDataC5F58329425D0E787AAA2180FF833FD3.tmp' to '../../../../../../Programming/Unreal/Multiplayer_StealthGame/StealthGame/Content/Maps/FirstPersonExampleMap_BuiltData.uasset'
[2018.08.14-23.22.27:332][883]LogSlate: FSceneViewport::OnFocusLost() reason 0
[2018.08.14-23.22.27:578][897]LogSavePackage: Moving '../../../../../../Programming/Unreal/Multiplayer_StealthGame/StealthGame/Saved/FirstPersonExampleMap32AA986D44F0925E91E120AF446366A0.tmp' to '../../../../../../Programming/Unreal/Multiplayer_StealthGame/StealthGame/Content/Maps/FirstPersonExampleMap.umap'
[2018.08.14-23.22.27:644][897]LogSavePackage: Moving '../../../../../../Programming/Unreal/Multiplayer_StealthGame/StealthGame/Saved/FirstPersonExampleMap_BuiltData0E77149F4A51FB1BB1AC138EE9A11C5E.tmp' to '../../../../../../Programming/Unreal/Multiplayer_StealthGame/StealthGame/Content/Maps/FirstPersonExampleMap_BuiltData.uasset'
