Log file open, 07/29/18 01:12:47
LogWindows: Failed to load 'aqProf.dll' (GetLastError=126)
LogWindows: File 'aqProf.dll' does not exist
LogWindows: Failed to load 'VSPerf140.dll' (GetLastError=126)
LogWindows: File 'VSPerf140.dll' does not exist
LogWindows: Failed to load 'VtuneApi.dll' (GetLastError=126)
LogWindows: File 'VtuneApi.dll' does not exist
LogWindows: Failed to load 'VtuneApi32e.dll' (GetLastError=126)
LogWindows: File 'VtuneApi32e.dll' does not exist
LogInit: Display: Running engine for game: FPSGame
LogPlatformFile: Not using cached read wrapper
LogInit: Display: RandInit(-1454107676) SRandInit(-1454107676).
LogInit: Read version file with build ID '3709383'
LogInit: Overriding engine version to CL 3832480, compatible CL 3709383
LogInit: Registered custom module enumerator with build ID '3709383'
LogTaskGraph: Started task graph with 5 named threads and 20 total threads with 3 sets of task threads.
LogStats: Stats thread started at 0.219968
LogD3D11RHI: Aftermath initialized
LogPluginManager: Mounting plugin Paper2D
LogPluginManager: Mounting plugin LightPropagationVolume
LogPluginManager: Mounting plugin CodeLiteSourceCodeAccess
LogPluginManager: Mounting plugin GitSourceControl
LogPluginManager: Mounting plugin KDevelopSourceCodeAccess
LogPluginManager: Mounting plugin NullSourceCodeAccess
LogPluginManager: Mounting plugin PerforceSourceControl
LogPluginManager: Mounting plugin SubversionSourceControl
LogPluginManager: Mounting plugin UObjectPlugin
LogPluginManager: Mounting plugin VisualStudioCodeSourceCodeAccess
LogPluginManager: Mounting plugin VisualStudioSourceCodeAccess
LogPluginManager: Mounting plugin XCodeSourceCodeAccess
LogPluginManager: Mounting plugin AssetManagerEditor
LogPluginManager: Mounting plugin AudioCapture
LogPluginManager: Mounting plugin FacialAnimation
LogPluginManager: Mounting plugin GameplayTagsEditor
LogPluginManager: Mounting plugin MobileLauncherProfileWizard
LogPluginManager: Mounting plugin PluginBrowser
LogPluginManager: Mounting plugin SpeedTreeImporter
LogPluginManager: Mounting plugin AlembicImporter
LogPluginManager: Mounting plugin CharacterAI
LogPluginManager: Mounting plugin HTML5Networking
LogPluginManager: Mounting plugin AndroidMedia
LogPluginManager: Mounting plugin AvfMedia
LogPluginManager: Mounting plugin ImgMedia
LogPluginManager: Mounting plugin MediaCompositing
LogPluginManager: Mounting plugin MediaPlayerEditor
LogPluginManager: Mounting plugin WmfMedia
LogPluginManager: Mounting plugin TcpMessaging
LogPluginManager: Mounting plugin UdpMessaging
LogPluginManager: Mounting plugin ActorSequence
LogPluginManager: Mounting plugin LevelSequenceEditor
LogPluginManager: Mounting plugin MatineeToLevelSequence
LogPluginManager: Mounting plugin OnlineSubsystemGooglePlay
LogPluginManager: Mounting plugin OnlineSubsystemIOS
LogPluginManager: Mounting plugin OnlineSubsystem
LogPluginManager: Mounting plugin OnlineSubsystemNull
LogPluginManager: Mounting plugin OnlineSubsystemUtils
LogPluginManager: Mounting plugin AndroidDeviceProfileSelector
LogPluginManager: Mounting plugin AndroidMoviePlayer
LogPluginManager: Mounting plugin AndroidPermission
LogPluginManager: Mounting plugin AppleARKit
LogPluginManager: Mounting plugin AppleMoviePlayer
LogPluginManager: Mounting plugin ArchVisCharacter
LogPluginManager: Mounting plugin CableComponent
LogPluginManager: Mounting plugin CustomMeshComponent
LogPluginManager: Mounting plugin ExampleDeviceProfileSelector
LogPluginManager: Mounting plugin GoogleCloudMessaging
LogPluginManager: Mounting plugin ImmediatePhysics
LogPluginManager: Mounting plugin IOSDeviceProfileSelector
LogPluginManager: Mounting plugin LinuxDeviceProfileSelector
LogPluginManager: Mounting plugin LocationServicesBPLibrary
LogPluginManager: Mounting plugin MobilePatchingUtils
LogPluginManager: Mounting plugin OculusVR
LogPluginManager: Plugin shader directory ../../../Engine/Plugins/Runtime/Oculus/OculusVR/Shaders found
LogPluginManager: Mapping shader source directory ../../../Engine/Plugins/Runtime/Oculus/OculusVR/Shaders to virtual directory /Plugin/OculusVR
LogPluginManager: Mounting plugin PhysXVehicles
LogPluginManager: Mounting plugin ProceduralMeshComponent
LogPluginManager: Mounting plugin RuntimePhysXCooking
LogPluginManager: Mounting plugin SteamVR
LogPluginManager: Mounting plugin WindowsMoviePlayer
LogModuleManager: Display: Found up-to-date module file ../../../../../../Programming/Unreal/Multiplayer_StealthGame/StealthGame/Binaries/Win64/UE4Editor-FPSGame-5587.dll (API version 3709383).
LogModuleManager: Display: Found up-to-date module file ../../../Engine/Plugins/2D/Paper2D/Binaries/Win64/UE4Editor-Paper2D.dll (API version 3709383).
LogModuleManager: Display: Found up-to-date module file ../../../Engine/Plugins/2D/Paper2D/Binaries/Win64/UE4Editor-Paper2DEditor.dll (API version 3709383).
LogModuleManager: Display: Found up-to-date module file ../../../Engine/Plugins/2D/Paper2D/Binaries/Win64/UE4Editor-PaperSpriteSheetImporter.dll (API version 3709383).
LogModuleManager: Display: Found up-to-date module file ../../../Engine/Plugins/2D/Paper2D/Binaries/Win64/UE4Editor-PaperTiledImporter.dll (API version 3709383).
LogModuleManager: Display: Found up-to-date module file ../../../Engine/Plugins/2D/Paper2D/Binaries/Win64/UE4Editor-SmartSnapping.dll (API version 3709383).
LogModuleManager: Display: Found up-to-date module file ../../../Engine/Plugins/Blendables/LightPropagationVolume/Binaries/Win64/UE4Editor-LightPropagationVolumeRuntime.dll (API version 3709383).
LogModuleManager: Display: Found up-to-date module file ../../../Engine/Plugins/Blendables/LightPropagationVolume/Binaries/Win64/UE4Editor-LightPropagationVolumeEditor.dll (API version 3709383).
LogModuleManager: Display: Found up-to-date module file ../../../Engine/Plugins/Developer/GitSourceControl/Binaries/Win64/UE4Editor-GitSourceControl.dll (API version 3709383).
LogModuleManager: Display: Found up-to-date module file ../../../Engine/Plugins/Developer/PerforceSourceControl/Binaries/Win64/UE4Editor-PerforceSourceControl.dll (API version 3709383).
LogModuleManager: Display: Found up-to-date module file ../../../Engine/Plugins/Developer/SubversionSourceControl/Binaries/Win64/UE4Editor-SubversionSourceControl.dll (API version 3709383).
LogModuleManager: Display: Found up-to-date module file ../../../Engine/Plugins/Developer/UObjectPlugin/Binaries/Win64/UE4Editor-UObjectPlugin.dll (API version 3709383).
LogModuleManager: Display: Found up-to-date module file ../../../Engine/Plugins/Developer/VisualStudioCodeSourceCodeAccess/Binaries/Win64/UE4Editor-VisualStudioCodeSourceCodeAccess.dll (API version 3709383).
LogModuleManager: Display: Found up-to-date module file ../../../Engine/Plugins/Developer/VisualStudioSourceCodeAccess/Binaries/Win64/UE4Editor-VisualStudioSourceCodeAccess.dll (API version 3709383).
LogModuleManager: Display: Found up-to-date module file ../../../Engine/Plugins/Editor/AssetManagerEditor/Binaries/Win64/UE4Editor-AssetManagerEditor.dll (API version 3709383).
LogModuleManager: Display: Found up-to-date module file ../../../Engine/Plugins/Editor/AudioCapture/Binaries/Win64/UE4Editor-AudioCapture.dll (API version 3709383).
LogModuleManager: Display: Found up-to-date module file ../../../Engine/Plugins/Editor/FacialAnimation/Binaries/Win64/UE4Editor-FacialAnimation.dll (API version 3709383).
LogModuleManager: Display: Found up-to-date module file ../../../Engine/Plugins/Editor/FacialAnimation/Binaries/Win64/UE4Editor-FacialAnimationEditor.dll (API version 3709383).
LogModuleManager: Display: Found up-to-date module file ../../../Engine/Plugins/Editor/GameplayTagsEditor/Binaries/Win64/UE4Editor-GameplayTagsEditor.dll (API version 3709383).
LogModuleManager: Display: Found up-to-date module file ../../../Engine/Plugins/Editor/MobileLauncherProfileWizard/Binaries/Win64/UE4Editor-MobileLauncherProfileWizard.dll (API version 3709383).
LogModuleManager: Display: Found up-to-date module file ../../../Engine/Plugins/Editor/PluginBrowser/Binaries/Win64/UE4Editor-PluginBrowser.dll (API version 3709383).
LogModuleManager: Display: Found up-to-date module file ../../../Engine/Plugins/Editor/SpeedTreeImporter/Binaries/Win64/UE4Editor-SpeedTreeImporter.dll (API version 3709383).
LogModuleManager: Display: Found up-to-date module file ../../../Engine/Plugins/Experimental/AlembicImporter/Binaries/Win64/UE4Editor-AlembicImporter.dll (API version 3709383).
LogModuleManager: Display: Found up-to-date module file ../../../Engine/Plugins/Experimental/AlembicImporter/Binaries/Win64/UE4Editor-AlembicLibrary.dll (API version 3709383).
LogModuleManager: Display: Found up-to-date module file ../../../Engine/Plugins/Experimental/CharacterAI/Binaries/Win64/UE4Editor-CharacterAI.dll (API version 3709383).
LogModuleManager: Display: Found up-to-date module file ../../../Engine/Plugins/Experimental/HTML5Networking/Binaries/Win64/UE4Editor-HTML5Networking.dll (API version 3709383).
LogModuleManager: Display: Found up-to-date module file ../../../Engine/Plugins/Media/AndroidMedia/Binaries/Win64/UE4Editor-AndroidMediaEditor.dll (API version 3709383).
LogModuleManager: Display: Found up-to-date module file ../../../Engine/Plugins/Media/AndroidMedia/Binaries/Win64/UE4Editor-AndroidMediaFactory.dll (API version 3709383).
LogModuleManager: Display: Found up-to-date module file ../../../Engine/Plugins/Media/AvfMedia/Binaries/Win64/UE4Editor-AvfMediaEditor.dll (API version 3709383).
LogModuleManager: Display: Found up-to-date module file ../../../Engine/Plugins/Media/AvfMedia/Binaries/Win64/UE4Editor-AvfMediaFactory.dll (API version 3709383).
LogModuleManager: Display: Found up-to-date module file ../../../Engine/Plugins/Media/AvfMedia/Binaries/Win64/UE4Editor-AvfMediaFactory.dll (API version 3709383).
LogModuleManager: Display: Found up-to-date module file ../../../Engine/Plugins/Media/ImgMedia/Binaries/Win64/UE4Editor-ImgMedia.dll (API version 3709383).
LogModuleManager: Display: Found up-to-date module file ../../../Engine/Plugins/Media/ImgMedia/Binaries/Win64/UE4Editor-ImgMediaEditor.dll (API version 3709383).
LogModuleManager: Display: Found up-to-date module file ../../../Engine/Plugins/Media/ImgMedia/Binaries/Win64/UE4Editor-ImgMediaFactory.dll (API version 3709383).
LogModuleManager: Display: Found up-to-date module file ../../../Engine/Plugins/Media/ImgMedia/Binaries/Win64/UE4Editor-ImgMediaFactory.dll (API version 3709383).
LogModuleManager: Display: Found up-to-date module file ../../../Engine/Plugins/Media/ImgMedia/Binaries/Win64/UE4Editor-OpenExrWrapper.dll (API version 3709383).
LogModuleManager: Display: Found up-to-date module file ../../../Engine/Plugins/Media/MediaCompositing/Binaries/Win64/UE4Editor-MediaCompositing.dll (API version 3709383).
LogModuleManager: Display: Found up-to-date module file ../../../Engine/Plugins/Media/MediaCompositing/Binaries/Win64/UE4Editor-MediaCompositingEditor.dll (API version 3709383).
LogModuleManager: Display: Found up-to-date module file ../../../Engine/Plugins/Media/MediaPlayerEditor/Binaries/Win64/UE4Editor-MediaPlayerEditor.dll (API version 3709383).
LogModuleManager: Display: Found up-to-date module file ../../../Engine/Plugins/Media/WmfMedia/Binaries/Win64/UE4Editor-WmfMedia.dll (API version 3709383).
LogModuleManager: Display: Found up-to-date module file ../../../Engine/Plugins/Media/WmfMedia/Binaries/Win64/UE4Editor-WmfMediaEditor.dll (API version 3709383).
LogModuleManager: Display: Found up-to-date module file ../../../Engine/Plugins/Media/WmfMedia/Binaries/Win64/UE4Editor-WmfMediaFactory.dll (API version 3709383).
LogModuleManager: Display: Found up-to-date module file ../../../Engine/Plugins/Media/WmfMedia/Binaries/Win64/UE4Editor-WmfMediaFactory.dll (API version 3709383).
LogModuleManager: Display: Found up-to-date module file ../../../Engine/Plugins/Messaging/TcpMessaging/Binaries/Win64/UE4Editor-TcpMessaging.dll (API version 3709383).
LogModuleManager: Display: Found up-to-date module file ../../../Engine/Plugins/Messaging/UdpMessaging/Binaries/Win64/UE4Editor-UdpMessaging.dll (API version 3709383).
LogModuleManager: Display: Found up-to-date module file ../../../Engine/Plugins/MovieScene/ActorSequence/Binaries/Win64/UE4Editor-ActorSequence.dll (API version 3709383).
LogModuleManager: Display: Found up-to-date module file ../../../Engine/Plugins/MovieScene/LevelSequenceEditor/Binaries/Win64/UE4Editor-LevelSequenceEditor.dll (API version 3709383).
LogModuleManager: Display: Found up-to-date module file ../../../Engine/Plugins/MovieScene/MatineeToLevelSequence/Binaries/Win64/UE4Editor-MatineeToLevelSequence.dll (API version 3709383).
LogModuleManager: Display: Found up-to-date module file ../../../Engine/Plugins/Online/OnlineSubsystem/Binaries/Win64/UE4Editor-OnlineSubsystem.dll (API version 3709383).
LogModuleManager: Display: Found up-to-date module file ../../../Engine/Plugins/Online/OnlineSubsystemNull/Binaries/Win64/UE4Editor-OnlineSubsystemNull.dll (API version 3709383).
LogModuleManager: Display: Found up-to-date module file ../../../Engine/Plugins/Online/OnlineSubsystemUtils/Binaries/Win64/UE4Editor-OnlineSubsystemUtils.dll (API version 3709383).
LogModuleManager: Display: Found up-to-date module file ../../../Engine/Plugins/Online/OnlineSubsystemUtils/Binaries/Win64/UE4Editor-OnlineBlueprintSupport.dll (API version 3709383).
LogModuleManager: Display: Found up-to-date module file ../../../Engine/Plugins/Runtime/AndroidDeviceProfileSelector/Binaries/Win64/UE4Editor-AndroidDeviceProfileSelector.dll (API version 3709383).
LogModuleManager: Display: Found up-to-date module file ../../../Engine/Plugins/Runtime/AndroidPermission/Binaries/Win64/UE4Editor-AndroidPermission.dll (API version 3709383).
LogModuleManager: Display: Found up-to-date module file ../../../Engine/Plugins/Runtime/AppleARKit/Binaries/Win64/UE4Editor-AppleARKit.dll (API version 3709383).
LogModuleManager: Display: Found up-to-date module file ../../../Engine/Plugins/Runtime/ArchVisCharacter/Binaries/Win64/UE4Editor-ArchVisCharacter.dll (API version 3709383).
LogModuleManager: Display: Found up-to-date module file ../../../Engine/Plugins/Runtime/CableComponent/Binaries/Win64/UE4Editor-CableComponent.dll (API version 3709383).
LogModuleManager: Display: Found up-to-date module file ../../../Engine/Plugins/Runtime/CustomMeshComponent/Binaries/Win64/UE4Editor-CustomMeshComponent.dll (API version 3709383).
LogModuleManager: Display: Found up-to-date module file ../../../Engine/Plugins/Runtime/ExampleDeviceProfileSelector/Binaries/Win64/UE4Editor-ExampleDeviceProfileSelector.dll (API version 3709383).
LogModuleManager: Display: Found up-to-date module file ../../../Engine/Plugins/Runtime/ImmediatePhysics/Binaries/Win64/UE4Editor-ImmediatePhysics.dll (API version 3709383).
LogModuleManager: Display: Found up-to-date module file ../../../Engine/Plugins/Runtime/ImmediatePhysics/Binaries/Win64/UE4Editor-ImmediatePhysicsEditor.dll (API version 3709383).
LogModuleManager: Display: Found up-to-date module file ../../../Engine/Plugins/Runtime/LocationServicesBPLibrary/Binaries/Win64/UE4Editor-LocationServicesBPLibrary.dll (API version 3709383).
LogModuleManager: Display: Found up-to-date module file ../../../Engine/Plugins/Runtime/MobilePatchingUtils/Binaries/Win64/UE4Editor-MobilePatchingUtils.dll (API version 3709383).
LogModuleManager: Display: Found up-to-date module file ../../../Engine/Plugins/Runtime/Oculus/OculusVR/Binaries/Win64/UE4Editor-OculusHMD.dll (API version 3709383).
LogModuleManager: Display: Found up-to-date module file ../../../Engine/Plugins/Runtime/Oculus/OculusVR/Binaries/Win64/UE4Editor-OculusInput.dll (API version 3709383).
LogModuleManager: Display: Found up-to-date module file ../../../Engine/Plugins/Runtime/Oculus/OculusVR/Binaries/Win64/UE4Editor-OculusEditor.dll (API version 3709383).
LogModuleManager: Display: Found up-to-date module file ../../../Engine/Plugins/Runtime/PhysXVehicles/Binaries/Win64/UE4Editor-PhysXVehicles.dll (API version 3709383).
LogModuleManager: Display: Found up-to-date module file ../../../Engine/Plugins/Runtime/PhysXVehicles/Binaries/Win64/UE4Editor-PhysXVehiclesEditor.dll (API version 3709383).
LogModuleManager: Display: Found up-to-date module file ../../../Engine/Plugins/Runtime/ProceduralMeshComponent/Binaries/Win64/UE4Editor-ProceduralMeshComponent.dll (API version 3709383).
LogModuleManager: Display: Found up-to-date module file ../../../Engine/Plugins/Runtime/ProceduralMeshComponent/Binaries/Win64/UE4Editor-ProceduralMeshComponentEditor.dll (API version 3709383).
LogModuleManager: Display: Found up-to-date module file ../../../Engine/Plugins/Runtime/RuntimePhysXCooking/Binaries/Win64/UE4Editor-RuntimePhysXCooking.dll (API version 3709383).
LogModuleManager: Display: Found up-to-date module file ../../../Engine/Plugins/Runtime/Steam/SteamVR/Binaries/Win64/UE4Editor-SteamVR.dll (API version 3709383).
LogModuleManager: Display: Found up-to-date module file ../../../Engine/Plugins/Runtime/Steam/SteamVR/Binaries/Win64/UE4Editor-SteamVRController.dll (API version 3709383).
LogModuleManager: Display: Found up-to-date module file ../../../Engine/Plugins/Runtime/WindowsMoviePlayer/Binaries/Win64/UE4Editor-WindowsMoviePlayer.dll (API version 3709383).
LogInit: Using libcurl 7.47.1
LogInit:  - built for x86_64-pc-win32
LogInit:  - supports SSL with OpenSSL/1.0.2g
LogInit:  - supports HTTP deflate (compression) using libz 1.2.8
LogInit:  - other features:
LogInit:      CURL_VERSION_SSL
LogInit:      CURL_VERSION_LIBZ
LogInit:      CURL_VERSION_IPV6
LogInit:      CURL_VERSION_ASYNCHDNS
LogInit:      CURL_VERSION_LARGEFILE
LogInit:      CURL_VERSION_IDN
LogInit:  CurlRequestOptions (configurable via config and command line):
LogInit:  - bVerifyPeer = false  - Libcurl will NOT verify peer certificate
LogInit:  - bUseHttpProxy = false  - Libcurl will NOT use HTTP proxy
LogInit:  - bDontReuseConnections = false  - Libcurl will reuse connections
LogInit:  - CertBundlePath = nullptr  - Libcurl will use whatever was configured at build time.
LogInit: Build: ++UE4+Release-4.18-CL-3832480
LogInit: Engine Version: 4.18.3-3832480+++UE4+Release-4.18
LogInit: Compatible Engine Version: 4.18.0-3709383+++UE4+Release-4.18
LogInit: Net CL: 3709383
LogDevObjectVersion: Number of dev versions registered: 16
LogDevObjectVersion:   Dev-Blueprints (B0D832E4-1F89-4F0D-ACCF-7EB736FD4AA2): 10
LogDevObjectVersion:   Dev-Build (E1C64328-A22C-4D53-A36C-8E866417BD8C): 0
LogDevObjectVersion:   Dev-Core (375EC13C-06E4-48FB-B500-84F0262A717E): 2
LogDevObjectVersion:   Dev-Editor (E4B068ED-F494-42E9-A231-DA0B2E46BB41): 20
LogDevObjectVersion:   Dev-Framework (CFFC743F-43B0-4480-9391-14DF171D2073): 30
LogDevObjectVersion:   Dev-Mobile (B02B49B5-BB20-44E9-A304-32B752E40360): 0
LogDevObjectVersion:   Dev-Networking (A4E4105C-59A1-49B5-A7C5-40C4547EDFEE): 0
LogDevObjectVersion:   Dev-Online (39C831C9-5AE6-47DC-9A44-9C173E1C8E7C): 0
LogDevObjectVersion:   Dev-Physics (78F01B33-EBEA-4F98-B9B4-84EACCB95AA2): 0
LogDevObjectVersion:   Dev-Platform (6631380F-2D4D-43E0-8009-CF276956A95A): 0
LogDevObjectVersion:   Dev-Rendering (12F88B9F-8875-4AFC-A67C-D90C383ABD29): 20
LogDevObjectVersion:   Dev-Sequencer (7B5AE74C-D270-4C10-A958-57980B212A5A): 4
LogDevObjectVersion:   Dev-VR (D7296918-1DD6-4BDD-9DE2-64A83CC13884): 0
LogDevObjectVersion:   Dev-LoadTimes (C2A15278-BFE7-4AFE-6C17-90FF531DF755): 1
LogDevObjectVersion:   Private-Geometry (6EACA3D4-40EC-4CC1-B786-8BED09428FC5): 1
LogDevObjectVersion:   Dev-AnimPhys (29E575DD-E0A3-4627-9D10-D276232CDCEA): 12
LogInit: Compiled (64-bit): Jan 12 2018 02:04:55
LogInit: Compiled with Visual C++: 19.00.24215.01
LogInit: Build Configuration: Development
LogInit: Branch Name: ++UE4+Release-4.18
LogInit: Command line:  
LogInit: Base directory: N:/Program Files/EpicGames/UE_4.18/Engine/Binaries/Win64/
LogInit: Installed Engine Build: 1
LogInit: Presizing for max 8388607 objects, including 0 objects not considered by GC, pre-allocating 0 bytes for permanent pool.
LogInit: Object subsystem initialized
[2018.07.28-23.12.48:459][  0]LogInit: Selected Device Profile: [Windows]
[2018.07.28-23.12.48:459][  0]LogInit: Applying CVar settings loaded from the selected device profile: [Windows]
[2018.07.28-23.12.48:464][  0]LogInit: Computer: SALAMANDER
[2018.07.28-23.12.48:464][  0]LogInit: User: morga
[2018.07.28-23.12.48:464][  0]LogInit: CPU Page size=4096, Cores=6
[2018.07.28-23.12.48:464][  0]LogInit: High frequency timer resolution =3.609377 MHz
[2018.07.28-23.12.48:465][  0]LogMemory: Memory total: Physical=15.9GB (16GB approx)
[2018.07.28-23.12.48:465][  0]LogMemory: Platform Memory Stats for Windows
[2018.07.28-23.12.48:465][  0]LogMemory: Process Physical Memory: 272.39 MB used, 272.39 MB peak
[2018.07.28-23.12.48:465][  0]LogMemory: Process Virtual Memory: 272.34 MB used, 272.34 MB peak
[2018.07.28-23.12.48:465][  0]LogMemory: Physical Memory: 5896.39 MB used,  10416.69 MB free, 16313.08 MB total
[2018.07.28-23.12.48:465][  0]LogMemory: Virtual Memory: 4781.51 MB used,  10416.69 MB free, 134217728.00 MB total
[2018.07.28-23.12.48:543][  0]LogInit: Using OS detected language (en-GB).
[2018.07.28-23.12.48:543][  0]LogInit: Using OS detected locale (en-GB).
[2018.07.28-23.12.48:544][  0]LogTextLocalizationManager: No specific localization for 'en-GB' exists, so the 'en' localization will be used.
[2018.07.28-23.12.48:840][  0]LogInit: Setting process to per monitor DPI aware
[2018.07.28-23.12.48:982][  0]LogD3D11RHI: D3D11 adapters:
[2018.07.28-23.12.49:018][  0]LogD3D11RHI:    0. 'NVIDIA GeForce GTX 1080 Ti' (Feature Level 11_0)
[2018.07.28-23.12.49:018][  0]LogD3D11RHI:       11127/0/8156 MB DedicatedVideo/DedicatedSystem/SharedSystem, Outputs:1, VendorId:0x10de
[2018.07.28-23.12.49:020][  0]LogD3D11RHI:    1. 'Microsoft Basic Render Driver' (Feature Level 11_0)
[2018.07.28-23.12.49:020][  0]LogD3D11RHI:       0/0/8156 MB DedicatedVideo/DedicatedSystem/SharedSystem, Outputs:0, VendorId:0x1414
[2018.07.28-23.12.49:020][  0]LogD3D11RHI: Chosen D3D11 Adapter: 0
[2018.07.28-23.12.49:025][  0]LogD3D11RHI: Creating new Direct3DDevice
[2018.07.28-23.12.49:025][  0]LogD3D11RHI:     GPU DeviceId: 0x1b06 (for the marketing name, search the web for "GPU Device Id")
[2018.07.28-23.12.49:025][  0]LogWindows: EnumDisplayDevices:
[2018.07.28-23.12.49:025][  0]LogWindows:    0. 'NVIDIA GeForce GTX 1080 Ti' (P:1 D:1)
[2018.07.28-23.12.49:025][  0]LogWindows:    1. 'NVIDIA GeForce GTX 1080 Ti' (P:0 D:0)
[2018.07.28-23.12.49:025][  0]LogWindows:    2. 'NVIDIA GeForce GTX 1080 Ti' (P:0 D:0)
[2018.07.28-23.12.49:025][  0]LogWindows:    3. 'NVIDIA GeForce GTX 1080 Ti' (P:0 D:0)
[2018.07.28-23.12.49:025][  0]LogWindows: DebugString: GetVideoDriverDetailsInvalid PrimaryIsNotTheChoosenAdapter GetVideoDriverDetailsInvalid PrimaryIsNotTheChoosenAdapter GetVideoDriverDetailsInvalid PrimaryIsNotTheChoosenAdapter GetVideoDriverDetailsInvalid PrimaryIsNotTheChoosenAdapter FoundDriverCount:0 
[2018.07.28-23.12.49:025][  0]LogD3D11RHI:     Adapter Name: NVIDIA GeForce GTX 1080 Ti
[2018.07.28-23.12.49:025][  0]LogD3D11RHI:   Driver Version: Unknown (internal:Unknown, unified:Unknown)
[2018.07.28-23.12.49:025][  0]LogD3D11RHI:      Driver Date: Unknown
[2018.07.28-23.12.49:025][  0]LogRHI: Texture pool is 7788 MB (70% of 11127 MB)
[2018.07.28-23.12.49:052][  0]LogD3D11RHI: Async texture creation enabled
[2018.07.28-23.12.49:070][  0]LogD3D11RHI: GPU Timing Frequency: 1000.000000 (Debug: 2 2)
[2018.07.28-23.12.49:112][  0]LogShaderCompilers: Guid format shader working directory is -26 characters bigger than the processId version (../../../../../../Programming/Unreal/Multiplayer_StealthGame/StealthGame/Intermediate/Shaders/WorkingDirectory/3728/).
[2018.07.28-23.12.49:112][  0]LogShaderCompilers: Cleaned the shader compiler working directory 'C:/Users/morga/AppData/Local/Temp/UnrealShaderWorkingDir/01B7956C4C7ED71670C2CF8CB70CDA33/'.
[2018.07.28-23.12.49:112][  0]LogShaderCompilers: Display: Using Local Shader Compiler.
[2018.07.28-23.12.49:689][  0]LogTemp: Display: Loaded TP AllDesktopTargetPlatform
[2018.07.28-23.12.49:717][  0]LogTemp: Display: Loaded TP MacClientTargetPlatform
[2018.07.28-23.12.49:746][  0]LogTemp: Display: Loaded TP MacNoEditorTargetPlatform
[2018.07.28-23.12.49:775][  0]LogTemp: Display: Loaded TP MacServerTargetPlatform
[2018.07.28-23.12.49:804][  0]LogTemp: Display: Loaded TP MacTargetPlatform
[2018.07.28-23.12.49:833][  0]LogTemp: Display: Loaded TP WindowsClientTargetPlatform
[2018.07.28-23.12.49:861][  0]LogTemp: Display: Loaded TP WindowsNoEditorTargetPlatform
[2018.07.28-23.12.49:891][  0]LogTemp: Display: Loaded TP WindowsServerTargetPlatform
[2018.07.28-23.12.49:915][  0]LogTemp: Display: Loaded TP WindowsTargetPlatform
[2018.07.28-23.12.49:944][  0]LogTemp: Display: Loaded TP Android_ASTCTargetPlatform
[2018.07.28-23.12.49:973][  0]LogTemp: Display: Loaded TP Android_ATCTargetPlatform
[2018.07.28-23.12.50:001][  0]LogTemp: Display: Loaded TP Android_DXTTargetPlatform
[2018.07.28-23.12.50:030][  0]LogTemp: Display: Loaded TP Android_ETC1TargetPlatform
[2018.07.28-23.12.50:058][  0]LogTemp: Display: Loaded TP Android_ETC2TargetPlatform
[2018.07.28-23.12.50:114][  0]LogTemp: Display: Loaded TP Android_MultiTargetPlatform
[2018.07.28-23.12.50:115][  0]LogTemp: Display: Loaded TP Android_PVRTCTargetPlatform
[2018.07.28-23.12.50:146][  0]LogTemp: Display: Loaded TP AndroidTargetPlatform
[2018.07.28-23.12.50:166][  0]LogTemp: Display: Loaded TP HTML5TargetPlatform
[2018.07.28-23.12.50:227][  0]LogTemp: Display: Loaded TP IOSTargetPlatform
[2018.07.28-23.12.50:244][  0]LogTemp: Display: Loaded TP TVOSTargetPlatform
[2018.07.28-23.12.50:271][  0]LogTemp: Display: Loaded TP LinuxClientTargetPlatform
[2018.07.28-23.12.50:301][  0]LogTemp: Display: Loaded TP LinuxNoEditorTargetPlatform
[2018.07.28-23.12.50:333][  0]LogTemp: Display: Loaded TP LinuxServerTargetPlatform
[2018.07.28-23.12.50:363][  0]LogTemp: Display: Loaded TP LinuxTargetPlatform
[2018.07.28-23.12.50:363][  0]LogTargetPlatformManager: Display: Building Assets For Windows
[2018.07.28-23.12.50:612][  0]LogDerivedDataCache: Display: Max Cache Size: 512 MB
[2018.07.28-23.12.50:672][  0]LogDerivedDataCache: Loaded boot cache 0.06s 81MB C:/Users/morga/AppData/Local/UnrealEngine/4.18/DerivedDataCache/Boot.ddc.
[2018.07.28-23.12.50:672][  0]LogDerivedDataCache: Display: Loaded Boot cache: C:/Users/morga/AppData/Local/UnrealEngine/4.18/DerivedDataCache/Boot.ddc
[2018.07.28-23.12.50:672][  0]LogDerivedDataCache: FDerivedDataBackendGraph:  Pak pak cache file ../../../../../../Programming/Unreal/Multiplayer_StealthGame/StealthGame/DerivedDataCache/DDC.ddp not found, will not use a pak cache.
[2018.07.28-23.12.50:673][  0]LogDerivedDataCache: Unable to find inner node Pak for hierarchical cache Hierarchy.
[2018.07.28-23.12.50:673][  0]LogDerivedDataCache: FDerivedDataBackendGraph:  CompressedPak pak cache file ../../../../../../Programming/Unreal/Multiplayer_StealthGame/StealthGame/DerivedDataCache/Compressed.ddp not found, will not use a pak cache.
[2018.07.28-23.12.50:673][  0]LogDerivedDataCache: Unable to find inner node CompressedPak for hierarchical cache Hierarchy.
[2018.07.28-23.12.50:685][  0]LogDerivedDataCache: Display: Pak cache opened for reading ../../../Engine/DerivedDataCache/Compressed.ddp.
[2018.07.28-23.12.50:697][  0]LogDerivedDataCache: Using Local data cache path C:/Users/morga/AppData/Local/UnrealEngine/Common/DerivedDataCache: Writable
[2018.07.28-23.12.50:704][  0]LogMaterial: Verifying Global Shaders for PCD3D_SM5
[2018.07.28-23.12.50:704][  0]LogSlate: Using Freetype 2.6.0
[2018.07.28-23.12.50:704][  0]LogSlate: SlateFontCache - WITH_FREETYPE: 1, WITH_HARFBUZZ: 1
[2018.07.28-23.12.50:704][  0]LogSlate: SlateFontCache - WITH_FREETYPE: 1, WITH_HARFBUZZ: 1
[2018.07.28-23.12.50:944][  0]LogInit: Selected Device Profile: [Windows]
[2018.07.28-23.12.51:131][  0]LogSimplygon: Simplygon DLL not present - disabling.
[2018.07.28-23.12.51:157][  0]LogMeshReduction: Using SimplygonSwarm for distributed automatic mesh merging
[2018.07.28-23.12.51:157][  0]LogMeshReduction: Using QuadricMeshReduction for automatic static mesh reduction
[2018.07.28-23.12.51:157][  0]LogMeshReduction: No automatic skeletal mesh reduction module available
[2018.07.28-23.12.51:157][  0]LogMeshReduction: No automatic mesh merging module available
[2018.07.28-23.12.51:157][  0]LogMeshMerging: No automatic mesh merging module available
[2018.07.28-23.12.51:176][  0]LogNetVersion: FPSGame , NetCL: 3709383, EngineNetVer: 2, GameNetVer: 0 (Checksum: 875609505)
[2018.07.28-23.12.51:281][  0]LogAssetRegistry: FAssetRegistry took 0.0247 seconds to start up
[2018.07.28-23.12.51:617][  0]LogPackageLocalizationCache: Processed 7 localized package path(s) for 2 prioritized culture(s) in 0.037277 seconds
[2018.07.28-23.12.51:624][  0]LogUObjectArray: 35870 objects as part of root set at end of initial load.
[2018.07.28-23.12.51:624][  0]LogUObjectAllocator: 7363696 out of 0 bytes used by permanent object pool.
[2018.07.28-23.12.51:624][  0]LogUObjectArray: CloseDisregardForGC: 0/0 objects in disregard for GC pool
[2018.07.28-23.12.51:656][  0]LogInit: WinSock: version 1.1 (2.2), MaxSocks=32767, MaxUdp=65467
[2018.07.28-23.12.53:409][  0]LogTcpMessaging: Initializing TcpMessaging bridge
[2018.07.28-23.12.53:439][  0]LogUdpMessaging: Initializing bridge on interface 0.0.0.0:0 to multicast group 230.0.0.1:6666.
[2018.07.28-23.12.53:934][  0]LogMaterial: Uniform references updated for custom material expression Custom.
[2018.07.28-23.12.54:171][  0]SourceControl: Source control is disabled
[2018.07.28-23.12.54:171][  0]SourceControl: Source control is disabled
[2018.07.28-23.12.54:198][  0]SourceControl: Source control is disabled
[2018.07.28-23.12.54:225][  0]SourceControl: Source control is disabled
[2018.07.28-23.12.54:679][  0]LogAndroidPermission: UAndroidPermissionCallbackProxy::GetInstance
[2018.07.28-23.12.54:839][  0]LogOcInput: OculusInput pre-init called
[2018.07.28-23.12.54:986][  0]LogEngine: Initializing Engine...
[2018.07.28-23.12.54:989][  0]LogHMD: Failed to initialize OpenVR with code 105
[2018.07.28-23.12.55:167][  0]LogStats: UGameplayTagsManager::ConstructGameplayTagTree: Construct from data asset -  0.000 s
[2018.07.28-23.12.55:167][  0]LogStats: UGameplayTagsManager::ConstructGameplayTagTree: GameplayTagTreeChangedEvent.Broadcast -  0.000 s
[2018.07.28-23.12.55:251][  0]LogAIModule: Creating AISystem for world Untitled
[2018.07.28-23.12.55:259][  0]LogInit: XAudio2 using 'Speakers (ASUS ROG Spitfire)' : 2 channels at 48 kHz using 16 bits per sample (channel mask 0x3)
[2018.07.28-23.12.55:270][  0]LogInit: FAudioDevice initialized.
[2018.07.28-23.12.55:343][  0]LogDerivedDataCache: Saved boot cache 0.07s 79MB C:/Users/morga/AppData/Local/UnrealEngine/4.18/DerivedDataCache/Boot.ddc.
[2018.07.28-23.12.55:357][  0]LogInit: Texture streaming: Enabled
[2018.07.28-23.12.55:411][  0]LogEngineSessionManager: EngineSessionManager initialized
[2018.07.28-23.12.55:483][  0]LogInit: Transaction tracking system initialized
[2018.07.28-23.12.55:672][  0]BlueprintLog: New page: Editor Load
[2018.07.28-23.12.56:255][  0]LocalizationService: Localization service is disabled
[2018.07.28-23.12.56:698][  0]LogConsoleResponse: Display: 
[2018.07.28-23.12.56:831][  0]LogCook: Display: Max memory allowance for cook 16384mb min free memory 0mb
[2018.07.28-23.12.56:831][  0]LogCook: Display: Mobile HDR setting 1
[2018.07.28-23.12.56:831][  0]LogGameplayTags: Display: UGameplayTagsManager::DoneAddingNativeTags. DelegateIsBound: 0
[2018.07.28-23.12.56:971][  0]LogFileCache: Scanning file cache for directory 'N:/Programming/Unreal/Multiplayer_StealthGame/StealthGame/Content/' took 0.01s
[2018.07.28-23.12.57:470][  0]SourceControl: Source control is disabled
[2018.07.28-23.12.57:470][  0]Cmd: MAP LOAD FILE="../../../../../../Programming/Unreal/Multiplayer_StealthGame/StealthGame/Content/Maps/FirstPersonExampleMap.umap" TEMPLATE=0 SHOWPROGRESS=1 FEATURELEVEL=3
[2018.07.28-23.12.57:470][  0]LightingResults: New page: Lighting Build
[2018.07.28-23.12.57:492][  0]MapCheck: New page: Map Check
[2018.07.28-23.12.57:492][  0]LightingResults: New page: Lighting Build
[2018.07.28-23.12.57:551][  0]LogAIModule: Creating AISystem for world FirstPersonExampleMap
[2018.07.28-23.12.57:557][  0]LogEditorServer: Finished looking for orphan Actors (0.000 secs)
[2018.07.28-23.12.57:568][  0]Cmd: MAP CHECKDEP NOCLEARLOG
[2018.07.28-23.12.57:592][  0]MapCheck: Map check complete: 0 Error(s), 0 Warning(s), took 23.869ms to complete.
[2018.07.28-23.12.57:592][  0]LogFileHelpers: Loading map 'FirstPersonExampleMap' took 0.122
[2018.07.28-23.12.57:728][  0]LogCollectionManager: Loaded 0 collections in 0.000667 seconds
[2018.07.28-23.12.57:788][  0]LogFileCache: Scanning file cache for directory 'N:/Programming/Unreal/Multiplayer_StealthGame/StealthGame/Saved/Collections/' took 0.01s
[2018.07.28-23.12.57:788][  0]LogFileCache: Scanning file cache for directory 'N:/Programming/Unreal/Multiplayer_StealthGame/StealthGame/Content/Developers/morga/Collections/' took 0.01s
[2018.07.28-23.12.57:788][  0]LogFileCache: Scanning file cache for directory 'N:/Programming/Unreal/Multiplayer_StealthGame/StealthGame/Content/Collections/' took 0.01s
[2018.07.28-23.12.57:788][  0]LogCollectionManager: Rebuilt the GUID cache for 0 collections in 0.000000 seconds
[2018.07.28-23.12.57:794][  0]LogContentBrowser: Native class hierarchy populated in 0.0063 seconds. Added 2369 classes and 524 folders.
[2018.07.28-23.12.57:968][  0]LogContentBrowser: Native class hierarchy updated for 'WidgetCarousel' in 0.0007 seconds. Added 0 classes and 0 folders.
[2018.07.28-23.12.57:989][  0]LogContentBrowser: Native class hierarchy updated for 'AddContentDialog' in 0.0004 seconds. Added 0 classes and 0 folders.
[2018.07.28-23.12.58:014][  0]LogSlate: Took 0.000211 seconds to synchronously load lazily loaded font '../../../Engine/Content/Slate/Fonts/Roboto-Regular.ttf' (155K)
[2018.07.28-23.12.58:021][  0]LogSlate: Took 0.000312 seconds to synchronously load lazily loaded font '../../../Engine/Content/Slate/Fonts/Roboto-Bold.ttf' (160K)
[2018.07.28-23.12.58:024][  0]LogSlate: Took 0.000168 seconds to synchronously load lazily loaded font '../../../Engine/Content/Editor/Slate/Fonts/FontAwesome.ttf' (139K)
[2018.07.28-23.12.58:097][  0]LogRenderer: Reallocating scene render targets to support 1624x892 Format 10 NumSamples 1 (Frame:1).
[2018.07.28-23.12.58:250][  0]LogContentBrowser: Native class hierarchy updated for 'HierarchicalLODOutliner' in 0.0005 seconds. Added 1 classes and 2 folders.
[2018.07.28-23.12.58:251][  0]LogLoad: (Engine Initialization) Total time: 11.43 seconds
[2018.07.28-23.12.58:251][  0]LogLoad: (Engine Initialization) Total Blueprint compile time: 0.00 seconds
[2018.07.28-23.12.58:251][  0]LogExternalProfiler: No external profilers were discovered.  External profiling features will not be available.
[2018.07.28-23.12.58:603][  0]LogAssetRegistry: Asset discovery search completed in 7.3441 seconds
[2018.07.28-23.12.58:604][  0]LogCollectionManager: Rebuilt the object cache for 0 collections in 0.000000 seconds (found 0 objects)
[2018.07.28-23.12.58:604][  0]LogCollectionManager: Fixed up redirectors for 0 collections in 0.000049 seconds (updated 0 objects)
[2018.07.28-23.12.58:607][  0]LogContentStreaming: Texture pool size now 1000 MB
[2018.07.28-23.50.43:779][974]LogTemp: Repeating last play command: Selected Viewport
[2018.07.28-23.50.43:812][974]LogBlueprintUserMessages: Early PlayInEditor Detection: Level '/Game/Maps/FirstPersonExampleMap.FirstPersonExampleMap:PersistentLevel' has LevelScriptBlueprint '/Game/Maps/FirstPersonExampleMap.FirstPersonExampleMap:PersistentLevel.FirstPersonExampleMap' with GeneratedClass '/Game/Maps/FirstPersonExampleMap.FirstPersonExampleMap_C' with ClassGeneratedBy '/Game/Maps/FirstPersonExampleMap.FirstPersonExampleMap:PersistentLevel.FirstPersonExampleMap'
[2018.07.28-23.50.43:827][974]LogPlayLevel: PlayLevel: No blueprints needed recompiling
[2018.07.28-23.50.43:853][974]PIE: New page: PIE session: FirstPersonExampleMap (29 Jul 2018 03:50:43)
[2018.07.28-23.50.43:867][974]LogPlayLevel: Creating play world package: /Game/Maps/UEDPIE_0_FirstPersonExampleMap
[2018.07.28-23.50.43:927][974]LogPlayLevel: PIE: StaticDuplicateObject took: (0.060259s)
[2018.07.28-23.50.43:928][974]LogAIModule: Creating AISystem for world FirstPersonExampleMap
[2018.07.28-23.50.43:928][974]LogPlayLevel: PIE: World Init took: (0.000823s)
[2018.07.28-23.50.43:928][974]LogPlayLevel: PIE: Created PIE world by copying editor world from /Game/Maps/FirstPersonExampleMap.FirstPersonExampleMap to /Game/Maps/UEDPIE_0_FirstPersonExampleMap.FirstPersonExampleMap (0.061559s)
[2018.07.28-23.50.43:952][974]LogInit: XAudio2 using 'Speakers (ASUS ROG Spitfire)' : 2 channels at 48 kHz using 16 bits per sample (channel mask 0x3)
[2018.07.28-23.50.43:958][974]LogInit: FAudioDevice initialized.
[2018.07.28-23.50.44:052][974]LogLoad: Game class is 'FPSGameMode'
[2018.07.28-23.50.44:152][974]LogWorld: Bringing World /Game/Maps/UEDPIE_0_FirstPersonExampleMap.FirstPersonExampleMap up for play (max tick rate 0) at 2018.07.29-01.50.44
[2018.07.28-23.50.44:181][974]LogWorld: Bringing up level for play took: 0.041943
[2018.07.28-23.50.44:299][974]LogContentBrowser: Native class hierarchy updated for 'MovieSceneCapture' in 0.0005 seconds. Added 11 classes and 0 folders.
[2018.07.28-23.50.44:311][974]PIE: Play in editor start time for /Game/Maps/UEDPIE_0_FirstPersonExampleMap -0.437
[2018.07.28-23.50.44:311][974]LogBlueprintUserMessages: Late PlayInEditor Detection: Level '/Game/Maps/FirstPersonExampleMap.FirstPersonExampleMap:PersistentLevel' has LevelScriptBlueprint '/Game/Maps/FirstPersonExampleMap.FirstPersonExampleMap:PersistentLevel.FirstPersonExampleMap' with GeneratedClass '/Game/Maps/FirstPersonExampleMap.FirstPersonExampleMap_C' with ClassGeneratedBy '/Game/Maps/FirstPersonExampleMap.FirstPersonExampleMap:PersistentLevel.FirstPersonExampleMap'
[2018.07.28-23.51.26:829][ 31]LogBlueprintUserMessages: Early EndPlayMap Detection: Level '/Game/Maps/FirstPersonExampleMap.FirstPersonExampleMap:PersistentLevel' has LevelScriptBlueprint '/Game/Maps/FirstPersonExampleMap.FirstPersonExampleMap:PersistentLevel.FirstPersonExampleMap' with GeneratedClass '/Game/Maps/FirstPersonExampleMap.FirstPersonExampleMap_C' with ClassGeneratedBy '/Game/Maps/FirstPersonExampleMap.FirstPersonExampleMap:PersistentLevel.FirstPersonExampleMap'
[2018.07.28-23.51.26:916][ 31]LogBlueprintUserMessages: Late EndPlayMap Detection: Level '/Game/Maps/FirstPersonExampleMap.FirstPersonExampleMap:PersistentLevel' has LevelScriptBlueprint '/Game/Maps/FirstPersonExampleMap.FirstPersonExampleMap:PersistentLevel.FirstPersonExampleMap' with GeneratedClass '/Game/Maps/FirstPersonExampleMap.FirstPersonExampleMap_C' with ClassGeneratedBy '/Game/Maps/FirstPersonExampleMap.FirstPersonExampleMap:PersistentLevel.FirstPersonExampleMap'
[2018.07.28-23.58.42:043][228]LogSlate: Took 0.000105 seconds to synchronously load lazily loaded font '../../../Engine/Content/Slate/Fonts/Roboto-Light.ttf' (159K)
[2018.07.28-23.58.42:252][228]LogContentBrowser: Native class hierarchy updated for 'BlueprintGraph' in 0.0007 seconds. Added 116 classes and 0 folders.
[2018.07.28-23.58.42:687][228]LogSlate: Took 0.000086 seconds to synchronously load lazily loaded font '../../../Engine/Content/Slate/Fonts/Roboto-Regular.ttf' (155K)
[2018.07.28-23.58.44:547][398]LogSlate: Took 0.000132 seconds to synchronously load lazily loaded font '../../../Engine/Content/Editor/Slate/Fonts/Roboto-BoldCondensed.ttf' (158K)
[2018.07.28-23.58.48:403][827]LogSlate: Took 0.000135 seconds to synchronously load lazily loaded font '../../../Engine/Content/Editor/Slate/Fonts/Roboto-Italic.ttf' (157K)
[2018.07.29-00.00.37:646][879]LogHotReload: New module detected: UE4Editor-FPSGame-6309.dll
[2018.07.29-00.00.38:322][882]LogHotReload: Starting Hot-Reload from IDE
[2018.07.29-00.00.38:383][882]LogClass: Could not find existing class FPSObjectiveActor in package /Script/FPSGame for HotReload, assuming new class
[2018.07.29-00.00.38:388][882]LogHotReload: Re-instancing FPSObjectiveActor after hot-reload.
[2018.07.29-00.00.38:598][882]LogContentBrowser: Native class hierarchy updated for 'FPSGame' in 0.0004 seconds. Added 5 classes and 3 folders.
[2018.07.29-00.00.38:600][882]Display: HotReload successful (1 functions remapped  0 scriptstructs remapped)
[2018.07.29-00.00.38:897][882]LogContentBrowser: Native class hierarchy populated in 0.0072 seconds. Added 2370 classes and 526 folders.
[2018.07.29-00.00.38:902][882]Display: HotReload took  0.6s.
[2018.07.29-00.00.47:120][752]LogSlate: Took 0.000129 seconds to synchronously load lazily loaded font '../../../Engine/Content/Slate/Fonts/Roboto-Light.ttf' (159K)
[2018.07.29-00.28.58:157][395]LogHotReload: New module detected: UE4Editor-FPSGame-9110.dll
[2018.07.29-00.28.58:835][398]LogHotReload: Starting Hot-Reload from IDE
[2018.07.29-00.28.58:901][398]LogClass: Could not find existing class FPSObjectiveActor in package /Script/FPSGame for HotReload, assuming new class
[2018.07.29-00.28.58:907][398]LogHotReload: Re-instancing FPSObjectiveActor after hot-reload.
[2018.07.29-00.28.59:134][398]LogContentBrowser: Native class hierarchy updated for 'FPSGame' in 0.0004 seconds. Added 5 classes and 3 folders.
[2018.07.29-00.28.59:136][398]Display: HotReload successful (1 functions remapped  0 scriptstructs remapped)
[2018.07.29-00.28.59:348][398]LogContentBrowser: Native class hierarchy populated in 0.0063 seconds. Added 2370 classes and 526 folders.
[2018.07.29-00.28.59:352][398]Display: HotReload took  0.5s.
[2018.07.29-00.29.27:161][969]LogRenderer: Reallocating scene render targets to support 1624x1000 Format 10 NumSamples 1 (Frame:1).
[2018.07.29-00.29.45:083][111]LogPhysics: Warning: Initialising Body : Scale3D is (nearly) zero: Component: '/Engine/Transient.World_3:PersistentLevel.BP_FPSObjectiveActor_C_1.Mesh Component' 
[2018.07.29-00.29.45:083][111]LogPhysics: Warning: Initialising Body : Scale3D is (nearly) zero: Component: '/Engine/Transient.World_3:PersistentLevel.BP_FPSObjectiveActor_C_1.Mesh Component' 
[2018.07.29-00.29.45:083][111]LogPhysics: Warning: Initialising Body : Scale3D is (nearly) zero: Component: '/Engine/Transient.World_3:PersistentLevel.BP_FPSObjectiveActor_C_1.Sphere Component' 
[2018.07.29-00.29.45:083][111]LogPhysics: Warning: Initialising Body : Scale3D is (nearly) zero: Component: '/Engine/Transient.World_3:PersistentLevel.BP_FPSObjectiveActor_C_1.Mesh Component' 
[2018.07.29-00.29.45:083][111]LogPhysics: Warning: Initialising Body : Scale3D is (nearly) zero: Component: '/Engine/Transient.World_3:PersistentLevel.BP_FPSObjectiveActor_C_1.Sphere Component' 
[2018.07.29-00.29.45:087][111]LogPhysics: Warning: Initialising Body : Scale3D is (nearly) zero: Component: '/Engine/Transient.World_3:PersistentLevel.BP_FPSObjectiveActor_C_1.Mesh Component' 
[2018.07.29-00.29.45:087][111]LogPhysics: Warning: Initialising Body : Scale3D is (nearly) zero: Component: '/Engine/Transient.World_3:PersistentLevel.BP_FPSObjectiveActor_C_1.Sphere Component' 
[2018.07.29-00.30.05:697][570]BlueprintLog: New page: Compile BP_FPSObjectiveActor
[2018.07.29-00.30.06:235][586]LogSavePackage: Save=11.75ms
[2018.07.29-00.30.06:235][586]LogSavePackage: Moving '../../../../../../Programming/Unreal/Multiplayer_StealthGame/StealthGame/Saved/BP_FPSObjectiveActor779260194AED1A96DBD9F796A33F3F5B.tmp' to '../../../../../../Programming/Unreal/Multiplayer_StealthGame/StealthGame/Content/Blueprints/BP_FPSObjectiveActor.uasset'
[2018.07.29-00.30.06:236][586]LogSavePackage: Display: Finished SavePackage ../../../../../../Programming/Unreal/Multiplayer_StealthGame/StealthGame/Content/Blueprints/BP_FPSObjectiveActor.uasset
[2018.07.29-00.30.25:588][898]LogClass: Warning: In asset 'None', there is an enum property of type 'ECollisionEnabled' with an invalid value of ''
[2018.07.29-00.30.25:588][898]LogClass: Warning: In asset 'None', there is an enum property of type 'ECollisionEnabled' with an invalid value of ''
[2018.07.29-00.30.25:588][898]LogClass: Warning: In asset 'None', there is an enum property of type 'ECollisionEnabled' with an invalid value of ''
[2018.07.29-00.30.40:099][630]BlueprintLog: New page: Compile BP_FPSObjectiveActor
[2018.07.29-00.30.40:536][632]LogSavePackage: Save=11.18ms
[2018.07.29-00.30.40:536][632]LogSavePackage: Moving '../../../../../../Programming/Unreal/Multiplayer_StealthGame/StealthGame/Saved/BP_FPSObjectiveActor6F54E7B343307D246670C581B4A140B6.tmp' to '../../../../../../Programming/Unreal/Multiplayer_StealthGame/StealthGame/Content/Blueprints/BP_FPSObjectiveActor.uasset'
[2018.07.29-00.30.40:537][632]LogSavePackage: Display: Finished SavePackage ../../../../../../Programming/Unreal/Multiplayer_StealthGame/StealthGame/Content/Blueprints/BP_FPSObjectiveActor.uasset
[2018.07.29-00.30.40:688][648]LogSavePackage: Save=5.70ms
[2018.07.29-00.30.40:688][648]LogSavePackage: Moving '../../../../../../Programming/Unreal/Multiplayer_StealthGame/StealthGame/Saved/BP_FPSObjectiveActorDA6005734D6BAF55D911B1AD0642E2B5.tmp' to '../../../../../../Programming/Unreal/Multiplayer_StealthGame/StealthGame/Content/Blueprints/BP_FPSObjectiveActor.uasset'
[2018.07.29-00.30.40:688][648]LogSavePackage: Display: Finished SavePackage ../../../../../../Programming/Unreal/Multiplayer_StealthGame/StealthGame/Content/Blueprints/BP_FPSObjectiveActor.uasset
[2018.07.29-00.30.52:416][ 32]LogMaterial: Missing cached shader map for material M_Burst, compiling. 
[2018.07.29-00.30.52:466][ 32]LogMaterial: Missing cached shader map for material m_flare_01, compiling. 
[2018.07.29-00.30.52:516][ 32]LogMaterial: Missing cached shader map for material M_radial_ramp, compiling. 
[2018.07.29-00.30.52:542][ 32]LogMaterial: Missing cached shader map for material M_explosion_subUV, compiling. 
[2018.07.29-00.30.52:564][ 32]LogMaterial: Missing cached shader map for material M_smoke_subUV, compiling. 
[2018.07.29-00.30.53:610][108]BlueprintLog: New page: Compile BP_FPSObjectiveActor
[2018.07.29-00.30.54:230][108]LogSavePackage: Save=20.76ms
[2018.07.29-00.30.54:230][108]LogSavePackage: Moving '../../../../../../Programming/Unreal/Multiplayer_StealthGame/StealthGame/Saved/BP_FPSObjectiveActor73E1F71748A08AE5080EC29C8CEC5A3D.tmp' to '../../../../../../Programming/Unreal/Multiplayer_StealthGame/StealthGame/Content/Blueprints/BP_FPSObjectiveActor.uasset'
[2018.07.29-00.30.54:232][108]LogSavePackage: Display: Finished SavePackage ../../../../../../Programming/Unreal/Multiplayer_StealthGame/StealthGame/Content/Blueprints/BP_FPSObjectiveActor.uasset
[2018.07.29-00.30.54:424][114]LogSavePackage: Save=12.50ms
[2018.07.29-00.30.54:424][114]LogSavePackage: Moving '../../../../../../Programming/Unreal/Multiplayer_StealthGame/StealthGame/Saved/BP_FPSObjectiveActor09369D5D4FD98F2BC6E94F8253F6976C.tmp' to '../../../../../../Programming/Unreal/Multiplayer_StealthGame/StealthGame/Content/Blueprints/BP_FPSObjectiveActor.uasset'
[2018.07.29-00.30.54:425][114]LogSavePackage: Display: Finished SavePackage ../../../../../../Programming/Unreal/Multiplayer_StealthGame/StealthGame/Content/Blueprints/BP_FPSObjectiveActor.uasset
[2018.07.29-00.38.59:498][872]LogHotReload: New module detected: UE4Editor-FPSGame-8835.dll
[2018.07.29-00.39.00:508][876]LogHotReload: Starting Hot-Reload from IDE
[2018.07.29-00.39.00:569][876]LogContentBrowser: Native class hierarchy updated for 'FPSGame' in 0.0005 seconds. Added 5 classes and 3 folders.
[2018.07.29-00.39.00:571][876]Display: HotReload successful (1 functions remapped  0 scriptstructs remapped)
[2018.07.29-00.39.00:788][876]LogContentBrowser: Native class hierarchy populated in 0.0062 seconds. Added 2370 classes and 526 folders.
[2018.07.29-00.39.00:792][876]Display: HotReload took  0.3s.
[2018.07.29-00.40.29:131][193]LogTemp: Repeating last play command: Selected Viewport
[2018.07.29-00.40.29:144][193]LogBlueprintUserMessages: Early PlayInEditor Detection: Level '/Game/Maps/FirstPersonExampleMap.FirstPersonExampleMap:PersistentLevel' has LevelScriptBlueprint '/Game/Maps/FirstPersonExampleMap.FirstPersonExampleMap:PersistentLevel.FirstPersonExampleMap' with GeneratedClass '/Game/Maps/FirstPersonExampleMap.FirstPersonExampleMap_C' with ClassGeneratedBy '/Game/Maps/FirstPersonExampleMap.FirstPersonExampleMap:PersistentLevel.FirstPersonExampleMap'
[2018.07.29-00.40.29:144][193]LogPlayLevel: PlayLevel: No blueprints needed recompiling
[2018.07.29-00.40.29:144][193]PIE: New page: PIE session: FirstPersonExampleMap (29 Jul 2018 04:40:29)
[2018.07.29-00.40.29:144][193]LogPlayLevel: Creating play world package: /Game/Maps/UEDPIE_0_FirstPersonExampleMap
[2018.07.29-00.40.29:161][193]LogPlayLevel: PIE: StaticDuplicateObject took: (0.016605s)
[2018.07.29-00.40.29:162][193]LogAIModule: Creating AISystem for world FirstPersonExampleMap
[2018.07.29-00.40.29:162][193]LogPlayLevel: PIE: World Init took: (0.000645s)
[2018.07.29-00.40.29:162][193]LogPlayLevel: PIE: Created PIE world by copying editor world from /Game/Maps/FirstPersonExampleMap.FirstPersonExampleMap to /Game/Maps/UEDPIE_0_FirstPersonExampleMap.FirstPersonExampleMap (0.017521s)
[2018.07.29-00.40.29:211][193]LogInit: XAudio2 using 'Speakers (ASUS ROG Spitfire)' : 2 channels at 48 kHz using 16 bits per sample (channel mask 0x3)
[2018.07.29-00.40.29:216][193]LogInit: FAudioDevice initialized.
[2018.07.29-00.40.29:253][193]LogLoad: Game class is 'FPSGameMode'
[2018.07.29-00.40.29:258][193]LogWorld: Bringing World /Game/Maps/UEDPIE_0_FirstPersonExampleMap.FirstPersonExampleMap up for play (max tick rate 0) at 2018.07.29-02.40.29
[2018.07.29-00.40.29:258][193]LogWorld: Bringing up level for play took: 0.002974
[2018.07.29-00.40.29:259][193]PIE: Play in editor start time for /Game/Maps/UEDPIE_0_FirstPersonExampleMap 0.51
[2018.07.29-00.40.29:259][193]LogBlueprintUserMessages: Late PlayInEditor Detection: Level '/Game/Maps/FirstPersonExampleMap.FirstPersonExampleMap:PersistentLevel' has LevelScriptBlueprint '/Game/Maps/FirstPersonExampleMap.FirstPersonExampleMap:PersistentLevel.FirstPersonExampleMap' with GeneratedClass '/Game/Maps/FirstPersonExampleMap.FirstPersonExampleMap_C' with ClassGeneratedBy '/Game/Maps/FirstPersonExampleMap.FirstPersonExampleMap:PersistentLevel.FirstPersonExampleMap'
[2018.07.29-00.40.42:191][737]LogBlueprintUserMessages: Early EndPlayMap Detection: Level '/Game/Maps/FirstPersonExampleMap.FirstPersonExampleMap:PersistentLevel' has LevelScriptBlueprint '/Game/Maps/FirstPersonExampleMap.FirstPersonExampleMap:PersistentLevel.FirstPersonExampleMap' with GeneratedClass '/Game/Maps/FirstPersonExampleMap.FirstPersonExampleMap_C' with ClassGeneratedBy '/Game/Maps/FirstPersonExampleMap.FirstPersonExampleMap:PersistentLevel.FirstPersonExampleMap'
[2018.07.29-00.40.42:228][737]LogBlueprintUserMessages: Late EndPlayMap Detection: Level '/Game/Maps/FirstPersonExampleMap.FirstPersonExampleMap:PersistentLevel' has LevelScriptBlueprint '/Game/Maps/FirstPersonExampleMap.FirstPersonExampleMap:PersistentLevel.FirstPersonExampleMap' with GeneratedClass '/Game/Maps/FirstPersonExampleMap.FirstPersonExampleMap_C' with ClassGeneratedBy '/Game/Maps/FirstPersonExampleMap.FirstPersonExampleMap:PersistentLevel.FirstPersonExampleMap'
[2018.07.29-00.41.23:928][222]BlueprintLog: New page: Compile BP_FPSObjectiveActor
[2018.07.29-00.41.24:566][243]LogSavePackage: Save=11.18ms
[2018.07.29-00.41.24:567][243]LogSavePackage: Moving '../../../../../../Programming/Unreal/Multiplayer_StealthGame/StealthGame/Saved/BP_FPSObjectiveActor9B06D5504F81EC96A29D8DB0B568E738.tmp' to '../../../../../../Programming/Unreal/Multiplayer_StealthGame/StealthGame/Content/Blueprints/BP_FPSObjectiveActor.uasset'
[2018.07.29-00.41.24:567][243]LogSavePackage: Display: Finished SavePackage ../../../../../../Programming/Unreal/Multiplayer_StealthGame/StealthGame/Content/Blueprints/BP_FPSObjectiveActor.uasset
[2018.07.29-00.41.27:710][620]LogTemp: Repeating last play command: Selected Viewport
[2018.07.29-00.41.27:721][620]LogBlueprintUserMessages: Early PlayInEditor Detection: Level '/Game/Maps/FirstPersonExampleMap.FirstPersonExampleMap:PersistentLevel' has LevelScriptBlueprint '/Game/Maps/FirstPersonExampleMap.FirstPersonExampleMap:PersistentLevel.FirstPersonExampleMap' with GeneratedClass '/Game/Maps/FirstPersonExampleMap.FirstPersonExampleMap_C' with ClassGeneratedBy '/Game/Maps/FirstPersonExampleMap.FirstPersonExampleMap:PersistentLevel.FirstPersonExampleMap'
[2018.07.29-00.41.27:721][620]LogPlayLevel: PlayLevel: No blueprints needed recompiling
[2018.07.29-00.41.27:721][620]PIE: New page: PIE session: FirstPersonExampleMap (29 Jul 2018 04:41:27)
[2018.07.29-00.41.27:721][620]LogPlayLevel: Creating play world package: /Game/Maps/UEDPIE_0_FirstPersonExampleMap
[2018.07.29-00.41.27:736][620]LogPlayLevel: PIE: StaticDuplicateObject took: (0.015198s)
[2018.07.29-00.41.27:737][620]LogAIModule: Creating AISystem for world FirstPersonExampleMap
[2018.07.29-00.41.27:737][620]LogPlayLevel: PIE: World Init took: (0.000641s)
[2018.07.29-00.41.27:737][620]LogPlayLevel: PIE: Created PIE world by copying editor world from /Game/Maps/FirstPersonExampleMap.FirstPersonExampleMap to /Game/Maps/UEDPIE_0_FirstPersonExampleMap.FirstPersonExampleMap (0.016099s)
[2018.07.29-00.41.27:761][620]LogInit: XAudio2 using 'Speakers (ASUS ROG Spitfire)' : 2 channels at 48 kHz using 16 bits per sample (channel mask 0x3)
[2018.07.29-00.41.27:766][620]LogInit: FAudioDevice initialized.
[2018.07.29-00.41.27:809][620]LogLoad: Game class is 'FPSGameMode'
[2018.07.29-00.41.27:811][620]LogWorld: Bringing World /Game/Maps/UEDPIE_0_FirstPersonExampleMap.FirstPersonExampleMap up for play (max tick rate 0) at 2018.07.29-02.41.27
[2018.07.29-00.41.27:811][620]LogWorld: Bringing up level for play took: 0.001326
[2018.07.29-00.41.27:812][620]PIE: Play in editor start time for /Game/Maps/UEDPIE_0_FirstPersonExampleMap 1.064
[2018.07.29-00.41.27:812][620]LogBlueprintUserMessages: Late PlayInEditor Detection: Level '/Game/Maps/FirstPersonExampleMap.FirstPersonExampleMap:PersistentLevel' has LevelScriptBlueprint '/Game/Maps/FirstPersonExampleMap.FirstPersonExampleMap:PersistentLevel.FirstPersonExampleMap' with GeneratedClass '/Game/Maps/FirstPersonExampleMap.FirstPersonExampleMap_C' with ClassGeneratedBy '/Game/Maps/FirstPersonExampleMap.FirstPersonExampleMap:PersistentLevel.FirstPersonExampleMap'
[2018.07.29-00.41.34:861][458]LogBlueprintUserMessages: Early EndPlayMap Detection: Level '/Game/Maps/FirstPersonExampleMap.FirstPersonExampleMap:PersistentLevel' has LevelScriptBlueprint '/Game/Maps/FirstPersonExampleMap.FirstPersonExampleMap:PersistentLevel.FirstPersonExampleMap' with GeneratedClass '/Game/Maps/FirstPersonExampleMap.FirstPersonExampleMap_C' with ClassGeneratedBy '/Game/Maps/FirstPersonExampleMap.FirstPersonExampleMap:PersistentLevel.FirstPersonExampleMap'
[2018.07.29-00.41.34:893][458]LogBlueprintUserMessages: Late EndPlayMap Detection: Level '/Game/Maps/FirstPersonExampleMap.FirstPersonExampleMap:PersistentLevel' has LevelScriptBlueprint '/Game/Maps/FirstPersonExampleMap.FirstPersonExampleMap:PersistentLevel.FirstPersonExampleMap' with GeneratedClass '/Game/Maps/FirstPersonExampleMap.FirstPersonExampleMap_C' with ClassGeneratedBy '/Game/Maps/FirstPersonExampleMap.FirstPersonExampleMap:PersistentLevel.FirstPersonExampleMap'
[2018.07.29-00.42.06:752][492]LogSavePackage: Save=170.48ms
[2018.07.29-00.42.06:752][492]LogSavePackage: Moving '../../../../../../Programming/Unreal/Multiplayer_StealthGame/StealthGame/Saved/FirstPersonExampleMap_Auto10D0024794E9F17F5738075B0C687CFEA.tmp' to '../../../../../../Programming/Unreal/Multiplayer_StealthGame/StealthGame/Saved/Autosaves/Game/Maps/FirstPersonExampleMap_Auto1.umap'
[2018.07.29-00.42.06:752][492]LogSavePackage: Display: Finished SavePackage ../../../../../../Programming/Unreal/Multiplayer_StealthGame/StealthGame/Saved/Autosaves/Game/Maps/FirstPersonExampleMap_Auto1.umap
[2018.07.29-00.42.06:753][492]LogFileHelpers: Editor autosave (incl. sublevels) for '/Game/Maps/FirstPersonExampleMap' took 0.335
[2018.07.29-00.42.06:753][492]LogFileHelpers: Editor autosave (incl. sublevels) for all levels took 0.335
[2018.07.29-00.42.20:437][534]LogHotReload: New module detected: UE4Editor-FPSGame-9740.dll
[2018.07.29-00.42.21:118][537]LogHotReload: Starting Hot-Reload from IDE
[2018.07.29-00.42.21:180][537]LogContentBrowser: Native class hierarchy updated for 'FPSGame' in 0.0004 seconds. Added 5 classes and 3 folders.
[2018.07.29-00.42.21:183][537]Display: HotReload successful (1 functions remapped  0 scriptstructs remapped)
[2018.07.29-00.42.21:410][537]LogContentBrowser: Native class hierarchy populated in 0.0065 seconds. Added 2370 classes and 526 folders.
[2018.07.29-00.42.21:415][537]Display: HotReload took  0.3s.
[2018.07.29-00.42.23:104][649]LogTemp: Repeating last play command: Selected Viewport
[2018.07.29-00.42.23:112][649]LogBlueprintUserMessages: Early PlayInEditor Detection: Level '/Game/Maps/FirstPersonExampleMap.FirstPersonExampleMap:PersistentLevel' has LevelScriptBlueprint '/Game/Maps/FirstPersonExampleMap.FirstPersonExampleMap:PersistentLevel.FirstPersonExampleMap' with GeneratedClass '/Game/Maps/FirstPersonExampleMap.FirstPersonExampleMap_C' with ClassGeneratedBy '/Game/Maps/FirstPersonExampleMap.FirstPersonExampleMap:PersistentLevel.FirstPersonExampleMap'
[2018.07.29-00.42.23:112][649]LogPlayLevel: PlayLevel: No blueprints needed recompiling
[2018.07.29-00.42.23:112][649]PIE: New page: PIE session: FirstPersonExampleMap (29 Jul 2018 04:42:23)
[2018.07.29-00.42.23:112][649]LogPlayLevel: Creating play world package: /Game/Maps/UEDPIE_0_FirstPersonExampleMap
[2018.07.29-00.42.23:126][649]LogPlayLevel: PIE: StaticDuplicateObject took: (0.013854s)
[2018.07.29-00.42.23:127][649]LogAIModule: Creating AISystem for world FirstPersonExampleMap
[2018.07.29-00.42.23:127][649]LogPlayLevel: PIE: World Init took: (0.000754s)
[2018.07.29-00.42.23:128][649]LogPlayLevel: PIE: Created PIE world by copying editor world from /Game/Maps/FirstPersonExampleMap.FirstPersonExampleMap to /Game/Maps/UEDPIE_0_FirstPersonExampleMap.FirstPersonExampleMap (0.014980s)
[2018.07.29-00.42.23:171][649]LogInit: XAudio2 using 'Speakers (ASUS ROG Spitfire)' : 2 channels at 48 kHz using 16 bits per sample (channel mask 0x3)
[2018.07.29-00.42.23:177][649]LogInit: FAudioDevice initialized.
[2018.07.29-00.42.23:208][649]LogLoad: Game class is 'FPSGameMode'
[2018.07.29-00.42.23:209][649]LogWorld: Bringing World /Game/Maps/UEDPIE_0_FirstPersonExampleMap.FirstPersonExampleMap up for play (max tick rate 0) at 2018.07.29-02.42.23
[2018.07.29-00.42.23:209][649]LogWorld: Bringing up level for play took: 0.001366
[2018.07.29-00.42.23:234][649]PIE: Play in editor start time for /Game/Maps/UEDPIE_0_FirstPersonExampleMap 0.485
[2018.07.29-00.42.23:234][649]LogBlueprintUserMessages: Late PlayInEditor Detection: Level '/Game/Maps/FirstPersonExampleMap.FirstPersonExampleMap:PersistentLevel' has LevelScriptBlueprint '/Game/Maps/FirstPersonExampleMap.FirstPersonExampleMap:PersistentLevel.FirstPersonExampleMap' with GeneratedClass '/Game/Maps/FirstPersonExampleMap.FirstPersonExampleMap_C' with ClassGeneratedBy '/Game/Maps/FirstPersonExampleMap.FirstPersonExampleMap:PersistentLevel.FirstPersonExampleMap'
[2018.07.29-00.42.31:882][671]LogBlueprintUserMessages: Early EndPlayMap Detection: Level '/Game/Maps/FirstPersonExampleMap.FirstPersonExampleMap:PersistentLevel' has LevelScriptBlueprint '/Game/Maps/FirstPersonExampleMap.FirstPersonExampleMap:PersistentLevel.FirstPersonExampleMap' with GeneratedClass '/Game/Maps/FirstPersonExampleMap.FirstPersonExampleMap_C' with ClassGeneratedBy '/Game/Maps/FirstPersonExampleMap.FirstPersonExampleMap:PersistentLevel.FirstPersonExampleMap'
[2018.07.29-00.42.31:917][671]LogBlueprintUserMessages: Late EndPlayMap Detection: Level '/Game/Maps/FirstPersonExampleMap.FirstPersonExampleMap:PersistentLevel' has LevelScriptBlueprint '/Game/Maps/FirstPersonExampleMap.FirstPersonExampleMap:PersistentLevel.FirstPersonExampleMap' with GeneratedClass '/Game/Maps/FirstPersonExampleMap.FirstPersonExampleMap_C' with ClassGeneratedBy '/Game/Maps/FirstPersonExampleMap.FirstPersonExampleMap:PersistentLevel.FirstPersonExampleMap'
[2018.07.29-00.42.37:926][837]LogHotReload: New module detected: UE4Editor-FPSGame-2668.dll
[2018.07.29-00.42.38:275][839]LogHotReload: Starting Hot-Reload from IDE
[2018.07.29-00.42.38:349][839]LogContentBrowser: Native class hierarchy updated for 'FPSGame' in 0.0005 seconds. Added 5 classes and 3 folders.
[2018.07.29-00.42.38:352][839]Display: HotReload successful (1 functions remapped  0 scriptstructs remapped)
[2018.07.29-00.42.38:571][839]LogContentBrowser: Native class hierarchy populated in 0.0078 seconds. Added 2370 classes and 526 folders.
[2018.07.29-00.42.38:576][839]Display: HotReload took  0.3s.
[2018.07.29-00.42.40:293][915]LogTemp: Repeating last play command: Selected Viewport
[2018.07.29-00.42.40:301][915]LogBlueprintUserMessages: Early PlayInEditor Detection: Level '/Game/Maps/FirstPersonExampleMap.FirstPersonExampleMap:PersistentLevel' has LevelScriptBlueprint '/Game/Maps/FirstPersonExampleMap.FirstPersonExampleMap:PersistentLevel.FirstPersonExampleMap' with GeneratedClass '/Game/Maps/FirstPersonExampleMap.FirstPersonExampleMap_C' with ClassGeneratedBy '/Game/Maps/FirstPersonExampleMap.FirstPersonExampleMap:PersistentLevel.FirstPersonExampleMap'
[2018.07.29-00.42.40:301][915]LogPlayLevel: PlayLevel: No blueprints needed recompiling
[2018.07.29-00.42.40:301][915]PIE: New page: PIE session: FirstPersonExampleMap (29 Jul 2018 04:42:40)
[2018.07.29-00.42.40:301][915]LogPlayLevel: Creating play world package: /Game/Maps/UEDPIE_0_FirstPersonExampleMap
[2018.07.29-00.42.40:315][915]LogPlayLevel: PIE: StaticDuplicateObject took: (0.013622s)
[2018.07.29-00.42.40:316][915]LogAIModule: Creating AISystem for world FirstPersonExampleMap
[2018.07.29-00.42.40:316][915]LogPlayLevel: PIE: World Init took: (0.000911s)
[2018.07.29-00.42.40:316][915]LogPlayLevel: PIE: Created PIE world by copying editor world from /Game/Maps/FirstPersonExampleMap.FirstPersonExampleMap to /Game/Maps/UEDPIE_0_FirstPersonExampleMap.FirstPersonExampleMap (0.014959s)
[2018.07.29-00.42.40:359][915]LogInit: XAudio2 using 'Speakers (ASUS ROG Spitfire)' : 2 channels at 48 kHz using 16 bits per sample (channel mask 0x3)
[2018.07.29-00.42.40:365][915]LogInit: FAudioDevice initialized.
[2018.07.29-00.42.40:394][915]LogLoad: Game class is 'FPSGameMode'
[2018.07.29-00.42.40:396][915]LogWorld: Bringing World /Game/Maps/UEDPIE_0_FirstPersonExampleMap.FirstPersonExampleMap up for play (max tick rate 0) at 2018.07.29-02.42.40
[2018.07.29-00.42.40:396][915]LogWorld: Bringing up level for play took: 0.001377
[2018.07.29-00.42.40:397][915]PIE: Play in editor start time for /Game/Maps/UEDPIE_0_FirstPersonExampleMap -0.351
[2018.07.29-00.42.40:397][915]LogBlueprintUserMessages: Late PlayInEditor Detection: Level '/Game/Maps/FirstPersonExampleMap.FirstPersonExampleMap:PersistentLevel' has LevelScriptBlueprint '/Game/Maps/FirstPersonExampleMap.FirstPersonExampleMap:PersistentLevel.FirstPersonExampleMap' with GeneratedClass '/Game/Maps/FirstPersonExampleMap.FirstPersonExampleMap_C' with ClassGeneratedBy '/Game/Maps/FirstPersonExampleMap.FirstPersonExampleMap:PersistentLevel.FirstPersonExampleMap'
[2018.07.29-00.43.05:590][928]LogBlueprintUserMessages: Early EndPlayMap Detection: Level '/Game/Maps/FirstPersonExampleMap.FirstPersonExampleMap:PersistentLevel' has LevelScriptBlueprint '/Game/Maps/FirstPersonExampleMap.FirstPersonExampleMap:PersistentLevel.FirstPersonExampleMap' with GeneratedClass '/Game/Maps/FirstPersonExampleMap.FirstPersonExampleMap_C' with ClassGeneratedBy '/Game/Maps/FirstPersonExampleMap.FirstPersonExampleMap:PersistentLevel.FirstPersonExampleMap'
[2018.07.29-00.43.05:626][928]LogBlueprintUserMessages: Late EndPlayMap Detection: Level '/Game/Maps/FirstPersonExampleMap.FirstPersonExampleMap:PersistentLevel' has LevelScriptBlueprint '/Game/Maps/FirstPersonExampleMap.FirstPersonExampleMap:PersistentLevel.FirstPersonExampleMap' with GeneratedClass '/Game/Maps/FirstPersonExampleMap.FirstPersonExampleMap_C' with ClassGeneratedBy '/Game/Maps/FirstPersonExampleMap.FirstPersonExampleMap:PersistentLevel.FirstPersonExampleMap'
[2018.07.29-00.43.08:326][222]LogSavePackage: Save=135.23ms
[2018.07.29-00.43.08:327][222]LogSavePackage: Moving '../../../../../../Programming/Unreal/Multiplayer_StealthGame/StealthGame/Saved/FirstPersonExampleMapEED0AC85427094818A0FFFAEE5A3E36E.tmp' to '../../../../../../Programming/Unreal/Multiplayer_StealthGame/StealthGame/Content/Maps/FirstPersonExampleMap.umap'
[2018.07.29-00.43.08:328][222]LogSavePackage: Display: Finished SavePackage ../../../../../../Programming/Unreal/Multiplayer_StealthGame/StealthGame/Content/Maps/FirstPersonExampleMap.umap
[2018.07.29-00.43.08:414][222]LogSavePackage: Save=71.89ms
[2018.07.29-00.43.08:414][222]LogSavePackage: Moving '../../../../../../Programming/Unreal/Multiplayer_StealthGame/StealthGame/Saved/FirstPersonExampleMap_BuiltData3EF355924D9EA0B409F1BC8900749996.tmp' to '../../../../../../Programming/Unreal/Multiplayer_StealthGame/StealthGame/Content/Maps/FirstPersonExampleMap_BuiltData.uasset'
[2018.07.29-00.43.08:414][222]LogSavePackage: Display: Finished SavePackage ../../../../../../Programming/Unreal/Multiplayer_StealthGame/StealthGame/Content/Maps/FirstPersonExampleMap_BuiltData.uasset
[2018.07.29-00.43.09:029][261]LogSavePackage: Save=159.14ms
[2018.07.29-00.43.09:029][261]LogSavePackage: Moving '../../../../../../Programming/Unreal/Multiplayer_StealthGame/StealthGame/Saved/FirstPersonExampleMap8C38C0D2477EC80D0E4647B820698C2D.tmp' to '../../../../../../Programming/Unreal/Multiplayer_StealthGame/StealthGame/Content/Maps/FirstPersonExampleMap.umap'
[2018.07.29-00.43.09:030][261]LogSavePackage: Display: Finished SavePackage ../../../../../../Programming/Unreal/Multiplayer_StealthGame/StealthGame/Content/Maps/FirstPersonExampleMap.umap
[2018.07.29-00.43.09:087][261]LogSavePackage: Save=45.82ms
[2018.07.29-00.43.09:087][261]LogSavePackage: Moving '../../../../../../Programming/Unreal/Multiplayer_StealthGame/StealthGame/Saved/FirstPersonExampleMap_BuiltDataDC4821064617B4DFF53A258B08E1CDB0.tmp' to '../../../../../../Programming/Unreal/Multiplayer_StealthGame/StealthGame/Content/Maps/FirstPersonExampleMap_BuiltData.uasset'
[2018.07.29-00.43.09:088][261]LogSavePackage: Display: Finished SavePackage ../../../../../../Programming/Unreal/Multiplayer_StealthGame/StealthGame/Content/Maps/FirstPersonExampleMap_BuiltData.uasset
[2018.07.29-00.43.15:256][969]Cmd: QUIT_EDITOR
[2018.07.29-00.43.15:658][969]LogWindowsTextInputMethodSystem: Display: IME system now deactivated.
[2018.07.29-00.43.15:667][969]LogExit: Preparing to exit.
[2018.07.29-00.43.16:170][969]LogDirectoryWatcher: A directory notification for 'N:/Programming/Unreal/Multiplayer_StealthGame/StealthGame/Content/' was aborted.
[2018.07.29-00.43.16:196][969]LogExit: Editor shut down
[2018.07.29-00.43.16:204][969]LogExit: Transaction tracking system shut down
[2018.07.29-00.43.16:378][969]LogDirectoryWatcher: A directory notification for '../../../Engine/Content/' was aborted.
[2018.07.29-00.43.16:378][969]LogDirectoryWatcher: A directory notification for '../../../../../../Programming/Unreal/Multiplayer_StealthGame/StealthGame/Content/' was aborted.
[2018.07.29-00.43.16:378][969]LogDirectoryWatcher: A directory notification for '../../../Engine/Plugins/2D/Paper2D/Content/' was aborted.
[2018.07.29-00.43.16:378][969]LogDirectoryWatcher: A directory notification for '../../../Engine/Plugins/Media/MediaCompositing/Content/' was aborted.
[2018.07.29-00.43.16:378][969]LogDirectoryWatcher: A directory notification for '../../../Engine/Plugins/Runtime/AppleARKit/Content/' was aborted.
[2018.07.29-00.43.16:378][969]LogDirectoryWatcher: A directory notification for '../../../Engine/Plugins/Runtime/Oculus/OculusVR/Content/' was aborted.
[2018.07.29-00.43.16:378][969]LogDirectoryWatcher: A directory notification for '../../../Engine/Plugins/Runtime/Steam/SteamVR/Content/' was aborted.
[2018.07.29-00.43.16:448][969]LogExit: Object subsystem successfully closed.
[2018.07.29-00.43.16:466][969]LogD3D11RHI: Shutdown
[2018.07.29-00.43.16:466][969]LogD3D11RHI: CleanupD3DDevice
[2018.07.29-00.43.16:469][969]LogD3D11RHI: ~FD3D11DynamicRHI
[2018.07.29-00.43.16:476][969]LogModuleManager: Shutting down and abandoning module FPSGame (561)
[2018.07.29-00.43.16:476][969]LogModuleManager: Shutting down and abandoning module HierarchicalLODUtilities (558)
[2018.07.29-00.43.16:476][969]LogModuleManager: Shutting down and abandoning module BlueprintGraph (554)
[2018.07.29-00.43.16:476][969]LogModuleManager: Shutting down and abandoning module MovieSceneCapture (552)
[2018.07.29-00.43.16:476][969]LogModuleManager: Shutting down and abandoning module HierarchicalLODOutliner (550)
[2018.07.29-00.43.16:476][969]LogModuleManager: Shutting down and abandoning module DesktopPlatform (548)
[2018.07.29-00.43.16:476][969]LogModuleManager: Shutting down and abandoning module AddContentDialog (546)
[2018.07.29-00.43.16:476][969]LogDirectoryWatcher: A directory notification for 'N:/Program Files/EpicGames/UE_4.18/FeaturePacks/' was aborted.
[2018.07.29-00.43.16:477][969]LogModuleManager: Shutting down and abandoning module WidgetCarousel (545)
[2018.07.29-00.43.16:477][969]LogModuleManager: Shutting down and abandoning module EditorWidgets (542)
[2018.07.29-00.43.16:477][969]LogModuleManager: Shutting down and abandoning module CollectionManager (540)
[2018.07.29-00.43.16:477][969]LogDirectoryWatcher: A directory notification for 'N:/Programming/Unreal/Multiplayer_StealthGame/StealthGame/Content/Collections/' was aborted.
[2018.07.29-00.43.16:477][969]LogDirectoryWatcher: A directory notification for 'N:/Programming/Unreal/Multiplayer_StealthGame/StealthGame/Content/Developers/morga/Collections/' was aborted.
[2018.07.29-00.43.16:477][969]LogDirectoryWatcher: A directory notification for 'N:/Programming/Unreal/Multiplayer_StealthGame/StealthGame/Saved/Collections/' was aborted.
[2018.07.29-00.43.16:477][969]LogModuleManager: Shutting down and abandoning module SceneOutliner (538)
[2018.07.29-00.43.16:477][969]LogModuleManager: Shutting down and abandoning module StatsViewer (536)
[2018.07.29-00.43.16:477][969]LogModuleManager: Shutting down and abandoning module FoliageEdit (534)
[2018.07.29-00.43.16:477][969]LogModuleManager: Shutting down and abandoning module LandscapeEditor (532)
[2018.07.29-00.43.16:477][969]LogModuleManager: Shutting down and abandoning module MeshPaintMode (530)
[2018.07.29-00.43.16:477][969]LogModuleManager: Shutting down and abandoning module SceneDepthPickerMode (528)
[2018.07.29-00.43.16:477][969]LogModuleManager: Shutting down and abandoning module ActorPickerMode (526)
[2018.07.29-00.43.16:477][969]LogModuleManager: Shutting down and abandoning module GeometryMode (524)
[2018.07.29-00.43.16:477][969]LogModuleManager: Shutting down and abandoning module TextureAlignMode (522)
[2018.07.29-00.43.16:477][969]LogModuleManager: Shutting down and abandoning module BspMode (520)
[2018.07.29-00.43.16:477][969]LogModuleManager: Shutting down and abandoning module PIEPreviewDeviceProfileSelector (518)
[2018.07.29-00.43.16:477][969]LogModuleManager: Shutting down and abandoning module HardwareSurvey (516)
[2018.07.29-00.43.16:477][969]LogModuleManager: Shutting down and abandoning module SequenceRecorderSections (514)
[2018.07.29-00.43.16:477][969]LogModuleManager: Shutting down and abandoning module AutomationWorker (512)
[2018.07.29-00.43.16:477][969]LogModuleManager: Shutting down and abandoning module MatineeToLevelSequence (510)
[2018.07.29-00.43.16:477][969]LogModuleManager: Shutting down and abandoning module LevelSequenceEditor (508)
[2018.07.29-00.43.16:477][969]LogModuleManager: Shutting down and abandoning module PlacementMode (507)
[2018.07.29-00.43.16:477][969]LogModuleManager: Shutting down and abandoning module WmfMediaFactory (504)
[2018.07.29-00.43.16:477][969]LogModuleManager: Shutting down and abandoning module WmfMediaEditor (502)
[2018.07.29-00.43.16:477][969]LogModuleManager: Shutting down and abandoning module OpenExrWrapper (500)
[2018.07.29-00.43.16:477][969]LogModuleManager: Shutting down and abandoning module ImgMediaFactory (498)
[2018.07.29-00.43.16:477][969]LogModuleManager: Shutting down and abandoning module ImgMediaEditor (496)
[2018.07.29-00.43.16:477][969]LogModuleManager: Shutting down and abandoning module AvfMediaFactory (494)
[2018.07.29-00.43.16:477][969]LogModuleManager: Shutting down and abandoning module AvfMediaEditor (492)
[2018.07.29-00.43.16:477][969]LogModuleManager: Shutting down and abandoning module AndroidMediaFactory (490)
[2018.07.29-00.43.16:477][969]LogModuleManager: Shutting down and abandoning module AndroidMediaEditor (488)
[2018.07.29-00.43.16:477][969]LogModuleManager: Shutting down and abandoning module CharacterAI (486)
[2018.07.29-00.43.16:477][969]LogModuleManager: Shutting down and abandoning module AudioCapture (484)
[2018.07.29-00.43.16:477][969]LogModuleManager: Shutting down and abandoning module SequenceRecorder (483)
[2018.07.29-00.43.16:477][969]LogModuleManager: Shutting down and abandoning module SmartSnapping (480)
[2018.07.29-00.43.16:477][969]LogModuleManager: Shutting down and abandoning module SessionServices (478)
[2018.07.29-00.43.16:477][969]LogModuleManager: Shutting down and abandoning module ViewportSnapping (476)
[2018.07.29-00.43.16:477][969]LogModuleManager: Shutting down and abandoning module ViewportInteraction (474)
[2018.07.29-00.43.16:477][969]LogModuleManager: Shutting down and abandoning module ClothPainter (472)
[2018.07.29-00.43.16:477][969]LogModuleManager: Shutting down and abandoning module SkeletalMeshEditor (471)
[2018.07.29-00.43.16:478][969]LogModuleManager: Shutting down and abandoning module LogVisualizer (468)
[2018.07.29-00.43.16:478][969]LogModuleManager: Shutting down and abandoning module IntroTutorials (466)
[2018.07.29-00.43.16:478][969]LogModuleManager: Shutting down and abandoning module GameProjectGeneration (465)
[2018.07.29-00.43.16:478][969]LogModuleManager: Shutting down and abandoning module IOSPlatformEditor (462)
[2018.07.29-00.43.16:478][969]LogModuleManager: Shutting down and abandoning module HTML5PlatformEditor (460)
[2018.07.29-00.43.16:478][969]LogModuleManager: Shutting down and abandoning module AndroidPlatformEditor (458)
[2018.07.29-00.43.16:478][969]LogModuleManager: Shutting down and abandoning module AndroidDeviceDetection (457)
[2018.07.29-00.43.16:516][969]LogModuleManager: Shutting down and abandoning module WindowsPlatformEditor (454)
[2018.07.29-00.43.16:516][969]LogModuleManager: Shutting down and abandoning module IOSRuntimeSettings (452)
[2018.07.29-00.43.16:516][969]LogModuleManager: Shutting down and abandoning module AndroidRuntimeSettings (450)
[2018.07.29-00.43.16:516][969]LogModuleManager: Shutting down and abandoning module InputBindingEditor (448)
[2018.07.29-00.43.16:516][969]LogModuleManager: Shutting down and abandoning module MergeActors (446)
[2018.07.29-00.43.16:516][969]LogModuleManager: Shutting down and abandoning module SizeMap (444)
[2018.07.29-00.43.16:516][969]LogModuleManager: Shutting down and abandoning module TreeMap (442)
[2018.07.29-00.43.16:516][969]LogModuleManager: Shutting down and abandoning module ReferenceViewer (440)
[2018.07.29-00.43.16:516][969]LogModuleManager: Shutting down and abandoning module LocalizationDashboard (438)
[2018.07.29-00.43.16:516][969]LogModuleManager: Shutting down and abandoning module LocalizationService (437)
[2018.07.29-00.43.16:516][969]LogModuleManager: Shutting down and abandoning module HardwareTargeting (434)
[2018.07.29-00.43.16:516][969]LogModuleManager: Shutting down and abandoning module DeviceProfileEditor (432)
[2018.07.29-00.43.16:516][969]LogModuleManager: Shutting down and abandoning module UndoHistory (430)
[2018.07.29-00.43.16:516][969]LogModuleManager: Shutting down and abandoning module XmlParser (428)
[2018.07.29-00.43.16:516][969]LogModuleManager: Shutting down and abandoning module Blutility (426)
[2018.07.29-00.43.16:516][969]LogModuleManager: Shutting down and abandoning module ProjectSettingsViewer (424)
[2018.07.29-00.43.16:516][969]LogModuleManager: Shutting down and abandoning module ProjectTargetPlatformEditor (423)
[2018.07.29-00.43.16:517][969]LogModuleManager: Shutting down and abandoning module EditorSettingsViewer (420)
[2018.07.29-00.43.16:517][969]LogModuleManager: Shutting down and abandoning module SettingsEditor (418)
[2018.07.29-00.43.16:517][969]LogModuleManager: Shutting down and abandoning module ProjectLauncher (416)
[2018.07.29-00.43.16:517][969]LogModuleManager: Shutting down and abandoning module SessionFrontend (414)
[2018.07.29-00.43.16:517][969]LogModuleManager: Shutting down and abandoning module ProfilerClient (412)
[2018.07.29-00.43.16:517][969]LogModuleManager: Shutting down and abandoning module DeviceManager (410)
[2018.07.29-00.43.16:517][969]LogModuleManager: Shutting down and abandoning module TargetDeviceServices (409)
[2018.07.29-00.43.16:570][969]LogModuleManager: Shutting down and abandoning module AutomationController (406)
[2018.07.29-00.43.16:570][969]LogModuleManager: Shutting down and abandoning module AutomationWindow (404)
[2018.07.29-00.43.16:570][969]LogModuleManager: Shutting down and abandoning module Layers (402)
[2018.07.29-00.43.16:570][969]LogModuleManager: Shutting down and abandoning module ComponentVisualizers (400)
[2018.07.29-00.43.16:570][969]LogModuleManager: Shutting down and abandoning module DetailCustomizations (398)
[2018.07.29-00.43.16:570][969]LogModuleManager: Shutting down and abandoning module PackagesDialog (396)
[2018.07.29-00.43.16:570][969]LogModuleManager: Shutting down and abandoning module Persona (394)
[2018.07.29-00.43.16:570][969]LogModuleManager: Shutting down and abandoning module AdvancedPreviewScene (393)
[2018.07.29-00.43.16:570][969]LogModuleManager: Shutting down and abandoning module AnimGraph (391)
[2018.07.29-00.43.16:570][969]LogModuleManager: Shutting down and abandoning module Kismet (388)
[2018.07.29-00.43.16:578][969]LogModuleManager: Shutting down and abandoning module ClassViewer (386)
[2018.07.29-00.43.16:578][969]LogModuleManager: Shutting down and abandoning module Toolbox (384)
[2018.07.29-00.43.16:578][969]LogModuleManager: Shutting down and abandoning module ModuleUI (382)
[2018.07.29-00.43.16:578][969]LogModuleManager: Shutting down and abandoning module MovieSceneTools (380)
[2018.07.29-00.43.16:578][969]LogModuleManager: Shutting down and abandoning module OutputLog (378)
[2018.07.29-00.43.16:578][969]LogModuleManager: Shutting down and abandoning module GammaUI (376)
[2018.07.29-00.43.16:578][969]LogModuleManager: Shutting down and abandoning module Documentation (374)
[2018.07.29-00.43.16:578][969]LogModuleManager: Shutting down and abandoning module MovieSceneTracks (372)
[2018.07.29-00.43.16:578][969]LogModuleManager: Shutting down and abandoning module MovieScene (370)
[2018.07.29-00.43.16:578][969]LogModuleManager: Shutting down and abandoning module StreamingPauseRendering (368)
[2018.07.29-00.43.16:578][969]LogModuleManager: Shutting down and abandoning module LauncherPlatform (366)
[2018.07.29-00.43.16:578][969]LogModuleManager: Shutting down and abandoning module AnalyticsET (364)
[2018.07.29-00.43.16:578][969]LogModuleManager: Shutting down and abandoning module PortalServices (362)
[2018.07.29-00.43.16:578][969]LogModuleManager: Shutting down and abandoning module PortalRpc (360)
[2018.07.29-00.43.16:578][969]LogModuleManager: Shutting down and abandoning module MessagingRpc (358)
[2018.07.29-00.43.16:578][969]LogModuleManager: Shutting down and abandoning module AIModule (356)
[2018.07.29-00.43.16:578][969]LogModuleManager: Shutting down and abandoning module GameplayDebugger (355)
[2018.07.29-00.43.16:578][969]LogModuleManager: Shutting down and abandoning module AITestSuite (353)
[2018.07.29-00.43.16:578][969]LogModuleManager: Shutting down and abandoning module ProfilerService (350)
[2018.07.29-00.43.16:799][969]LogModuleManager: Shutting down and abandoning module TaskGraph (348)
[2018.07.29-00.43.16:799][969]LogModuleManager: Shutting down and abandoning module SteamVRController (346)
[2018.07.29-00.43.16:799][969]LogModuleManager: Shutting down and abandoning module ProceduralMeshComponentEditor (344)
[2018.07.29-00.43.16:799][969]LogModuleManager: Shutting down and abandoning module ProceduralMeshComponent (342)
[2018.07.29-00.43.16:799][969]LogModuleManager: Shutting down and abandoning module OculusInput (340)
[2018.07.29-00.43.16:799][969]LogModuleManager: Shutting down and abandoning module MobilePatchingUtils (338)
[2018.07.29-00.43.16:799][969]LogModuleManager: Shutting down and abandoning module CustomMeshComponent (336)
[2018.07.29-00.43.16:799][969]LogModuleManager: Shutting down and abandoning module CableComponent (334)
[2018.07.29-00.43.16:799][969]LogModuleManager: Shutting down and abandoning module ArchVisCharacter (332)
[2018.07.29-00.43.16:799][969]LogModuleManager: Shutting down and abandoning module AndroidPermission (330)
[2018.07.29-00.43.16:799][969]LogModuleManager: Shutting down and abandoning module ActorSequence (326)
[2018.07.29-00.43.16:799][969]LogModuleManager: Shutting down and abandoning module MediaPlayerEditor (324)
[2018.07.29-00.43.16:799][969]LogModuleManager: Shutting down and abandoning module MediaCompositingEditor (322)
[2018.07.29-00.43.16:799][969]LogModuleManager: Shutting down and abandoning module MediaCompositing (320)
[2018.07.29-00.43.16:799][969]LogModuleManager: Shutting down and abandoning module HTML5Networking (318)
[2018.07.29-00.43.16:799][969]LogModuleManager: Shutting down and abandoning module AlembicImporter (316)
[2018.07.29-00.43.16:799][969]LogModuleManager: Shutting down and abandoning module AlembicLibrary (315)
[2018.07.29-00.43.16:799][969]LogModuleManager: Shutting down and abandoning module GeometryCache (314)
[2018.07.29-00.43.16:799][969]LogModuleManager: Shutting down and abandoning module GeometryCacheEd (313)
[2018.07.29-00.43.16:799][969]LogModuleManager: Shutting down and abandoning module SpeedTreeImporter (308)
[2018.07.29-00.43.16:799][969]LogModuleManager: Shutting down and abandoning module PluginBrowser (306)
[2018.07.29-00.43.16:799][969]LogModuleManager: Shutting down and abandoning module MobileLauncherProfileWizard (304)
[2018.07.29-00.43.16:799][969]LogModuleManager: Shutting down and abandoning module VisualStudioSourceCodeAccess (302)
[2018.07.29-00.43.16:799][969]LogModuleManager: Shutting down and abandoning module VisualStudioCodeSourceCodeAccess (300)
[2018.07.29-00.43.16:799][969]LogModuleManager: Shutting down and abandoning module UObjectPlugin (298)
[2018.07.29-00.43.16:799][969]LogModuleManager: Shutting down and abandoning module SubversionSourceControl (296)
[2018.07.29-00.43.16:800][969]LogModuleManager: Shutting down and abandoning module PerforceSourceControl (294)
[2018.07.29-00.43.16:800][969]LogModuleManager: Shutting down and abandoning module GitSourceControl (292)
[2018.07.29-00.43.16:800][969]LogModuleManager: Shutting down and abandoning module SourceControl (291)
[2018.07.29-00.43.16:800][969]LogModuleManager: Shutting down and abandoning module LightPropagationVolumeEditor (288)
[2018.07.29-00.43.16:800][969]LogModuleManager: Shutting down and abandoning module PaperTiledImporter (286)
[2018.07.29-00.43.16:800][969]LogModuleManager: Shutting down and abandoning module PaperSpriteSheetImporter (284)
[2018.07.29-00.43.16:800][969]LogModuleManager: Shutting down and abandoning module Paper2DEditor (282)
[2018.07.29-00.43.16:800][969]LogModuleManager: Shutting down and abandoning module MeshPaint (281)
[2018.07.29-00.43.16:800][969]LogModuleManager: Shutting down and abandoning module LevelEditor (279)
[2018.07.29-00.43.16:800][969]LogModuleManager: Shutting down and abandoning module PixelInspectorModule (278)
[2018.07.29-00.43.16:800][969]LogModuleManager: Shutting down and abandoning module MainFrame (276)
[2018.07.29-00.43.16:800][969]LogModuleManager: Shutting down and abandoning module HotReload (275)
[2018.07.29-00.43.16:801][969]LogDirectoryWatcher: A directory notification for 'N:/Programming/Unreal/Multiplayer_StealthGame/StealthGame/Binaries/Win64' was aborted.
[2018.07.29-00.43.16:801][969]LogModuleManager: Shutting down and abandoning module RuntimePhysXCooking (268)
[2018.07.29-00.43.16:801][969]LogModuleManager: Shutting down and abandoning module PhysXVehiclesEditor (266)
[2018.07.29-00.43.16:801][969]LogModuleManager: Shutting down and abandoning module PhysXVehicles (264)
[2018.07.29-00.43.16:801][969]LogModuleManager: Shutting down and abandoning module OculusEditor (262)
[2018.07.29-00.43.16:801][969]LogModuleManager: Shutting down and abandoning module LocationServicesBPLibrary (260)
[2018.07.29-00.43.16:801][969]LogModuleManager: Shutting down and abandoning module ImmediatePhysicsEditor (258)
[2018.07.29-00.43.16:801][969]LogModuleManager: Shutting down and abandoning module ImmediatePhysics (256)
[2018.07.29-00.43.16:801][969]LogModuleManager: Shutting down and abandoning module UdpMessaging (254)
[2018.07.29-00.43.16:902][969]LogModuleManager: Shutting down and abandoning module TcpMessaging (252)
[2018.07.29-00.43.17:002][969]LogModuleManager: Shutting down and abandoning module GameplayTagsEditor (250)
[2018.07.29-00.43.17:002][969]LogModuleManager: Shutting down and abandoning module FacialAnimationEditor (248)
[2018.07.29-00.43.17:002][969]LogModuleManager: Shutting down and abandoning module FacialAnimation (246)
[2018.07.29-00.43.17:002][969]LogModuleManager: Shutting down and abandoning module AssetManagerEditor (244)
[2018.07.29-00.43.17:002][969]LogModuleManager: Shutting down and abandoning module GraphEditor (243)
[2018.07.29-00.43.17:002][969]LogModuleManager: Shutting down and abandoning module ContentBrowser (241)
[2018.07.29-00.43.17:003][969]LogModuleManager: Shutting down and abandoning module LightPropagationVolumeRuntime (238)
[2018.07.29-00.43.17:003][969]LogModuleManager: Shutting down and abandoning module Paper2D (236)
[2018.07.29-00.43.17:003][969]LogModuleManager: Shutting down and abandoning module WindowsMoviePlayer (234)
[2018.07.29-00.43.17:003][969]LogModuleManager: Shutting down and abandoning module WmfMedia (232)
[2018.07.29-00.43.17:004][969]LogModuleManager: Shutting down and abandoning module ImgMedia (230)
[2018.07.29-00.43.17:004][969]LogModuleManager: Shutting down and abandoning module PacketHandler (228)
[2018.07.29-00.43.17:004][969]LogModuleManager: Shutting down and abandoning module ClothingSystemEditor (226)
[2018.07.29-00.43.17:004][969]LogModuleManager: Shutting down and abandoning module ClothingSystemRuntime (224)
[2018.07.29-00.43.17:004][969]LogModuleManager: Shutting down and abandoning module MediaAssets (222)
[2018.07.29-00.43.17:004][969]LogModuleManager: Shutting down and abandoning module Media (221)
[2018.07.29-00.43.17:010][969]LogModuleManager: Shutting down and abandoning module Overlay (218)
[2018.07.29-00.43.17:010][969]LogModuleManager: Shutting down and abandoning module OverlayEditor (217)
[2018.07.29-00.43.17:010][969]LogModuleManager: Shutting down and abandoning module VREditor (214)
[2018.07.29-00.43.17:010][969]LogModuleManager: Shutting down and abandoning module StringTableEditor (212)
[2018.07.29-00.43.17:010][969]LogModuleManager: Shutting down and abandoning module GameplayTasksEditor (210)
[2018.07.29-00.43.17:010][969]LogModuleManager: Shutting down and abandoning module BehaviorTreeEditor (208)
[2018.07.29-00.43.17:010][969]LogModuleManager: Shutting down and abandoning module FunctionalTesting (206)
[2018.07.29-00.43.17:010][969]LogModuleManager: Shutting down and abandoning module CollisionAnalyzer (204)
[2018.07.29-00.43.17:010][969]LogModuleManager: Shutting down and abandoning module WorkspaceMenuStructure (203)
[2018.07.29-00.43.17:010][969]LogModuleManager: Shutting down and abandoning module UMG (200)
[2018.07.29-00.43.17:010][969]LogModuleManager: Shutting down and abandoning module UMGEditor (199)
[2018.07.29-00.43.17:010][969]LogModuleManager: Shutting down and abandoning module Sequencer (198)
[2018.07.29-00.43.17:010][969]LogModuleManager: Shutting down and abandoning module MessageLog (195)
[2018.07.29-00.43.17:010][969]LogModuleManager: Shutting down and abandoning module SlateReflector (190)
[2018.07.29-00.43.17:010][969]LogModuleManager: Shutting down and abandoning module Slate (188)
[2018.07.29-00.43.17:010][969]LogModuleManager: Shutting down and abandoning module EditorStyle (186)
[2018.07.29-00.43.17:012][969]LogModuleManager: Shutting down and abandoning module MRMesh (184)
[2018.07.29-00.43.17:012][969]LogModuleManager: Shutting down and abandoning module SourceCodeAccess (182)
[2018.07.29-00.43.17:012][969]LogModuleManager: Shutting down and abandoning module HeadMountedDisplay (180)
[2018.07.29-00.43.17:012][969]LogModuleManager: Shutting down and abandoning module XAudio2 (178)
[2018.07.29-00.43.17:012][969]LogModuleManager: Shutting down and abandoning module Networking (176)
[2018.07.29-00.43.17:012][969]LogModuleManager: Shutting down and abandoning module Core (172)
[2018.07.29-00.43.17:012][969]LogModuleManager: Shutting down and abandoning module LevelSequence (168)
[2018.07.29-00.43.17:012][969]LogModuleManager: Shutting down and abandoning module DirectoryWatcher (166)
[2018.07.29-00.43.17:013][969]LogModuleManager: Shutting down and abandoning module KismetCompiler (164)
[2018.07.29-00.43.17:013][969]LogModuleManager: Shutting down and abandoning module MeshUtilities (162)
[2018.07.29-00.43.17:013][969]LogModuleManager: Shutting down and abandoning module MeshMergeUtilities (161)
[2018.07.29-00.43.17:013][969]LogModuleManager: Shutting down and abandoning module MeshReductionInterface (160)
[2018.07.29-00.43.17:013][969]LogModuleManager: Shutting down and abandoning module SimplygonSwarm (159)
[2018.07.29-00.43.17:013][969]LogModuleManager: Shutting down and abandoning module SimplygonMeshReduction (157)
[2018.07.29-00.43.17:013][969]LogModuleManager: Shutting down and abandoning module QuadricMeshReduction (155)
[2018.07.29-00.43.17:013][969]LogModuleManager: Shutting down and abandoning module MaterialBaking (151)
[2018.07.29-00.43.17:013][969]LogModuleManager: Shutting down and abandoning module DerivedDataCache (148)
[2018.07.29-00.43.17:067][969]LogDerivedDataCache: Shutdown
[2018.07.29-00.43.17:067][969]LogModuleManager: Shutting down and abandoning module TargetPlatform (146)
[2018.07.29-00.43.17:067][969]LogModuleManager: Shutting down and abandoning module VulkanShaderFormat (145)
[2018.07.29-00.43.17:067][969]LogModuleManager: Shutting down and abandoning module ShaderFormatVectorVM (143)
[2018.07.29-00.43.17:067][969]LogModuleManager: Shutting down and abandoning module ShaderFormatOpenGL (141)
[2018.07.29-00.43.17:067][969]LogModuleManager: Shutting down and abandoning module ShaderFormatD3D (139)
[2018.07.29-00.43.17:067][969]LogModuleManager: Shutting down and abandoning module MetalShaderFormat (137)
[2018.07.29-00.43.17:067][969]LogModuleManager: Shutting down and abandoning module TextureFormatUncompressed (135)
[2018.07.29-00.43.17:067][969]LogModuleManager: Shutting down and abandoning module TextureFormatPVR (133)
[2018.07.29-00.43.17:067][969]LogModuleManager: Shutting down and abandoning module TextureFormatDXT (131)
[2018.07.29-00.43.17:067][969]LogModuleManager: Shutting down and abandoning module TextureFormatIntelISPCTexComp (129)
[2018.07.29-00.43.17:067][969]LogModuleManager: Shutting down and abandoning module TextureFormatASTC (127)
[2018.07.29-00.43.17:067][969]LogModuleManager: Shutting down and abandoning module ImageWrapper (126)
[2018.07.29-00.43.17:067][969]LogModuleManager: Shutting down and abandoning module TextureFormatAndroid (123)
[2018.07.29-00.43.17:067][969]LogModuleManager: Shutting down and abandoning module AudioFormatOpus (121)
[2018.07.29-00.43.17:067][969]LogModuleManager: Shutting down and abandoning module AudioFormatOgg (119)
[2018.07.29-00.43.17:067][969]LogModuleManager: Shutting down and abandoning module AudioFormatADPCM (117)
[2018.07.29-00.43.17:067][969]LogModuleManager: Shutting down and abandoning module LinuxTargetPlatform (115)
[2018.07.29-00.43.17:067][969]LogModuleManager: Shutting down and abandoning module LinuxServerTargetPlatform (113)
[2018.07.29-00.43.17:067][969]LogModuleManager: Shutting down and abandoning module LinuxNoEditorTargetPlatform (111)
[2018.07.29-00.43.17:067][969]LogModuleManager: Shutting down and abandoning module LinuxClientTargetPlatform (109)
[2018.07.29-00.43.17:068][969]LogModuleManager: Shutting down and abandoning module TVOSTargetPlatform (107)
[2018.07.29-00.43.17:068][969]LogModuleManager: Shutting down and abandoning module Messaging (105)
[2018.07.29-00.43.17:068][969]LogModuleManager: Shutting down and abandoning module IOSTargetPlatform (103)
[2018.07.29-00.43.17:068][969]LogModuleManager: Shutting down and abandoning module HTML5TargetPlatform (101)
[2018.07.29-00.43.17:068][969]LogModuleManager: Shutting down and abandoning module AndroidTargetPlatform (99)
[2018.07.29-00.43.17:068][969]LogModuleManager: Shutting down and abandoning module Android_PVRTCTargetPlatform (97)
[2018.07.29-00.43.17:068][969]LogModuleManager: Shutting down and abandoning module Android_MultiTargetPlatform (95)
[2018.07.29-00.43.17:068][969]LogModuleManager: Shutting down and abandoning module Android_ETC2TargetPlatform (93)
[2018.07.29-00.43.17:068][969]LogModuleManager: Shutting down and abandoning module Android_ETC1TargetPlatform (91)
[2018.07.29-00.43.17:068][969]LogModuleManager: Shutting down and abandoning module Android_DXTTargetPlatform (89)
[2018.07.29-00.43.17:068][969]LogModuleManager: Shutting down and abandoning module Android_ATCTargetPlatform (87)
[2018.07.29-00.43.17:068][969]LogModuleManager: Shutting down and abandoning module Android_ASTCTargetPlatform (85)
[2018.07.29-00.43.17:068][969]LogModuleManager: Shutting down and abandoning module WindowsTargetPlatform (83)
[2018.07.29-00.43.17:068][969]LogModuleManager: Shutting down and abandoning module WindowsServerTargetPlatform (81)
[2018.07.29-00.43.17:068][969]LogModuleManager: Shutting down and abandoning module WindowsNoEditorTargetPlatform (79)
[2018.07.29-00.43.17:068][969]LogModuleManager: Shutting down and abandoning module WindowsClientTargetPlatform (77)
[2018.07.29-00.43.17:068][969]LogModuleManager: Shutting down and abandoning module MacTargetPlatform (75)
[2018.07.29-00.43.17:068][969]LogModuleManager: Shutting down and abandoning module MacServerTargetPlatform (73)
[2018.07.29-00.43.17:068][969]LogModuleManager: Shutting down and abandoning module MacNoEditorTargetPlatform (71)
[2018.07.29-00.43.17:068][969]LogModuleManager: Shutting down and abandoning module MacClientTargetPlatform (69)
[2018.07.29-00.43.17:068][969]LogModuleManager: Shutting down and abandoning module AllDesktopTargetPlatform (67)
[2018.07.29-00.43.17:068][969]LogModuleManager: Shutting down and abandoning module InputCore (64)
[2018.07.29-00.43.17:068][969]LogModuleManager: Shutting down and abandoning module Settings (62)
[2018.07.29-00.43.17:068][969]LogModuleManager: Shutting down and abandoning module PhysXCooking (60)
[2018.07.29-00.43.17:068][969]LogModuleManager: Shutting down and abandoning module SteamVR (58)
[2018.07.29-00.43.17:068][969]LogModuleManager: Shutting down and abandoning module OculusHMD (56)
[2018.07.29-00.43.17:068][969]LogModuleManager: Shutting down and abandoning module ExampleDeviceProfileSelector (54)
[2018.07.29-00.43.17:068][969]LogModuleManager: Shutting down and abandoning module AppleARKit (52)
[2018.07.29-00.43.17:068][969]LogModuleManager: Shutting down and abandoning module AugmentedReality (51)
[2018.07.29-00.43.17:068][969]LogModuleManager: Shutting down and abandoning module OnlineBlueprintSupport (48)
[2018.07.29-00.43.17:068][969]LogModuleManager: Shutting down and abandoning module OnlineSubsystem (44)
[2018.07.29-00.43.17:068][969]LogModuleManager: Shutting down and abandoning module XMPP (43)
[2018.07.29-00.43.17:068][969]LogModuleManager: Shutting down and abandoning module HTTP (41)
[2018.07.29-00.43.17:068][969]LogHttp: Display: Http module shutting down, but needs to wait on 1 outstanding Http requests:
[2018.07.29-00.43.17:068][969]LogHttp: Display: 	verb=[POST] url=[https://datarouter.ol.epicgames.com/datarouter/api/v1/public/data?SessionID=%7BFEBDE938-4509-F17C-2294-16A1036D47FA%7D&AppID=UEEditor.Rocket.Release&AppVersion=4.18.3-3832480%2B%2B%2BUE4%2BRelease-4.18&UserID=7e5b2c014c7bea667e7322b9c64033a5%7C95d8a0419b8b4b2ca55b199c7d55eef6%7Ce7ce1c4d-2e3f-4dea-ab5b-de732cb48466&AppEnvironment=datacollector-binary&UploadType=eteventstream] status=Processing
[2018.07.29-00.43.17:072][969]LogModuleManager: Shutting down and abandoning module SSL (40)
[2018.07.29-00.43.17:073][969]LogModuleManager: Shutting down and abandoning module AnimationModifiers (36)
[2018.07.29-00.43.17:073][969]LogModuleManager: Shutting down and abandoning module PropertyEditor (35)
[2018.07.29-00.43.17:073][969]LogModuleManager: Shutting down and abandoning module AudioEditor (32)
[2018.07.29-00.43.17:073][969]LogModuleManager: Shutting down and abandoning module TextureCompressor (30)
[2018.07.29-00.43.17:073][969]LogModuleManager: Shutting down and abandoning module ShaderCore (28)
[2018.07.29-00.43.17:074][969]LogModuleManager: Shutting down and abandoning module Landscape (26)
[2018.07.29-00.43.17:074][969]LogModuleManager: Shutting down and abandoning module SlateRHIRenderer (24)
[2018.07.29-00.43.17:074][969]LogModuleManager: Shutting down and abandoning module OpenGLDrv (22)
[2018.07.29-00.43.17:074][969]LogModuleManager: Shutting down and abandoning module D3D11RHI (20)
[2018.07.29-00.43.17:074][969]LogModuleManager: Shutting down and abandoning module AnimGraphRuntime (18)
[2018.07.29-00.43.17:074][969]LogModuleManager: Shutting down and abandoning module Renderer (16)
[2018.07.29-00.43.17:074][969]LogModuleManager: Shutting down and abandoning module Engine (14)
[2018.07.29-00.43.17:074][969]LogModuleManager: Shutting down and abandoning module CoreUObject (12)
[2018.07.29-00.43.17:074][969]LogModuleManager: Shutting down and abandoning module NetworkFile (10)
[2018.07.29-00.43.17:074][969]LogModuleManager: Shutting down and abandoning module CookedIterativeFile (8)
[2018.07.29-00.43.17:074][969]LogModuleManager: Shutting down and abandoning module StreamingFile (6)
[2018.07.29-00.43.17:074][969]LogModuleManager: Shutting down and abandoning module SandboxFile (4)
[2018.07.29-00.43.17:074][969]LogModuleManager: Shutting down and abandoning module PakFile (2)
[2018.07.29-00.43.17:091][969]LogExit: Exiting.
[2018.07.29-00.43.17:097][969]Log file closed, 07/29/18 02:43:17
