Log file open, 07/28/18 22:15:30
LogWindows: Failed to load 'aqProf.dll' (GetLastError=126)
LogWindows: File 'aqProf.dll' does not exist
LogWindows: Failed to load 'VSPerf140.dll' (GetLastError=126)
LogWindows: File 'VSPerf140.dll' does not exist
LogWindows: Failed to load 'VtuneApi.dll' (GetLastError=126)
LogWindows: File 'VtuneApi.dll' does not exist
LogWindows: Failed to load 'VtuneApi32e.dll' (GetLastError=126)
LogWindows: File 'VtuneApi32e.dll' does not exist
LogInit: Display: Running engine for game: FPSGame
LogPlatformFile: Not using cached read wrapper
LogInit: Display: RandInit(-1211666166) SRandInit(-1211666166).
LogInit: Read version file with build ID '3709383'
LogInit: Overriding engine version to CL 3832480, compatible CL 3709383
LogInit: Registered custom module enumerator with build ID '3709383'
LogTaskGraph: Started task graph with 5 named threads and 20 total threads with 3 sets of task threads.
LogStats: Stats thread started at 4.067538
LogD3D11RHI: Aftermath initialized
LogPluginManager: Mounting plugin Paper2D
LogPluginManager: Mounting plugin LightPropagationVolume
LogPluginManager: Mounting plugin CodeLiteSourceCodeAccess
LogPluginManager: Mounting plugin GitSourceControl
LogPluginManager: Mounting plugin KDevelopSourceCodeAccess
LogPluginManager: Mounting plugin NullSourceCodeAccess
LogPluginManager: Mounting plugin PerforceSourceControl
LogPluginManager: Mounting plugin SubversionSourceControl
LogPluginManager: Mounting plugin UObjectPlugin
LogPluginManager: Mounting plugin VisualStudioCodeSourceCodeAccess
LogPluginManager: Mounting plugin VisualStudioSourceCodeAccess
LogPluginManager: Mounting plugin XCodeSourceCodeAccess
LogPluginManager: Mounting plugin AssetManagerEditor
LogPluginManager: Mounting plugin AudioCapture
LogPluginManager: Mounting plugin FacialAnimation
LogPluginManager: Mounting plugin GameplayTagsEditor
LogPluginManager: Mounting plugin MobileLauncherProfileWizard
LogPluginManager: Mounting plugin PluginBrowser
LogPluginManager: Mounting plugin SpeedTreeImporter
LogPluginManager: Mounting plugin AlembicImporter
LogPluginManager: Mounting plugin CharacterAI
LogPluginManager: Mounting plugin HTML5Networking
LogPluginManager: Mounting plugin AndroidMedia
LogPluginManager: Mounting plugin AvfMedia
LogPluginManager: Mounting plugin ImgMedia
LogPluginManager: Mounting plugin MediaCompositing
LogPluginManager: Mounting plugin MediaPlayerEditor
LogPluginManager: Mounting plugin WmfMedia
LogPluginManager: Mounting plugin TcpMessaging
LogPluginManager: Mounting plugin UdpMessaging
LogPluginManager: Mounting plugin ActorSequence
LogPluginManager: Mounting plugin LevelSequenceEditor
LogPluginManager: Mounting plugin MatineeToLevelSequence
LogPluginManager: Mounting plugin OnlineSubsystemGooglePlay
LogPluginManager: Mounting plugin OnlineSubsystemIOS
LogPluginManager: Mounting plugin OnlineSubsystem
LogPluginManager: Mounting plugin OnlineSubsystemNull
LogPluginManager: Mounting plugin OnlineSubsystemUtils
LogPluginManager: Mounting plugin AndroidDeviceProfileSelector
LogPluginManager: Mounting plugin AndroidMoviePlayer
LogPluginManager: Mounting plugin AndroidPermission
LogPluginManager: Mounting plugin AppleARKit
LogPluginManager: Mounting plugin AppleMoviePlayer
LogPluginManager: Mounting plugin ArchVisCharacter
LogPluginManager: Mounting plugin CableComponent
LogPluginManager: Mounting plugin CustomMeshComponent
LogPluginManager: Mounting plugin ExampleDeviceProfileSelector
LogPluginManager: Mounting plugin GoogleCloudMessaging
LogPluginManager: Mounting plugin ImmediatePhysics
LogPluginManager: Mounting plugin IOSDeviceProfileSelector
LogPluginManager: Mounting plugin LinuxDeviceProfileSelector
LogPluginManager: Mounting plugin LocationServicesBPLibrary
LogPluginManager: Mounting plugin MobilePatchingUtils
LogPluginManager: Mounting plugin OculusVR
LogPluginManager: Plugin shader directory ../../../Engine/Plugins/Runtime/Oculus/OculusVR/Shaders found
LogPluginManager: Mapping shader source directory ../../../Engine/Plugins/Runtime/Oculus/OculusVR/Shaders to virtual directory /Plugin/OculusVR
LogPluginManager: Mounting plugin PhysXVehicles
LogPluginManager: Mounting plugin ProceduralMeshComponent
LogPluginManager: Mounting plugin RuntimePhysXCooking
LogPluginManager: Mounting plugin SteamVR
LogPluginManager: Mounting plugin WindowsMoviePlayer
LogModuleManager: Display: Found up-to-date module file ../../../../../../Programming/Unreal/Multiplayer_StealthGame/StealthGame/Binaries/Win64/UE4Editor-FPSGame.dll (API version 3709383).
LogModuleManager: Display: Found up-to-date module file ../../../Engine/Plugins/2D/Paper2D/Binaries/Win64/UE4Editor-Paper2D.dll (API version 3709383).
LogModuleManager: Display: Found up-to-date module file ../../../Engine/Plugins/2D/Paper2D/Binaries/Win64/UE4Editor-Paper2DEditor.dll (API version 3709383).
LogModuleManager: Display: Found up-to-date module file ../../../Engine/Plugins/2D/Paper2D/Binaries/Win64/UE4Editor-PaperSpriteSheetImporter.dll (API version 3709383).
LogModuleManager: Display: Found up-to-date module file ../../../Engine/Plugins/2D/Paper2D/Binaries/Win64/UE4Editor-PaperTiledImporter.dll (API version 3709383).
LogModuleManager: Display: Found up-to-date module file ../../../Engine/Plugins/2D/Paper2D/Binaries/Win64/UE4Editor-SmartSnapping.dll (API version 3709383).
LogModuleManager: Display: Found up-to-date module file ../../../Engine/Plugins/Blendables/LightPropagationVolume/Binaries/Win64/UE4Editor-LightPropagationVolumeRuntime.dll (API version 3709383).
LogModuleManager: Display: Found up-to-date module file ../../../Engine/Plugins/Blendables/LightPropagationVolume/Binaries/Win64/UE4Editor-LightPropagationVolumeEditor.dll (API version 3709383).
LogModuleManager: Display: Found up-to-date module file ../../../Engine/Plugins/Developer/GitSourceControl/Binaries/Win64/UE4Editor-GitSourceControl.dll (API version 3709383).
LogModuleManager: Display: Found up-to-date module file ../../../Engine/Plugins/Developer/PerforceSourceControl/Binaries/Win64/UE4Editor-PerforceSourceControl.dll (API version 3709383).
LogModuleManager: Display: Found up-to-date module file ../../../Engine/Plugins/Developer/SubversionSourceControl/Binaries/Win64/UE4Editor-SubversionSourceControl.dll (API version 3709383).
LogModuleManager: Display: Found up-to-date module file ../../../Engine/Plugins/Developer/UObjectPlugin/Binaries/Win64/UE4Editor-UObjectPlugin.dll (API version 3709383).
LogModuleManager: Display: Found up-to-date module file ../../../Engine/Plugins/Developer/VisualStudioCodeSourceCodeAccess/Binaries/Win64/UE4Editor-VisualStudioCodeSourceCodeAccess.dll (API version 3709383).
LogModuleManager: Display: Found up-to-date module file ../../../Engine/Plugins/Developer/VisualStudioSourceCodeAccess/Binaries/Win64/UE4Editor-VisualStudioSourceCodeAccess.dll (API version 3709383).
LogModuleManager: Display: Found up-to-date module file ../../../Engine/Plugins/Editor/AssetManagerEditor/Binaries/Win64/UE4Editor-AssetManagerEditor.dll (API version 3709383).
LogModuleManager: Display: Found up-to-date module file ../../../Engine/Plugins/Editor/AudioCapture/Binaries/Win64/UE4Editor-AudioCapture.dll (API version 3709383).
LogModuleManager: Display: Found up-to-date module file ../../../Engine/Plugins/Editor/FacialAnimation/Binaries/Win64/UE4Editor-FacialAnimation.dll (API version 3709383).
LogModuleManager: Display: Found up-to-date module file ../../../Engine/Plugins/Editor/FacialAnimation/Binaries/Win64/UE4Editor-FacialAnimationEditor.dll (API version 3709383).
LogModuleManager: Display: Found up-to-date module file ../../../Engine/Plugins/Editor/GameplayTagsEditor/Binaries/Win64/UE4Editor-GameplayTagsEditor.dll (API version 3709383).
LogModuleManager: Display: Found up-to-date module file ../../../Engine/Plugins/Editor/MobileLauncherProfileWizard/Binaries/Win64/UE4Editor-MobileLauncherProfileWizard.dll (API version 3709383).
LogModuleManager: Display: Found up-to-date module file ../../../Engine/Plugins/Editor/PluginBrowser/Binaries/Win64/UE4Editor-PluginBrowser.dll (API version 3709383).
LogModuleManager: Display: Found up-to-date module file ../../../Engine/Plugins/Editor/SpeedTreeImporter/Binaries/Win64/UE4Editor-SpeedTreeImporter.dll (API version 3709383).
LogModuleManager: Display: Found up-to-date module file ../../../Engine/Plugins/Experimental/AlembicImporter/Binaries/Win64/UE4Editor-AlembicImporter.dll (API version 3709383).
LogModuleManager: Display: Found up-to-date module file ../../../Engine/Plugins/Experimental/AlembicImporter/Binaries/Win64/UE4Editor-AlembicLibrary.dll (API version 3709383).
LogModuleManager: Display: Found up-to-date module file ../../../Engine/Plugins/Experimental/CharacterAI/Binaries/Win64/UE4Editor-CharacterAI.dll (API version 3709383).
LogModuleManager: Display: Found up-to-date module file ../../../Engine/Plugins/Experimental/HTML5Networking/Binaries/Win64/UE4Editor-HTML5Networking.dll (API version 3709383).
LogModuleManager: Display: Found up-to-date module file ../../../Engine/Plugins/Media/AndroidMedia/Binaries/Win64/UE4Editor-AndroidMediaEditor.dll (API version 3709383).
LogModuleManager: Display: Found up-to-date module file ../../../Engine/Plugins/Media/AndroidMedia/Binaries/Win64/UE4Editor-AndroidMediaFactory.dll (API version 3709383).
LogModuleManager: Display: Found up-to-date module file ../../../Engine/Plugins/Media/AvfMedia/Binaries/Win64/UE4Editor-AvfMediaEditor.dll (API version 3709383).
LogModuleManager: Display: Found up-to-date module file ../../../Engine/Plugins/Media/AvfMedia/Binaries/Win64/UE4Editor-AvfMediaFactory.dll (API version 3709383).
LogModuleManager: Display: Found up-to-date module file ../../../Engine/Plugins/Media/AvfMedia/Binaries/Win64/UE4Editor-AvfMediaFactory.dll (API version 3709383).
LogModuleManager: Display: Found up-to-date module file ../../../Engine/Plugins/Media/ImgMedia/Binaries/Win64/UE4Editor-ImgMedia.dll (API version 3709383).
LogModuleManager: Display: Found up-to-date module file ../../../Engine/Plugins/Media/ImgMedia/Binaries/Win64/UE4Editor-ImgMediaEditor.dll (API version 3709383).
LogModuleManager: Display: Found up-to-date module file ../../../Engine/Plugins/Media/ImgMedia/Binaries/Win64/UE4Editor-ImgMediaFactory.dll (API version 3709383).
LogModuleManager: Display: Found up-to-date module file ../../../Engine/Plugins/Media/ImgMedia/Binaries/Win64/UE4Editor-ImgMediaFactory.dll (API version 3709383).
LogModuleManager: Display: Found up-to-date module file ../../../Engine/Plugins/Media/ImgMedia/Binaries/Win64/UE4Editor-OpenExrWrapper.dll (API version 3709383).
LogModuleManager: Display: Found up-to-date module file ../../../Engine/Plugins/Media/MediaCompositing/Binaries/Win64/UE4Editor-MediaCompositing.dll (API version 3709383).
LogModuleManager: Display: Found up-to-date module file ../../../Engine/Plugins/Media/MediaCompositing/Binaries/Win64/UE4Editor-MediaCompositingEditor.dll (API version 3709383).
LogModuleManager: Display: Found up-to-date module file ../../../Engine/Plugins/Media/MediaPlayerEditor/Binaries/Win64/UE4Editor-MediaPlayerEditor.dll (API version 3709383).
LogModuleManager: Display: Found up-to-date module file ../../../Engine/Plugins/Media/WmfMedia/Binaries/Win64/UE4Editor-WmfMedia.dll (API version 3709383).
LogModuleManager: Display: Found up-to-date module file ../../../Engine/Plugins/Media/WmfMedia/Binaries/Win64/UE4Editor-WmfMediaEditor.dll (API version 3709383).
LogModuleManager: Display: Found up-to-date module file ../../../Engine/Plugins/Media/WmfMedia/Binaries/Win64/UE4Editor-WmfMediaFactory.dll (API version 3709383).
LogModuleManager: Display: Found up-to-date module file ../../../Engine/Plugins/Media/WmfMedia/Binaries/Win64/UE4Editor-WmfMediaFactory.dll (API version 3709383).
LogModuleManager: Display: Found up-to-date module file ../../../Engine/Plugins/Messaging/TcpMessaging/Binaries/Win64/UE4Editor-TcpMessaging.dll (API version 3709383).
LogModuleManager: Display: Found up-to-date module file ../../../Engine/Plugins/Messaging/UdpMessaging/Binaries/Win64/UE4Editor-UdpMessaging.dll (API version 3709383).
LogModuleManager: Display: Found up-to-date module file ../../../Engine/Plugins/MovieScene/ActorSequence/Binaries/Win64/UE4Editor-ActorSequence.dll (API version 3709383).
LogModuleManager: Display: Found up-to-date module file ../../../Engine/Plugins/MovieScene/LevelSequenceEditor/Binaries/Win64/UE4Editor-LevelSequenceEditor.dll (API version 3709383).
LogModuleManager: Display: Found up-to-date module file ../../../Engine/Plugins/MovieScene/MatineeToLevelSequence/Binaries/Win64/UE4Editor-MatineeToLevelSequence.dll (API version 3709383).
LogModuleManager: Display: Found up-to-date module file ../../../Engine/Plugins/Online/OnlineSubsystem/Binaries/Win64/UE4Editor-OnlineSubsystem.dll (API version 3709383).
LogModuleManager: Display: Found up-to-date module file ../../../Engine/Plugins/Online/OnlineSubsystemNull/Binaries/Win64/UE4Editor-OnlineSubsystemNull.dll (API version 3709383).
LogModuleManager: Display: Found up-to-date module file ../../../Engine/Plugins/Online/OnlineSubsystemUtils/Binaries/Win64/UE4Editor-OnlineSubsystemUtils.dll (API version 3709383).
LogModuleManager: Display: Found up-to-date module file ../../../Engine/Plugins/Online/OnlineSubsystemUtils/Binaries/Win64/UE4Editor-OnlineBlueprintSupport.dll (API version 3709383).
LogModuleManager: Display: Found up-to-date module file ../../../Engine/Plugins/Runtime/AndroidDeviceProfileSelector/Binaries/Win64/UE4Editor-AndroidDeviceProfileSelector.dll (API version 3709383).
LogModuleManager: Display: Found up-to-date module file ../../../Engine/Plugins/Runtime/AndroidPermission/Binaries/Win64/UE4Editor-AndroidPermission.dll (API version 3709383).
LogModuleManager: Display: Found up-to-date module file ../../../Engine/Plugins/Runtime/AppleARKit/Binaries/Win64/UE4Editor-AppleARKit.dll (API version 3709383).
LogModuleManager: Display: Found up-to-date module file ../../../Engine/Plugins/Runtime/ArchVisCharacter/Binaries/Win64/UE4Editor-ArchVisCharacter.dll (API version 3709383).
LogModuleManager: Display: Found up-to-date module file ../../../Engine/Plugins/Runtime/CableComponent/Binaries/Win64/UE4Editor-CableComponent.dll (API version 3709383).
LogModuleManager: Display: Found up-to-date module file ../../../Engine/Plugins/Runtime/CustomMeshComponent/Binaries/Win64/UE4Editor-CustomMeshComponent.dll (API version 3709383).
LogModuleManager: Display: Found up-to-date module file ../../../Engine/Plugins/Runtime/ExampleDeviceProfileSelector/Binaries/Win64/UE4Editor-ExampleDeviceProfileSelector.dll (API version 3709383).
LogModuleManager: Display: Found up-to-date module file ../../../Engine/Plugins/Runtime/ImmediatePhysics/Binaries/Win64/UE4Editor-ImmediatePhysics.dll (API version 3709383).
LogModuleManager: Display: Found up-to-date module file ../../../Engine/Plugins/Runtime/ImmediatePhysics/Binaries/Win64/UE4Editor-ImmediatePhysicsEditor.dll (API version 3709383).
LogModuleManager: Display: Found up-to-date module file ../../../Engine/Plugins/Runtime/LocationServicesBPLibrary/Binaries/Win64/UE4Editor-LocationServicesBPLibrary.dll (API version 3709383).
LogModuleManager: Display: Found up-to-date module file ../../../Engine/Plugins/Runtime/MobilePatchingUtils/Binaries/Win64/UE4Editor-MobilePatchingUtils.dll (API version 3709383).
LogModuleManager: Display: Found up-to-date module file ../../../Engine/Plugins/Runtime/Oculus/OculusVR/Binaries/Win64/UE4Editor-OculusHMD.dll (API version 3709383).
LogModuleManager: Display: Found up-to-date module file ../../../Engine/Plugins/Runtime/Oculus/OculusVR/Binaries/Win64/UE4Editor-OculusInput.dll (API version 3709383).
LogModuleManager: Display: Found up-to-date module file ../../../Engine/Plugins/Runtime/Oculus/OculusVR/Binaries/Win64/UE4Editor-OculusEditor.dll (API version 3709383).
LogModuleManager: Display: Found up-to-date module file ../../../Engine/Plugins/Runtime/PhysXVehicles/Binaries/Win64/UE4Editor-PhysXVehicles.dll (API version 3709383).
LogModuleManager: Display: Found up-to-date module file ../../../Engine/Plugins/Runtime/PhysXVehicles/Binaries/Win64/UE4Editor-PhysXVehiclesEditor.dll (API version 3709383).
LogModuleManager: Display: Found up-to-date module file ../../../Engine/Plugins/Runtime/ProceduralMeshComponent/Binaries/Win64/UE4Editor-ProceduralMeshComponent.dll (API version 3709383).
LogModuleManager: Display: Found up-to-date module file ../../../Engine/Plugins/Runtime/ProceduralMeshComponent/Binaries/Win64/UE4Editor-ProceduralMeshComponentEditor.dll (API version 3709383).
LogModuleManager: Display: Found up-to-date module file ../../../Engine/Plugins/Runtime/RuntimePhysXCooking/Binaries/Win64/UE4Editor-RuntimePhysXCooking.dll (API version 3709383).
LogModuleManager: Display: Found up-to-date module file ../../../Engine/Plugins/Runtime/Steam/SteamVR/Binaries/Win64/UE4Editor-SteamVR.dll (API version 3709383).
LogModuleManager: Display: Found up-to-date module file ../../../Engine/Plugins/Runtime/Steam/SteamVR/Binaries/Win64/UE4Editor-SteamVRController.dll (API version 3709383).
LogModuleManager: Display: Found up-to-date module file ../../../Engine/Plugins/Runtime/WindowsMoviePlayer/Binaries/Win64/UE4Editor-WindowsMoviePlayer.dll (API version 3709383).
LogInit: Using libcurl 7.47.1
LogInit:  - built for x86_64-pc-win32
LogInit:  - supports SSL with OpenSSL/1.0.2g
LogInit:  - supports HTTP deflate (compression) using libz 1.2.8
LogInit:  - other features:
LogInit:      CURL_VERSION_SSL
LogInit:      CURL_VERSION_LIBZ
LogInit:      CURL_VERSION_IPV6
LogInit:      CURL_VERSION_ASYNCHDNS
LogInit:      CURL_VERSION_LARGEFILE
LogInit:      CURL_VERSION_IDN
LogInit:  CurlRequestOptions (configurable via config and command line):
LogInit:  - bVerifyPeer = false  - Libcurl will NOT verify peer certificate
LogInit:  - bUseHttpProxy = false  - Libcurl will NOT use HTTP proxy
LogInit:  - bDontReuseConnections = false  - Libcurl will reuse connections
LogInit:  - CertBundlePath = nullptr  - Libcurl will use whatever was configured at build time.
LogInit: Build: ++UE4+Release-4.18-CL-3832480
LogInit: Engine Version: 4.18.3-3832480+++UE4+Release-4.18
LogInit: Compatible Engine Version: 4.18.0-3709383+++UE4+Release-4.18
LogInit: Net CL: 3709383
LogDevObjectVersion: Number of dev versions registered: 16
LogDevObjectVersion:   Dev-Blueprints (B0D832E4-1F89-4F0D-ACCF-7EB736FD4AA2): 10
LogDevObjectVersion:   Dev-Build (E1C64328-A22C-4D53-A36C-8E866417BD8C): 0
LogDevObjectVersion:   Dev-Core (375EC13C-06E4-48FB-B500-84F0262A717E): 2
LogDevObjectVersion:   Dev-Editor (E4B068ED-F494-42E9-A231-DA0B2E46BB41): 20
LogDevObjectVersion:   Dev-Framework (CFFC743F-43B0-4480-9391-14DF171D2073): 30
LogDevObjectVersion:   Dev-Mobile (B02B49B5-BB20-44E9-A304-32B752E40360): 0
LogDevObjectVersion:   Dev-Networking (A4E4105C-59A1-49B5-A7C5-40C4547EDFEE): 0
LogDevObjectVersion:   Dev-Online (39C831C9-5AE6-47DC-9A44-9C173E1C8E7C): 0
LogDevObjectVersion:   Dev-Physics (78F01B33-EBEA-4F98-B9B4-84EACCB95AA2): 0
LogDevObjectVersion:   Dev-Platform (6631380F-2D4D-43E0-8009-CF276956A95A): 0
LogDevObjectVersion:   Dev-Rendering (12F88B9F-8875-4AFC-A67C-D90C383ABD29): 20
LogDevObjectVersion:   Dev-Sequencer (7B5AE74C-D270-4C10-A958-57980B212A5A): 4
LogDevObjectVersion:   Dev-VR (D7296918-1DD6-4BDD-9DE2-64A83CC13884): 0
LogDevObjectVersion:   Dev-LoadTimes (C2A15278-BFE7-4AFE-6C17-90FF531DF755): 1
LogDevObjectVersion:   Private-Geometry (6EACA3D4-40EC-4CC1-B786-8BED09428FC5): 1
LogDevObjectVersion:   Dev-AnimPhys (29E575DD-E0A3-4627-9D10-D276232CDCEA): 12
LogInit: Compiled (64-bit): Jan 12 2018 02:04:55
LogInit: Compiled with Visual C++: 19.00.24215.01
LogInit: Build Configuration: Development
LogInit: Branch Name: ++UE4+Release-4.18
LogInit: Command line:  
LogInit: Base directory: N:/Program Files/EpicGames/UE_4.18/Engine/Binaries/Win64/
LogInit: Installed Engine Build: 1
LogInit: Presizing for max 8388607 objects, including 0 objects not considered by GC, pre-allocating 0 bytes for permanent pool.
LogInit: Object subsystem initialized
[2018.07.28-20.15.33:939][  0]LogInit: Selected Device Profile: [Windows]
[2018.07.28-20.15.33:939][  0]LogInit: Applying CVar settings loaded from the selected device profile: [Windows]
[2018.07.28-20.15.34:012][  0]LogInit: Computer: SALAMANDER
[2018.07.28-20.15.34:012][  0]LogInit: User: morga
[2018.07.28-20.15.34:012][  0]LogInit: CPU Page size=4096, Cores=6
[2018.07.28-20.15.34:012][  0]LogInit: High frequency timer resolution =3.609377 MHz
[2018.07.28-20.15.34:013][  0]LogMemory: Memory total: Physical=15.9GB (16GB approx)
[2018.07.28-20.15.34:013][  0]LogMemory: Platform Memory Stats for Windows
[2018.07.28-20.15.34:013][  0]LogMemory: Process Physical Memory: 274.97 MB used, 274.97 MB peak
[2018.07.28-20.15.34:013][  0]LogMemory: Process Virtual Memory: 270.26 MB used, 270.26 MB peak
[2018.07.28-20.15.34:013][  0]LogMemory: Physical Memory: 5609.43 MB used,  10703.65 MB free, 16313.08 MB total
[2018.07.28-20.15.34:013][  0]LogMemory: Virtual Memory: 4779.99 MB used,  10703.65 MB free, 134217728.00 MB total
[2018.07.28-20.15.34:616][  0]LogInit: Using OS detected language (en-GB).
[2018.07.28-20.15.34:616][  0]LogInit: Using OS detected locale (en-GB).
[2018.07.28-20.15.34:737][  0]LogTextLocalizationManager: No specific localization for 'en-GB' exists, so the 'en' localization will be used.
[2018.07.28-20.15.35:276][  0]LogInit: Setting process to per monitor DPI aware
[2018.07.28-20.15.36:527][  0]LogD3D11RHI: D3D11 adapters:
[2018.07.28-20.15.36:580][  0]LogD3D11RHI:    0. 'NVIDIA GeForce GTX 1080 Ti' (Feature Level 11_0)
[2018.07.28-20.15.36:580][  0]LogD3D11RHI:       11127/0/8156 MB DedicatedVideo/DedicatedSystem/SharedSystem, Outputs:1, VendorId:0x10de
[2018.07.28-20.15.36:581][  0]LogD3D11RHI:    1. 'Microsoft Basic Render Driver' (Feature Level 11_0)
[2018.07.28-20.15.36:581][  0]LogD3D11RHI:       0/0/8156 MB DedicatedVideo/DedicatedSystem/SharedSystem, Outputs:0, VendorId:0x1414
[2018.07.28-20.15.36:581][  0]LogD3D11RHI: Chosen D3D11 Adapter: 0
[2018.07.28-20.15.36:586][  0]LogD3D11RHI: Creating new Direct3DDevice
[2018.07.28-20.15.36:586][  0]LogD3D11RHI:     GPU DeviceId: 0x1b06 (for the marketing name, search the web for "GPU Device Id")
[2018.07.28-20.15.36:586][  0]LogWindows: EnumDisplayDevices:
[2018.07.28-20.15.36:586][  0]LogWindows:    0. 'NVIDIA GeForce GTX 1080 Ti' (P:1 D:1)
[2018.07.28-20.15.36:586][  0]LogWindows:    1. 'NVIDIA GeForce GTX 1080 Ti' (P:0 D:0)
[2018.07.28-20.15.36:586][  0]LogWindows:    2. 'NVIDIA GeForce GTX 1080 Ti' (P:0 D:0)
[2018.07.28-20.15.36:587][  0]LogWindows:    3. 'NVIDIA GeForce GTX 1080 Ti' (P:0 D:0)
[2018.07.28-20.15.36:587][  0]LogWindows: DebugString: GetVideoDriverDetailsInvalid PrimaryIsNotTheChoosenAdapter GetVideoDriverDetailsInvalid PrimaryIsNotTheChoosenAdapter GetVideoDriverDetailsInvalid PrimaryIsNotTheChoosenAdapter GetVideoDriverDetailsInvalid PrimaryIsNotTheChoosenAdapter FoundDriverCount:0 
[2018.07.28-20.15.36:587][  0]LogD3D11RHI:     Adapter Name: NVIDIA GeForce GTX 1080 Ti
[2018.07.28-20.15.36:587][  0]LogD3D11RHI:   Driver Version: Unknown (internal:Unknown, unified:Unknown)
[2018.07.28-20.15.36:587][  0]LogD3D11RHI:      Driver Date: Unknown
[2018.07.28-20.15.36:587][  0]LogRHI: Texture pool is 7788 MB (70% of 11127 MB)
[2018.07.28-20.15.36:615][  0]LogD3D11RHI: Async texture creation enabled
[2018.07.28-20.15.36:936][  0]LogD3D11RHI: GPU Timing Frequency: 1000.000000 (Debug: 2 2)
[2018.07.28-20.15.37:099][  0]LogShaderCompilers: Guid format shader working directory is -27 characters bigger than the processId version (../../../../../../Programming/Unreal/Multiplayer_StealthGame/StealthGame/Intermediate/Shaders/WorkingDirectory/10096/).
[2018.07.28-20.15.37:100][  0]LogShaderCompilers: Cleaned the shader compiler working directory 'C:/Users/morga/AppData/Local/Temp/UnrealShaderWorkingDir/D013D87F47A679281A772496BE8E2364/'.
[2018.07.28-20.15.37:118][  0]LogShaderCompilers: Display: Using Local Shader Compiler.
[2018.07.28-20.15.39:135][  0]LogTemp: Display: Loaded TP AllDesktopTargetPlatform
[2018.07.28-20.15.39:165][  0]LogTemp: Display: Loaded TP MacClientTargetPlatform
[2018.07.28-20.15.39:195][  0]LogTemp: Display: Loaded TP MacNoEditorTargetPlatform
[2018.07.28-20.15.39:224][  0]LogTemp: Display: Loaded TP MacServerTargetPlatform
[2018.07.28-20.15.39:356][  0]LogTemp: Display: Loaded TP MacTargetPlatform
[2018.07.28-20.15.39:389][  0]LogTemp: Display: Loaded TP WindowsClientTargetPlatform
[2018.07.28-20.15.39:418][  0]LogTemp: Display: Loaded TP WindowsNoEditorTargetPlatform
[2018.07.28-20.15.39:453][  0]LogTemp: Display: Loaded TP WindowsServerTargetPlatform
[2018.07.28-20.15.39:480][  0]LogTemp: Display: Loaded TP WindowsTargetPlatform
[2018.07.28-20.15.39:531][  0]LogTemp: Display: Loaded TP Android_ASTCTargetPlatform
[2018.07.28-20.15.39:561][  0]LogTemp: Display: Loaded TP Android_ATCTargetPlatform
[2018.07.28-20.15.39:590][  0]LogTemp: Display: Loaded TP Android_DXTTargetPlatform
[2018.07.28-20.15.39:620][  0]LogTemp: Display: Loaded TP Android_ETC1TargetPlatform
[2018.07.28-20.15.39:650][  0]LogTemp: Display: Loaded TP Android_ETC2TargetPlatform
[2018.07.28-20.15.39:710][  0]LogTemp: Display: Loaded TP Android_MultiTargetPlatform
[2018.07.28-20.15.39:710][  0]LogTemp: Display: Loaded TP Android_PVRTCTargetPlatform
[2018.07.28-20.15.39:779][  0]LogTemp: Display: Loaded TP AndroidTargetPlatform
[2018.07.28-20.15.39:807][  0]LogTemp: Display: Loaded TP HTML5TargetPlatform
[2018.07.28-20.15.39:955][  0]LogTemp: Display: Loaded TP IOSTargetPlatform
[2018.07.28-20.15.39:993][  0]LogTemp: Display: Loaded TP TVOSTargetPlatform
[2018.07.28-20.15.40:038][  0]LogTemp: Display: Loaded TP LinuxClientTargetPlatform
[2018.07.28-20.15.40:090][  0]LogTemp: Display: Loaded TP LinuxNoEditorTargetPlatform
[2018.07.28-20.15.40:154][  0]LogTemp: Display: Loaded TP LinuxServerTargetPlatform
[2018.07.28-20.15.40:206][  0]LogTemp: Display: Loaded TP LinuxTargetPlatform
[2018.07.28-20.15.40:206][  0]LogTargetPlatformManager: Display: Building Assets For Windows
[2018.07.28-20.15.41:022][  0]LogDerivedDataCache: Display: Max Cache Size: 512 MB
[2018.07.28-20.15.41:294][  0]LogDerivedDataCache: Loaded boot cache 0.27s 81MB C:/Users/morga/AppData/Local/UnrealEngine/4.18/DerivedDataCache/Boot.ddc.
[2018.07.28-20.15.41:294][  0]LogDerivedDataCache: Display: Loaded Boot cache: C:/Users/morga/AppData/Local/UnrealEngine/4.18/DerivedDataCache/Boot.ddc
[2018.07.28-20.15.41:294][  0]LogDerivedDataCache: FDerivedDataBackendGraph:  Pak pak cache file ../../../../../../Programming/Unreal/Multiplayer_StealthGame/StealthGame/DerivedDataCache/DDC.ddp not found, will not use a pak cache.
[2018.07.28-20.15.41:294][  0]LogDerivedDataCache: Unable to find inner node Pak for hierarchical cache Hierarchy.
[2018.07.28-20.15.41:294][  0]LogDerivedDataCache: FDerivedDataBackendGraph:  CompressedPak pak cache file ../../../../../../Programming/Unreal/Multiplayer_StealthGame/StealthGame/DerivedDataCache/Compressed.ddp not found, will not use a pak cache.
[2018.07.28-20.15.41:294][  0]LogDerivedDataCache: Unable to find inner node CompressedPak for hierarchical cache Hierarchy.
[2018.07.28-20.15.41:355][  0]LogDerivedDataCache: Display: Pak cache opened for reading ../../../Engine/DerivedDataCache/Compressed.ddp.
[2018.07.28-20.15.41:368][  0]LogDerivedDataCache: Using Local data cache path C:/Users/morga/AppData/Local/UnrealEngine/Common/DerivedDataCache: Writable
[2018.07.28-20.15.41:421][  0]LogMaterial: Verifying Global Shaders for PCD3D_SM5
[2018.07.28-20.15.41:550][  0]LogSlate: Using Freetype 2.6.0
[2018.07.28-20.15.41:611][  0]LogSlate: SlateFontCache - WITH_FREETYPE: 1, WITH_HARFBUZZ: 1
[2018.07.28-20.15.41:612][  0]LogSlate: SlateFontCache - WITH_FREETYPE: 1, WITH_HARFBUZZ: 1
[2018.07.28-20.15.45:423][  0]LogInit: Selected Device Profile: [Windows]
[2018.07.28-20.15.46:704][  0]LogSimplygon: Simplygon DLL not present - disabling.
[2018.07.28-20.15.46:736][  0]LogMeshReduction: Using SimplygonSwarm for distributed automatic mesh merging
[2018.07.28-20.15.46:737][  0]LogMeshReduction: Using QuadricMeshReduction for automatic static mesh reduction
[2018.07.28-20.15.46:737][  0]LogMeshReduction: No automatic skeletal mesh reduction module available
[2018.07.28-20.15.46:737][  0]LogMeshReduction: No automatic mesh merging module available
[2018.07.28-20.15.46:737][  0]LogMeshMerging: No automatic mesh merging module available
[2018.07.28-20.15.47:152][  0]LogNetVersion: FPSGame , NetCL: 3709383, EngineNetVer: 2, GameNetVer: 0 (Checksum: 875609505)
[2018.07.28-20.15.48:092][  0]LogAssetRegistry: FAssetRegistry took 0.0287 seconds to start up
[2018.07.28-20.15.54:368][  0]LogPackageLocalizationCache: Processed 7 localized package path(s) for 2 prioritized culture(s) in 0.177564 seconds
[2018.07.28-20.15.54:421][  0]LogUObjectArray: 35870 objects as part of root set at end of initial load.
[2018.07.28-20.15.54:422][  0]LogUObjectAllocator: 7363704 out of 0 bytes used by permanent object pool.
[2018.07.28-20.15.54:422][  0]LogUObjectArray: CloseDisregardForGC: 0/0 objects in disregard for GC pool
[2018.07.28-20.15.54:541][  0]LogInit: WinSock: version 1.1 (2.2), MaxSocks=32767, MaxUdp=65467
[2018.07.28-20.16.07:117][  0]LogTcpMessaging: Initializing TcpMessaging bridge
[2018.07.28-20.16.07:192][  0]LogUdpMessaging: Initializing bridge on interface 0.0.0.0:0 to multicast group 230.0.0.1:6666.
[2018.07.28-20.16.09:236][  0]LogMaterial: Missing cached shader map for material M_FPGun, compiling. 
[2018.07.28-20.16.09:543][  0]LogMaterial: Missing cached shader map for material M_PlayerArms, compiling. 
[2018.07.28-20.16.09:598][  0]LogMaterial: Missing cached shader map for material M_Projectile, compiling. 
[2018.07.28-20.16.09:617][  0]LogStaticMesh: Building static mesh FirstPersonProjectileMesh...
[2018.07.28-20.16.09:930][  0]LogStaticMesh: Built static mesh [0.31s] /Game/Weapon/FirstPersonProjectileMesh.FirstPersonProjectileMesh
[2018.07.28-20.16.12:079][  0]LogMaterial: Uniform references updated for custom material expression Custom.
[2018.07.28-20.16.13:371][  0]SourceControl: Source control is disabled
[2018.07.28-20.16.13:385][  0]SourceControl: Source control is disabled
[2018.07.28-20.16.13:488][  0]SourceControl: Source control is disabled
[2018.07.28-20.16.13:603][  0]SourceControl: Source control is disabled
[2018.07.28-20.16.15:402][  0]LogAndroidPermission: UAndroidPermissionCallbackProxy::GetInstance
[2018.07.28-20.16.15:815][  0]LogOcInput: OculusInput pre-init called
[2018.07.28-20.16.16:661][  0]LogEngine: Initializing Engine...
[2018.07.28-20.16.16:811][  0]LogHMD: Failed to initialize OpenVR with code 105
[2018.07.28-20.16.17:196][  0]LogStats: UGameplayTagsManager::ConstructGameplayTagTree: Construct from data asset -  0.000 s
[2018.07.28-20.16.17:197][  0]LogStats: UGameplayTagsManager::ConstructGameplayTagTree: GameplayTagTreeChangedEvent.Broadcast -  0.000 s
[2018.07.28-20.16.17:865][  0]LogAIModule: Creating AISystem for world Untitled
[2018.07.28-20.16.18:200][  0]LogInit: XAudio2 using 'Speakers (ASUS ROG Spitfire)' : 2 channels at 48 kHz using 16 bits per sample (channel mask 0x3)
[2018.07.28-20.16.18:242][  0]LogInit: FAudioDevice initialized.
[2018.07.28-20.16.18:330][  0]LogDerivedDataCache: Saved boot cache 0.07s 81MB C:/Users/morga/AppData/Local/UnrealEngine/4.18/DerivedDataCache/Boot.ddc.
[2018.07.28-20.16.18:338][  0]LogInit: Texture streaming: Enabled
[2018.07.28-20.16.18:568][  0]LogEngineSessionManager: EngineSessionManager initialized
[2018.07.28-20.16.18:813][  0]LogWindowsTextInputMethodSystem: Display: IME system now deactivated.
[2018.07.28-20.16.19:112][  0]LogInit: Transaction tracking system initialized
[2018.07.28-20.16.21:591][  0]BlueprintLog: New page: Editor Load
[2018.07.28-20.16.26:432][  0]LocalizationService: Localization service is disabled
[2018.07.28-20.16.30:255][  0]LogConsoleResponse: Display: 
[2018.07.28-20.16.32:421][  0]LogFileCache: Scanning file cache for directory 'N:/Programming/Unreal/Multiplayer_StealthGame/StealthGame/Content/' took 0.04s
[2018.07.28-20.16.32:421][  0]LogCook: Display: Max memory allowance for cook 16384mb min free memory 0mb
[2018.07.28-20.16.32:431][  0]LogCook: Display: Mobile HDR setting 1
[2018.07.28-20.16.32:447][  0]LogGameplayTags: Display: UGameplayTagsManager::DoneAddingNativeTags. DelegateIsBound: 0
[2018.07.28-20.16.37:564][  0]SourceControl: Source control is disabled
[2018.07.28-20.16.37:622][  0]Cmd: MAP LOAD FILE="../../../../../../Programming/Unreal/Multiplayer_StealthGame/StealthGame/Content/Maps/FirstPersonExampleMap.umap" TEMPLATE=0 SHOWPROGRESS=1 FEATURELEVEL=3
[2018.07.28-20.16.37:669][  0]LightingResults: New page: Lighting Build
[2018.07.28-20.16.38:097][  0]MapCheck: New page: Map Check
[2018.07.28-20.16.38:097][  0]LightingResults: New page: Lighting Build
[2018.07.28-20.16.40:128][  0]LogTexture: Display: Building textures: AOMaterialMask0_1 (BC4, 1024X512)
[2018.07.28-20.16.40:128][  0]LogTexture: Display: Building textures: SkyOcclusion1_1 (AutoDXT, 1024X512)
[2018.07.28-20.16.40:128][  0]LogTexture: Display: Building textures: LQ_Lightmap_1_1 (DXT1, 1024X1024)
[2018.07.28-20.16.40:128][  0]LogTexture: Display: Building textures: HQ_Lightmap1_1 (AutoDXT, 1024X1024)
[2018.07.28-20.16.40:128][  0]LogTexture: Display: Building textures: ShadowMapTexture2D_2 (G8, 1024X512)
[2018.07.28-20.16.40:128][  0]LogMaterial: Missing cached shader map for material M_BlockoutSimple, compiling. 
[2018.07.28-20.16.40:203][  0]LogMaterial: Missing cached shader map for material M_BlockoutSimple, compiling. 
[2018.07.28-20.16.40:540][  0]LogStaticMesh: Building static mesh Shape_Cube...
[2018.07.28-20.16.40:541][  0]LogStaticMesh: Built static mesh [0.00s] /Game/Environment/Shape_Cube.Shape_Cube
[2018.07.28-20.16.40:568][  0]LogMaterial: Missing cached shader map for material AntiAliasedTextMaterialTranslucent_Glow, compiling. 
[2018.07.28-20.16.40:695][  0]LogMaterial: Missing cached shader map for material M_Cube, compiling. 
[2018.07.28-20.16.40:723][  0]LogAIModule: Creating AISystem for world FirstPersonExampleMap
[2018.07.28-20.16.43:844][  0]LogEditorServer: Finished looking for orphan Actors (0.000 secs)
[2018.07.28-20.16.44:378][  0]Cmd: MAP CHECKDEP NOCLEARLOG
[2018.07.28-20.16.44:661][  0]MapCheck: Map check complete: 0 Error(s), 0 Warning(s), took 229.051ms to complete.
[2018.07.28-20.16.44:662][  0]LogFileHelpers: Loading map 'FirstPersonExampleMap' took 7.059
[2018.07.28-20.16.48:727][  0]LogCollectionManager: Loaded 0 collections in 0.004844 seconds
[2018.07.28-20.16.49:707][  0]LogFileCache: Scanning file cache for directory 'N:/Programming/Unreal/Multiplayer_StealthGame/StealthGame/Saved/Collections/' took 0.01s
[2018.07.28-20.16.49:707][  0]LogFileCache: Scanning file cache for directory 'N:/Programming/Unreal/Multiplayer_StealthGame/StealthGame/Content/Developers/morga/Collections/' took 0.01s
[2018.07.28-20.16.49:707][  0]LogFileCache: Scanning file cache for directory 'N:/Programming/Unreal/Multiplayer_StealthGame/StealthGame/Content/Collections/' took 0.01s
[2018.07.28-20.16.49:707][  0]LogCollectionManager: Rebuilt the GUID cache for 0 collections in 0.000000 seconds
[2018.07.28-20.16.49:822][  0]LogContentBrowser: Native class hierarchy populated in 0.0837 seconds. Added 2368 classes and 524 folders.
[2018.07.28-20.16.50:086][  0]LogContentBrowser: Native class hierarchy updated for 'WidgetCarousel' in 0.0004 seconds. Added 0 classes and 0 folders.
[2018.07.28-20.16.52:639][  0]LogContentBrowser: Native class hierarchy updated for 'AddContentDialog' in 0.0005 seconds. Added 0 classes and 0 folders.
[2018.07.28-20.16.54:917][  0]LogSlate: Took 0.042602 seconds to synchronously load lazily loaded font '../../../Engine/Content/Slate/Fonts/Roboto-Regular.ttf' (155K)
[2018.07.28-20.16.55:078][  0]LogSlate: Took 0.033385 seconds to synchronously load lazily loaded font '../../../Engine/Content/Slate/Fonts/Roboto-Bold.ttf' (160K)
[2018.07.28-20.16.55:202][  0]LogSlate: Took 0.018090 seconds to synchronously load lazily loaded font '../../../Engine/Content/Editor/Slate/Fonts/FontAwesome.ttf' (139K)
[2018.07.28-20.16.55:218][  0]LogSlate: Took 0.014709 seconds to synchronously load lazily loaded font '../../../Engine/Content/Editor/Slate/Fonts/DroidSansMono.ttf' (77K)
[2018.07.28-20.16.55:793][  0]LogRenderer: Reallocating scene render targets to support 2108x892 Format 10 NumSamples 1 (Frame:1).
[2018.07.28-20.16.57:801][  0]LogContentBrowser: Native class hierarchy updated for 'HierarchicalLODOutliner' in 0.0020 seconds. Added 1 classes and 2 folders.
[2018.07.28-20.16.57:801][  0]LogLoad: (Engine Initialization) Total time: 97.08 seconds
[2018.07.28-20.16.57:802][  0]LogLoad: (Engine Initialization) Total Blueprint compile time: 0.00 seconds
[2018.07.28-20.16.57:821][  0]LogExternalProfiler: No external profilers were discovered.  External profiling features will not be available.
[2018.07.28-20.16.58:502][  0]LogContentStreaming: Texture pool size now 1000 MB
[2018.07.28-20.16.59:099][  2]LogAssetRegistry: Asset discovery search completed in 71.0284 seconds
[2018.07.28-20.16.59:251][  2]LogCollectionManager: Rebuilt the object cache for 0 collections in 0.000001 seconds (found 0 objects)
[2018.07.28-20.16.59:252][  2]LogCollectionManager: Fixed up redirectors for 0 collections in 0.000652 seconds (updated 0 objects)
[2018.07.28-22.22.27:777][760]LogSlate: Took 0.010618 seconds to synchronously load lazily loaded font '../../../Engine/Content/Slate/Fonts/Roboto-Light.ttf' (159K)
[2018.07.28-22.22.27:968][760]LogSlate: Took 0.034900 seconds to synchronously load lazily loaded font '../../../Engine/Content/Editor/Slate/Fonts/Roboto-BoldCondensed.ttf' (158K)
[2018.07.28-22.23.00:608][334]Running N:/Program Files/EpicGames/UE_4.18/Engine/Binaries/DotNET/UnrealBuildTool.exe  -projectfiles -project="N:/Programming/Unreal/Multiplayer_StealthGame/StealthGame/FPSGame.uproject" -game -rocket -progress
[2018.07.28-22.23.00:812][334]Discovering modules, targets and source code for project...
[2018.07.28-22.23.02:323][334]LogSlate: Took 0.000098 seconds to synchronously load lazily loaded font '../../../Engine/Content/Slate/Fonts/Roboto-Regular.ttf' (155K)
[2018.07.28-22.23.02:659][334]LogVSAccessor: Warning: Couldn't access Visual Studio
[2018.07.28-22.23.02:756][334]Candidate modules for hot reload:
[2018.07.28-22.23.02:756][334]  FPSGame
[2018.07.28-22.23.02:756][334]Launching UnrealBuildTool... [N:/Program Files/EpicGames/UE_4.18/Engine/Binaries/DotNET/UnrealBuildTool.exe FPSGame -ModuleWithSuffix FPSGame 9718 Win64 Development -editorrecompile -canskiplink "N:/Programming/Unreal/Multiplayer_StealthGame/StealthGame/FPSGame.uproject" ]
[2018.07.28-22.23.32:103][334]CompilerResultsLog: New page: Compilation - 29 Jul 2018 02:23:31
[2018.07.28-22.23.32:103][334]CompilerResultsLog: Performing full C++ include scan (hot reloading a new target)
[2018.07.28-22.23.32:103][334]CompilerResultsLog: Creating makefile for hot reloading FPSGame (no existing makefile)
[2018.07.28-22.23.32:103][334]CompilerResultsLog: Compiling game modules for hot reload
[2018.07.28-22.23.32:103][334]CompilerResultsLog: Parsing headers for FPSGameEditor
[2018.07.28-22.23.32:103][334]CompilerResultsLog:   Running UnrealHeaderTool "N:\Programming\Unreal\Multiplayer_StealthGame\StealthGame\FPSGame.uproject" "N:\Programming\Unreal\Multiplayer_StealthGame\StealthGame\Intermediate\Build\Win64\FPSGameEditor\Development\FPSGameEditor.uhtmanifest" -LogCmds="loginit warning, logexit warning, logdatabase error" -Unattended -WarningsAsErrors -installed
[2018.07.28-22.23.32:103][334]CompilerResultsLog: Reflection code generated for FPSGameEditor in 6.2335851 seconds
[2018.07.28-22.23.32:103][334]CompilerResultsLog: Performing 17 actions (9 in parallel)
[2018.07.28-22.23.32:103][334]CompilerResultsLog: [2/17] Resource PCLaunch.rc
[2018.07.28-22.23.32:103][334]CompilerResultsLog: [3/17] Resource ModuleVersionResource.rc.inl
[2018.07.28-22.23.32:103][334]CompilerResultsLog: SharedPCH.Engine.cpp
[2018.07.28-22.23.32:104][334]CompilerResultsLog: FPSProjectile.cpp
[2018.07.28-22.23.32:104][334]CompilerResultsLog: FPSObjectiveActor.cpp
[2018.07.28-22.23.32:104][334]CompilerResultsLog: FPSHUD.cpp
[2018.07.28-22.23.32:104][334]CompilerResultsLog: FPSGameMode.cpp
[2018.07.28-22.23.32:104][334]CompilerResultsLog: FPSCharacter.gen.cpp
[2018.07.28-22.23.32:104][334]CompilerResultsLog: FPSGame.cpp
[2018.07.28-22.23.32:104][334]CompilerResultsLog: FPSCharacter.cpp
[2018.07.28-22.23.32:104][334]CompilerResultsLog: FPSGame.init.gen.cpp
[2018.07.28-22.23.32:104][334]CompilerResultsLog: FPSGameMode.gen.cpp
[2018.07.28-22.23.32:104][334]CompilerResultsLog: FPSObjectiveActor.gen.cpp
[2018.07.28-22.23.32:104][334]CompilerResultsLog: FPSHUD.gen.cpp
[2018.07.28-22.23.32:104][334]CompilerResultsLog: FPSProjectile.gen.cpp
[2018.07.28-22.23.32:104][334]CompilerResultsLog: [16/17] Link UE4Editor-FPSGame-9718.dll
[2018.07.28-22.23.32:104][334]CompilerResultsLog: [17/17] Link UE4Editor-FPSGame-9718.lib
[2018.07.28-22.23.32:104][334]CompilerResultsLog:    Creating library N:\Programming\Unreal\Multiplayer_StealthGame\StealthGame\Intermediate\Build\Win64\UE4Editor\Development\UE4Editor-FPSGame-9718.lib and object N:\Programming\Unreal\Multiplayer_StealthGame\StealthGame\Intermediate\Build\Win64\UE4Editor\Development\UE4Editor-FPSGame-9718.exp
[2018.07.28-22.23.32:104][334]CompilerResultsLog:    Creating library N:\Programming\Unreal\Multiplayer_StealthGame\StealthGame\Intermediate\Build\Win64\UE4Editor\Development\UE4Editor-FPSGame-9718.suppressed.lib and object N:\Programming\Unreal\Multiplayer_StealthGame\StealthGame\Intermediate\Build\Win64\UE4Editor\Development\UE4Editor-FPSGame-9718.suppressed.exp
[2018.07.28-22.23.32:105][334]CompilerResultsLog: Total build time: 29.04 seconds (Local executor: 19.54 seconds)
[2018.07.28-22.23.32:119][334]LogMainFrame: MainFrame: Module compiling took 29.445 seconds
[2018.07.28-22.23.32:213][334]LogClass: Could not find existing class FPSObjectiveActor in package /Script/FPSGame for HotReload, assuming new class
[2018.07.28-22.23.32:216][334]LogContentBrowser: Native class hierarchy updated for 'FPSGame' in 0.0004 seconds. Added 5 classes and 3 folders.
[2018.07.28-22.23.32:217][334]Display: HotReload successful (1 functions remapped  0 scriptstructs remapped)
[2018.07.28-22.23.32:638][334]LogContentBrowser: Native class hierarchy populated in 0.0065 seconds. Added 2370 classes and 526 folders.
[2018.07.28-22.23.32:651][334]Display: HotReload took 30.0s.
[2018.07.28-22.23.32:652][334]Warning: HotReload operation took 30.0s.
[2018.07.28-22.23.32:818][334]LogHotReload: New module detected: UE4Editor-FPSGame-9718.dll
[2018.07.28-22.23.33:016][335]LogHotReload: Starting Hot-Reload from IDE
[2018.07.28-22.23.33:074][335]LogContentBrowser: Native class hierarchy updated for 'FPSGame' in 0.0005 seconds. Added 5 classes and 3 folders.
[2018.07.28-22.23.33:076][335]Display: HotReload successful (0 functions remapped  0 scriptstructs remapped)
[2018.07.28-22.23.33:096][335]LogContentBrowser: Native class hierarchy populated in 0.0065 seconds. Added 2370 classes and 526 folders.
[2018.07.28-22.23.33:101][335]Display: HotReload took  0.1s.
[2018.07.28-22.52.52:691][934]LogContentBrowser: Native class hierarchy updated for 'BlueprintGraph' in 0.0007 seconds. Added 116 classes and 0 folders.
[2018.07.28-22.52.53:763][934]LogMaterial: Missing cached shader map for material GridMaterial, compiling. 
[2018.07.28-22.52.53:901][934]LogMaterial: Missing cached shader map for material PersonaFloorMat, compiling. 
[2018.07.28-22.52.54:667][934]LogRenderer: Reallocating scene render targets to support 2108x1000 Format 10 NumSamples 1 (Frame:1).
[2018.07.28-22.56.25:680][568]LogHotReload: New module detected: UE4Editor-FPSGame-5459.dll
[2018.07.28-22.56.26:368][571]LogHotReload: Starting Hot-Reload from IDE
[2018.07.28-22.56.26:448][571]LogClass: Could not find existing class FPSObjectiveActor in package /Script/FPSGame for HotReload, assuming new class
[2018.07.28-22.56.26:454][571]LogHotReload: Re-instancing FPSObjectiveActor after hot-reload.
[2018.07.28-22.56.26:469][571]LogActor: Warning: BP_FPSObjectiveActor_C /Engine/Transient.World_2:PersistentLevel.BP_FPSObjectiveActor_C_0 has natively added scene component(s), but none of them were set as the actor's RootComponent - picking one arbitrarily
[2018.07.28-22.56.26:780][571]LogContentBrowser: Native class hierarchy updated for 'FPSGame' in 0.0005 seconds. Added 5 classes and 3 folders.
[2018.07.28-22.56.26:782][571]Display: HotReload successful (1 functions remapped  0 scriptstructs remapped)
[2018.07.28-22.56.26:991][571]LogContentBrowser: Native class hierarchy populated in 0.0067 seconds. Added 2370 classes and 526 folders.
[2018.07.28-22.56.26:995][571]Display: HotReload took  0.6s.
[2018.07.28-22.56.44:618][977]LogSlate: Took 0.016897 seconds to synchronously load lazily loaded font '../../../Engine/Content/Editor/Slate/Fonts/Roboto-Italic.ttf' (157K)
[2018.07.28-22.57.19:565][501]LogHotReload: New module detected: UE4Editor-FPSGame-5587.dll
[2018.07.28-22.57.20:243][504]LogHotReload: Starting Hot-Reload from IDE
[2018.07.28-22.57.20:319][504]LogHotReload: Re-instancing FPSObjectiveActor after hot-reload.
[2018.07.28-22.57.20:546][504]LogContentBrowser: Native class hierarchy updated for 'FPSGame' in 0.0004 seconds. Added 5 classes and 3 folders.
[2018.07.28-22.57.20:549][504]Display: HotReload successful (1 functions remapped  0 scriptstructs remapped)
[2018.07.28-22.57.20:833][504]LogContentBrowser: Native class hierarchy populated in 0.0064 seconds. Added 2370 classes and 526 folders.
[2018.07.28-22.57.20:838][504]Display: HotReload took  0.6s.
[2018.07.28-22.57.34:968][ 32]LogSavePackage: Save=80.32ms
[2018.07.28-22.57.34:968][ 32]LogSavePackage: Moving '../../../../../../Programming/Unreal/Multiplayer_StealthGame/StealthGame/Saved/BP_FPSObjectiveActor4EA0E9D543287BC7F84499901B102C6B.tmp' to '../../../../../../Programming/Unreal/Multiplayer_StealthGame/StealthGame/Content/Blueprints/BP_FPSObjectiveActor.uasset'
[2018.07.28-22.57.35:008][ 32]LogSavePackage: Display: Finished SavePackage ../../../../../../Programming/Unreal/Multiplayer_StealthGame/StealthGame/Content/Blueprints/BP_FPSObjectiveActor.uasset
[2018.07.28-22.57.36:637][139]Cmd: QUIT_EDITOR
[2018.07.28-22.57.36:944][139]LogWindowsTextInputMethodSystem: Display: IME system now deactivated.
[2018.07.28-22.57.37:004][139]LogExit: Preparing to exit.
[2018.07.28-22.57.38:484][139]LogDirectoryWatcher: A directory notification for 'N:/Programming/Unreal/Multiplayer_StealthGame/StealthGame/Content/' was aborted.
[2018.07.28-22.57.38:588][139]LogExit: Editor shut down
[2018.07.28-22.57.38:609][139]LogExit: Transaction tracking system shut down
[2018.07.28-22.57.38:910][139]LogDirectoryWatcher: A directory notification for '../../../Engine/Content/' was aborted.
[2018.07.28-22.57.38:910][139]LogDirectoryWatcher: A directory notification for '../../../../../../Programming/Unreal/Multiplayer_StealthGame/StealthGame/Content/' was aborted.
[2018.07.28-22.57.38:910][139]LogDirectoryWatcher: A directory notification for '../../../Engine/Plugins/2D/Paper2D/Content/' was aborted.
[2018.07.28-22.57.38:911][139]LogDirectoryWatcher: A directory notification for '../../../Engine/Plugins/Media/MediaCompositing/Content/' was aborted.
[2018.07.28-22.57.38:911][139]LogDirectoryWatcher: A directory notification for '../../../Engine/Plugins/Runtime/AppleARKit/Content/' was aborted.
[2018.07.28-22.57.38:911][139]LogDirectoryWatcher: A directory notification for '../../../Engine/Plugins/Runtime/Oculus/OculusVR/Content/' was aborted.
[2018.07.28-22.57.38:911][139]LogDirectoryWatcher: A directory notification for '../../../Engine/Plugins/Runtime/Steam/SteamVR/Content/' was aborted.
[2018.07.28-22.57.40:041][139]LogExit: Object subsystem successfully closed.
[2018.07.28-22.57.40:203][139]LogD3D11RHI: Shutdown
[2018.07.28-22.57.40:211][139]LogD3D11RHI: CleanupD3DDevice
[2018.07.28-22.57.40:237][139]LogD3D11RHI: ~FD3D11DynamicRHI
[2018.07.28-22.57.41:036][139]LogModuleManager: Shutting down and abandoning module FPSGame (556)
[2018.07.28-22.57.41:036][139]LogModuleManager: Shutting down and abandoning module BlueprintGraph (554)
[2018.07.28-22.57.41:036][139]LogModuleManager: Shutting down and abandoning module HierarchicalLODOutliner (550)
[2018.07.28-22.57.41:036][139]LogModuleManager: Shutting down and abandoning module DesktopPlatform (548)
[2018.07.28-22.57.41:036][139]LogModuleManager: Shutting down and abandoning module AddContentDialog (546)
[2018.07.28-22.57.41:040][139]LogDirectoryWatcher: A directory notification for 'N:/Program Files/EpicGames/UE_4.18/FeaturePacks/' was aborted.
[2018.07.28-22.57.41:045][139]LogModuleManager: Shutting down and abandoning module WidgetCarousel (545)
[2018.07.28-22.57.41:045][139]LogModuleManager: Shutting down and abandoning module EditorWidgets (542)
[2018.07.28-22.57.41:045][139]LogModuleManager: Shutting down and abandoning module CollectionManager (540)
[2018.07.28-22.57.41:050][139]LogDirectoryWatcher: A directory notification for 'N:/Programming/Unreal/Multiplayer_StealthGame/StealthGame/Content/Collections/' was aborted.
[2018.07.28-22.57.41:050][139]LogDirectoryWatcher: A directory notification for 'N:/Programming/Unreal/Multiplayer_StealthGame/StealthGame/Content/Developers/morga/Collections/' was aborted.
[2018.07.28-22.57.41:050][139]LogDirectoryWatcher: A directory notification for 'N:/Programming/Unreal/Multiplayer_StealthGame/StealthGame/Saved/Collections/' was aborted.
[2018.07.28-22.57.41:050][139]LogModuleManager: Shutting down and abandoning module SceneOutliner (538)
[2018.07.28-22.57.41:050][139]LogModuleManager: Shutting down and abandoning module StatsViewer (536)
[2018.07.28-22.57.41:074][139]LogModuleManager: Shutting down and abandoning module FoliageEdit (534)
[2018.07.28-22.57.41:079][139]LogModuleManager: Shutting down and abandoning module LandscapeEditor (532)
[2018.07.28-22.57.41:085][139]LogModuleManager: Shutting down and abandoning module MeshPaintMode (530)
[2018.07.28-22.57.41:093][139]LogModuleManager: Shutting down and abandoning module SceneDepthPickerMode (528)
[2018.07.28-22.57.41:093][139]LogModuleManager: Shutting down and abandoning module ActorPickerMode (526)
[2018.07.28-22.57.41:093][139]LogModuleManager: Shutting down and abandoning module GeometryMode (524)
[2018.07.28-22.57.41:093][139]LogModuleManager: Shutting down and abandoning module TextureAlignMode (522)
[2018.07.28-22.57.41:093][139]LogModuleManager: Shutting down and abandoning module BspMode (520)
[2018.07.28-22.57.41:093][139]LogModuleManager: Shutting down and abandoning module PIEPreviewDeviceProfileSelector (518)
[2018.07.28-22.57.41:093][139]LogModuleManager: Shutting down and abandoning module HardwareSurvey (516)
[2018.07.28-22.57.41:093][139]LogModuleManager: Shutting down and abandoning module SequenceRecorderSections (514)
[2018.07.28-22.57.41:105][139]LogModuleManager: Shutting down and abandoning module AutomationWorker (512)
[2018.07.28-22.57.41:110][139]LogModuleManager: Shutting down and abandoning module MatineeToLevelSequence (510)
[2018.07.28-22.57.41:111][139]LogModuleManager: Shutting down and abandoning module LevelSequenceEditor (508)
[2018.07.28-22.57.41:149][139]LogModuleManager: Shutting down and abandoning module PlacementMode (507)
[2018.07.28-22.57.41:149][139]LogModuleManager: Shutting down and abandoning module WmfMediaFactory (504)
[2018.07.28-22.57.41:149][139]LogModuleManager: Shutting down and abandoning module WmfMediaEditor (502)
[2018.07.28-22.57.41:149][139]LogModuleManager: Shutting down and abandoning module OpenExrWrapper (500)
[2018.07.28-22.57.41:149][139]LogModuleManager: Shutting down and abandoning module ImgMediaFactory (498)
[2018.07.28-22.57.41:149][139]LogModuleManager: Shutting down and abandoning module ImgMediaEditor (496)
[2018.07.28-22.57.41:150][139]LogModuleManager: Shutting down and abandoning module AvfMediaFactory (494)
[2018.07.28-22.57.41:150][139]LogModuleManager: Shutting down and abandoning module AvfMediaEditor (492)
[2018.07.28-22.57.41:150][139]LogModuleManager: Shutting down and abandoning module AndroidMediaFactory (490)
[2018.07.28-22.57.41:150][139]LogModuleManager: Shutting down and abandoning module AndroidMediaEditor (488)
[2018.07.28-22.57.41:150][139]LogModuleManager: Shutting down and abandoning module CharacterAI (486)
[2018.07.28-22.57.41:150][139]LogModuleManager: Shutting down and abandoning module AudioCapture (484)
[2018.07.28-22.57.41:154][139]LogModuleManager: Shutting down and abandoning module SequenceRecorder (483)
[2018.07.28-22.57.41:155][139]LogModuleManager: Shutting down and abandoning module SmartSnapping (480)
[2018.07.28-22.57.41:155][139]LogModuleManager: Shutting down and abandoning module SessionServices (478)
[2018.07.28-22.57.41:155][139]LogModuleManager: Shutting down and abandoning module ViewportSnapping (476)
[2018.07.28-22.57.41:155][139]LogModuleManager: Shutting down and abandoning module ViewportInteraction (474)
[2018.07.28-22.57.41:155][139]LogModuleManager: Shutting down and abandoning module ClothPainter (472)
[2018.07.28-22.57.41:165][139]LogModuleManager: Shutting down and abandoning module SkeletalMeshEditor (471)
[2018.07.28-22.57.41:185][139]LogModuleManager: Shutting down and abandoning module LogVisualizer (468)
[2018.07.28-22.57.41:203][139]LogModuleManager: Shutting down and abandoning module IntroTutorials (466)
[2018.07.28-22.57.41:230][139]LogModuleManager: Shutting down and abandoning module GameProjectGeneration (465)
[2018.07.28-22.57.41:230][139]LogModuleManager: Shutting down and abandoning module IOSPlatformEditor (462)
[2018.07.28-22.57.41:230][139]LogModuleManager: Shutting down and abandoning module HTML5PlatformEditor (460)
[2018.07.28-22.57.41:230][139]LogModuleManager: Shutting down and abandoning module AndroidPlatformEditor (458)
[2018.07.28-22.57.41:230][139]LogModuleManager: Shutting down and abandoning module AndroidDeviceDetection (457)
[2018.07.28-22.57.41:615][139]LogModuleManager: Shutting down and abandoning module WindowsPlatformEditor (454)
[2018.07.28-22.57.41:615][139]LogModuleManager: Shutting down and abandoning module IOSRuntimeSettings (452)
[2018.07.28-22.57.41:615][139]LogModuleManager: Shutting down and abandoning module AndroidRuntimeSettings (450)
[2018.07.28-22.57.41:615][139]LogModuleManager: Shutting down and abandoning module InputBindingEditor (448)
[2018.07.28-22.57.41:643][139]LogModuleManager: Shutting down and abandoning module MergeActors (446)
[2018.07.28-22.57.41:648][139]LogModuleManager: Shutting down and abandoning module SizeMap (444)
[2018.07.28-22.57.41:648][139]LogModuleManager: Shutting down and abandoning module TreeMap (442)
[2018.07.28-22.57.41:653][139]LogModuleManager: Shutting down and abandoning module ReferenceViewer (440)
[2018.07.28-22.57.41:653][139]LogModuleManager: Shutting down and abandoning module LocalizationDashboard (438)
[2018.07.28-22.57.41:658][139]LogModuleManager: Shutting down and abandoning module LocalizationService (437)
[2018.07.28-22.57.41:667][139]LogModuleManager: Shutting down and abandoning module HardwareTargeting (434)
[2018.07.28-22.57.41:668][139]LogModuleManager: Shutting down and abandoning module DeviceProfileEditor (432)
[2018.07.28-22.57.41:668][139]LogModuleManager: Shutting down and abandoning module UndoHistory (430)
[2018.07.28-22.57.41:668][139]LogModuleManager: Shutting down and abandoning module XmlParser (428)
[2018.07.28-22.57.41:681][139]LogModuleManager: Shutting down and abandoning module Blutility (426)
[2018.07.28-22.57.41:681][139]LogModuleManager: Shutting down and abandoning module ProjectSettingsViewer (424)
[2018.07.28-22.57.41:681][139]LogModuleManager: Shutting down and abandoning module ProjectTargetPlatformEditor (423)
[2018.07.28-22.57.41:681][139]LogModuleManager: Shutting down and abandoning module EditorSettingsViewer (420)
[2018.07.28-22.57.41:681][139]LogModuleManager: Shutting down and abandoning module SettingsEditor (418)
[2018.07.28-22.57.41:700][139]LogModuleManager: Shutting down and abandoning module ProjectLauncher (416)
[2018.07.28-22.57.41:717][139]LogModuleManager: Shutting down and abandoning module SessionFrontend (414)
[2018.07.28-22.57.41:738][139]LogModuleManager: Shutting down and abandoning module ProfilerClient (412)
[2018.07.28-22.57.41:747][139]LogModuleManager: Shutting down and abandoning module DeviceManager (410)
[2018.07.28-22.57.41:756][139]LogModuleManager: Shutting down and abandoning module TargetDeviceServices (409)
[2018.07.28-22.57.41:813][139]LogModuleManager: Shutting down and abandoning module AutomationController (406)
[2018.07.28-22.57.41:829][139]LogModuleManager: Shutting down and abandoning module AutomationWindow (404)
[2018.07.28-22.57.41:846][139]LogModuleManager: Shutting down and abandoning module Layers (402)
[2018.07.28-22.57.41:870][139]LogModuleManager: Shutting down and abandoning module ComponentVisualizers (400)
[2018.07.28-22.57.41:870][139]LogModuleManager: Shutting down and abandoning module DetailCustomizations (398)
[2018.07.28-22.57.41:885][139]LogModuleManager: Shutting down and abandoning module PackagesDialog (396)
[2018.07.28-22.57.41:885][139]LogModuleManager: Shutting down and abandoning module Persona (394)
[2018.07.28-22.57.41:920][139]LogModuleManager: Shutting down and abandoning module AdvancedPreviewScene (393)
[2018.07.28-22.57.41:920][139]LogModuleManager: Shutting down and abandoning module AnimGraph (391)
[2018.07.28-22.57.41:920][139]LogModuleManager: Shutting down and abandoning module Kismet (388)
[2018.07.28-22.57.41:930][139]LogModuleManager: Shutting down and abandoning module ClassViewer (386)
[2018.07.28-22.57.41:931][139]LogModuleManager: Shutting down and abandoning module Toolbox (384)
[2018.07.28-22.57.41:931][139]LogModuleManager: Shutting down and abandoning module ModuleUI (382)
[2018.07.28-22.57.41:940][139]LogModuleManager: Shutting down and abandoning module MovieSceneTools (380)
[2018.07.28-22.57.41:962][139]LogModuleManager: Shutting down and abandoning module OutputLog (378)
[2018.07.28-22.57.41:962][139]LogModuleManager: Shutting down and abandoning module GammaUI (376)
[2018.07.28-22.57.41:971][139]LogModuleManager: Shutting down and abandoning module Documentation (374)
[2018.07.28-22.57.41:971][139]LogModuleManager: Shutting down and abandoning module MovieSceneTracks (372)
[2018.07.28-22.57.41:971][139]LogModuleManager: Shutting down and abandoning module MovieScene (370)
[2018.07.28-22.57.41:971][139]LogModuleManager: Shutting down and abandoning module StreamingPauseRendering (368)
[2018.07.28-22.57.41:971][139]LogModuleManager: Shutting down and abandoning module LauncherPlatform (366)
[2018.07.28-22.57.41:971][139]LogModuleManager: Shutting down and abandoning module AnalyticsET (364)
[2018.07.28-22.57.41:971][139]LogModuleManager: Shutting down and abandoning module PortalServices (362)
[2018.07.28-22.57.41:971][139]LogModuleManager: Shutting down and abandoning module PortalRpc (360)
[2018.07.28-22.57.41:971][139]LogModuleManager: Shutting down and abandoning module MessagingRpc (358)
[2018.07.28-22.57.41:971][139]LogModuleManager: Shutting down and abandoning module AIModule (356)
[2018.07.28-22.57.41:972][139]LogModuleManager: Shutting down and abandoning module GameplayDebugger (355)
[2018.07.28-22.57.41:982][139]LogModuleManager: Shutting down and abandoning module AITestSuite (353)
[2018.07.28-22.57.41:992][139]LogModuleManager: Shutting down and abandoning module ProfilerService (350)
[2018.07.28-22.57.42:079][139]LogModuleManager: Shutting down and abandoning module TaskGraph (348)
[2018.07.28-22.57.42:106][139]LogModuleManager: Shutting down and abandoning module SteamVRController (346)
[2018.07.28-22.57.42:106][139]LogModuleManager: Shutting down and abandoning module ProceduralMeshComponentEditor (344)
[2018.07.28-22.57.42:106][139]LogModuleManager: Shutting down and abandoning module ProceduralMeshComponent (342)
[2018.07.28-22.57.42:110][139]LogModuleManager: Shutting down and abandoning module OculusInput (340)
[2018.07.28-22.57.42:119][139]LogModuleManager: Shutting down and abandoning module MobilePatchingUtils (338)
[2018.07.28-22.57.42:120][139]LogModuleManager: Shutting down and abandoning module CustomMeshComponent (336)
[2018.07.28-22.57.42:120][139]LogModuleManager: Shutting down and abandoning module CableComponent (334)
[2018.07.28-22.57.42:127][139]LogModuleManager: Shutting down and abandoning module ArchVisCharacter (332)
[2018.07.28-22.57.42:127][139]LogModuleManager: Shutting down and abandoning module AndroidPermission (330)
[2018.07.28-22.57.42:127][139]LogModuleManager: Shutting down and abandoning module ActorSequence (326)
[2018.07.28-22.57.42:127][139]LogModuleManager: Shutting down and abandoning module MediaPlayerEditor (324)
[2018.07.28-22.57.42:152][139]LogModuleManager: Shutting down and abandoning module MediaCompositingEditor (322)
[2018.07.28-22.57.42:152][139]LogModuleManager: Shutting down and abandoning module MediaCompositing (320)
[2018.07.28-22.57.42:152][139]LogModuleManager: Shutting down and abandoning module HTML5Networking (318)
[2018.07.28-22.57.42:152][139]LogModuleManager: Shutting down and abandoning module AlembicImporter (316)
[2018.07.28-22.57.42:162][139]LogModuleManager: Shutting down and abandoning module AlembicLibrary (315)
[2018.07.28-22.57.42:162][139]LogModuleManager: Shutting down and abandoning module GeometryCache (314)
[2018.07.28-22.57.42:163][139]LogModuleManager: Shutting down and abandoning module GeometryCacheEd (313)
[2018.07.28-22.57.42:163][139]LogModuleManager: Shutting down and abandoning module SpeedTreeImporter (308)
[2018.07.28-22.57.42:163][139]LogModuleManager: Shutting down and abandoning module PluginBrowser (306)
[2018.07.28-22.57.42:197][139]LogModuleManager: Shutting down and abandoning module MobileLauncherProfileWizard (304)
[2018.07.28-22.57.42:212][139]LogModuleManager: Shutting down and abandoning module VisualStudioSourceCodeAccess (302)
[2018.07.28-22.57.42:212][139]LogModuleManager: Shutting down and abandoning module VisualStudioCodeSourceCodeAccess (300)
[2018.07.28-22.57.42:212][139]LogModuleManager: Shutting down and abandoning module UObjectPlugin (298)
[2018.07.28-22.57.42:212][139]LogModuleManager: Shutting down and abandoning module SubversionSourceControl (296)
[2018.07.28-22.57.42:229][139]LogModuleManager: Shutting down and abandoning module PerforceSourceControl (294)
[2018.07.28-22.57.42:253][139]LogModuleManager: Shutting down and abandoning module GitSourceControl (292)
[2018.07.28-22.57.42:258][139]LogModuleManager: Shutting down and abandoning module SourceControl (291)
[2018.07.28-22.57.42:263][139]LogModuleManager: Shutting down and abandoning module LightPropagationVolumeEditor (288)
[2018.07.28-22.57.42:263][139]LogModuleManager: Shutting down and abandoning module PaperTiledImporter (286)
[2018.07.28-22.57.42:263][139]LogModuleManager: Shutting down and abandoning module PaperSpriteSheetImporter (284)
[2018.07.28-22.57.42:263][139]LogModuleManager: Shutting down and abandoning module Paper2DEditor (282)
[2018.07.28-22.57.42:287][139]LogModuleManager: Shutting down and abandoning module MeshPaint (281)
[2018.07.28-22.57.42:295][139]LogModuleManager: Shutting down and abandoning module LevelEditor (279)
[2018.07.28-22.57.42:299][139]LogModuleManager: Shutting down and abandoning module PixelInspectorModule (278)
[2018.07.28-22.57.42:309][139]LogModuleManager: Shutting down and abandoning module MainFrame (276)
[2018.07.28-22.57.42:309][139]LogModuleManager: Shutting down and abandoning module HotReload (275)
[2018.07.28-22.57.42:309][139]LogDirectoryWatcher: A directory notification for 'N:/Programming/Unreal/Multiplayer_StealthGame/StealthGame/Binaries/Win64' was aborted.
[2018.07.28-22.57.42:309][139]LogModuleManager: Shutting down and abandoning module RuntimePhysXCooking (268)
[2018.07.28-22.57.42:309][139]LogModuleManager: Shutting down and abandoning module PhysXVehiclesEditor (266)
[2018.07.28-22.57.42:309][139]LogModuleManager: Shutting down and abandoning module PhysXVehicles (264)
[2018.07.28-22.57.42:309][139]LogModuleManager: Shutting down and abandoning module OculusEditor (262)
[2018.07.28-22.57.42:309][139]LogModuleManager: Shutting down and abandoning module LocationServicesBPLibrary (260)
[2018.07.28-22.57.42:309][139]LogModuleManager: Shutting down and abandoning module ImmediatePhysicsEditor (258)
[2018.07.28-22.57.42:309][139]LogModuleManager: Shutting down and abandoning module ImmediatePhysics (256)
[2018.07.28-22.57.42:322][139]LogModuleManager: Shutting down and abandoning module UdpMessaging (254)
[2018.07.28-22.57.42:454][139]LogModuleManager: Shutting down and abandoning module TcpMessaging (252)
[2018.07.28-22.57.42:561][139]LogModuleManager: Shutting down and abandoning module GameplayTagsEditor (250)
[2018.07.28-22.57.42:579][139]LogModuleManager: Shutting down and abandoning module FacialAnimationEditor (248)
[2018.07.28-22.57.42:580][139]LogModuleManager: Shutting down and abandoning module FacialAnimation (246)
[2018.07.28-22.57.42:580][139]LogModuleManager: Shutting down and abandoning module AssetManagerEditor (244)
[2018.07.28-22.57.42:600][139]LogModuleManager: Shutting down and abandoning module GraphEditor (243)
[2018.07.28-22.57.42:601][139]LogModuleManager: Shutting down and abandoning module ContentBrowser (241)
[2018.07.28-22.57.42:601][139]LogModuleManager: Shutting down and abandoning module LightPropagationVolumeRuntime (238)
[2018.07.28-22.57.42:601][139]LogModuleManager: Shutting down and abandoning module Paper2D (236)
[2018.07.28-22.57.42:601][139]LogModuleManager: Shutting down and abandoning module WindowsMoviePlayer (234)
[2018.07.28-22.57.42:616][139]LogModuleManager: Shutting down and abandoning module WmfMedia (232)
[2018.07.28-22.57.42:632][139]LogModuleManager: Shutting down and abandoning module ImgMedia (230)
[2018.07.28-22.57.42:632][139]LogModuleManager: Shutting down and abandoning module PacketHandler (228)
[2018.07.28-22.57.42:632][139]LogModuleManager: Shutting down and abandoning module ClothingSystemEditor (226)
[2018.07.28-22.57.42:632][139]LogModuleManager: Shutting down and abandoning module ClothingSystemRuntime (224)
[2018.07.28-22.57.42:648][139]LogModuleManager: Shutting down and abandoning module MediaAssets (222)
[2018.07.28-22.57.42:649][139]LogModuleManager: Shutting down and abandoning module Media (221)
[2018.07.28-22.57.42:655][139]LogModuleManager: Shutting down and abandoning module Overlay (218)
[2018.07.28-22.57.42:655][139]LogModuleManager: Shutting down and abandoning module OverlayEditor (217)
[2018.07.28-22.57.42:655][139]LogModuleManager: Shutting down and abandoning module VREditor (214)
[2018.07.28-22.57.42:679][139]LogModuleManager: Shutting down and abandoning module StringTableEditor (212)
[2018.07.28-22.57.42:690][139]LogModuleManager: Shutting down and abandoning module GameplayTasksEditor (210)
[2018.07.28-22.57.42:690][139]LogModuleManager: Shutting down and abandoning module BehaviorTreeEditor (208)
[2018.07.28-22.57.42:708][139]LogModuleManager: Shutting down and abandoning module FunctionalTesting (206)
[2018.07.28-22.57.42:717][139]LogModuleManager: Shutting down and abandoning module CollisionAnalyzer (204)
[2018.07.28-22.57.42:737][139]LogModuleManager: Shutting down and abandoning module WorkspaceMenuStructure (203)
[2018.07.28-22.57.42:737][139]LogModuleManager: Shutting down and abandoning module UMG (200)
[2018.07.28-22.57.42:743][139]LogModuleManager: Shutting down and abandoning module UMGEditor (199)
[2018.07.28-22.57.42:778][139]LogModuleManager: Shutting down and abandoning module Sequencer (198)
[2018.07.28-22.57.42:804][139]LogModuleManager: Shutting down and abandoning module MessageLog (195)
[2018.07.28-22.57.42:804][139]LogModuleManager: Shutting down and abandoning module SlateReflector (190)
[2018.07.28-22.57.42:824][139]LogModuleManager: Shutting down and abandoning module Slate (188)
[2018.07.28-22.57.42:824][139]LogModuleManager: Shutting down and abandoning module EditorStyle (186)
[2018.07.28-22.57.42:826][139]LogModuleManager: Shutting down and abandoning module MRMesh (184)
[2018.07.28-22.57.42:826][139]LogModuleManager: Shutting down and abandoning module SourceCodeAccess (182)
[2018.07.28-22.57.42:826][139]LogModuleManager: Shutting down and abandoning module HeadMountedDisplay (180)
[2018.07.28-22.57.42:826][139]LogModuleManager: Shutting down and abandoning module XAudio2 (178)
[2018.07.28-22.57.42:826][139]LogModuleManager: Shutting down and abandoning module Networking (176)
[2018.07.28-22.57.42:826][139]LogModuleManager: Shutting down and abandoning module Core (172)
[2018.07.28-22.57.42:826][139]LogModuleManager: Shutting down and abandoning module LevelSequence (168)
[2018.07.28-22.57.42:826][139]LogModuleManager: Shutting down and abandoning module DirectoryWatcher (166)
[2018.07.28-22.57.42:833][139]LogModuleManager: Shutting down and abandoning module KismetCompiler (164)
[2018.07.28-22.57.42:833][139]LogModuleManager: Shutting down and abandoning module MeshUtilities (162)
[2018.07.28-22.57.42:844][139]LogModuleManager: Shutting down and abandoning module MeshMergeUtilities (161)
[2018.07.28-22.57.42:854][139]LogModuleManager: Shutting down and abandoning module MeshReductionInterface (160)
[2018.07.28-22.57.42:854][139]LogModuleManager: Shutting down and abandoning module SimplygonSwarm (159)
[2018.07.28-22.57.42:867][139]LogModuleManager: Shutting down and abandoning module SimplygonMeshReduction (157)
[2018.07.28-22.57.42:867][139]LogModuleManager: Shutting down and abandoning module QuadricMeshReduction (155)
[2018.07.28-22.57.42:871][139]LogModuleManager: Shutting down and abandoning module MaterialBaking (151)
[2018.07.28-22.57.42:886][139]LogModuleManager: Shutting down and abandoning module DerivedDataCache (148)
[2018.07.28-22.57.43:020][139]LogDerivedDataCache: Shutdown
[2018.07.28-22.57.43:020][139]LogModuleManager: Shutting down and abandoning module TargetPlatform (146)
[2018.07.28-22.57.43:020][139]LogModuleManager: Shutting down and abandoning module VulkanShaderFormat (145)
[2018.07.28-22.57.43:026][139]LogModuleManager: Shutting down and abandoning module ShaderFormatVectorVM (143)
[2018.07.28-22.57.43:035][139]LogModuleManager: Shutting down and abandoning module ShaderFormatOpenGL (141)
[2018.07.28-22.57.43:051][139]LogModuleManager: Shutting down and abandoning module ShaderFormatD3D (139)
[2018.07.28-22.57.43:063][139]LogModuleManager: Shutting down and abandoning module MetalShaderFormat (137)
[2018.07.28-22.57.43:066][139]LogModuleManager: Shutting down and abandoning module TextureFormatUncompressed (135)
[2018.07.28-22.57.43:066][139]LogModuleManager: Shutting down and abandoning module TextureFormatPVR (133)
[2018.07.28-22.57.43:066][139]LogModuleManager: Shutting down and abandoning module TextureFormatDXT (131)
[2018.07.28-22.57.43:066][139]LogModuleManager: Shutting down and abandoning module TextureFormatIntelISPCTexComp (129)
[2018.07.28-22.57.43:076][139]LogModuleManager: Shutting down and abandoning module TextureFormatASTC (127)
[2018.07.28-22.57.43:076][139]LogModuleManager: Shutting down and abandoning module ImageWrapper (126)
[2018.07.28-22.57.43:076][139]LogModuleManager: Shutting down and abandoning module TextureFormatAndroid (123)
[2018.07.28-22.57.43:076][139]LogModuleManager: Shutting down and abandoning module AudioFormatOpus (121)
[2018.07.28-22.57.43:076][139]LogModuleManager: Shutting down and abandoning module AudioFormatOgg (119)
[2018.07.28-22.57.43:076][139]LogModuleManager: Shutting down and abandoning module AudioFormatADPCM (117)
[2018.07.28-22.57.43:076][139]LogModuleManager: Shutting down and abandoning module LinuxTargetPlatform (115)
[2018.07.28-22.57.43:076][139]LogModuleManager: Shutting down and abandoning module LinuxServerTargetPlatform (113)
[2018.07.28-22.57.43:076][139]LogModuleManager: Shutting down and abandoning module LinuxNoEditorTargetPlatform (111)
[2018.07.28-22.57.43:076][139]LogModuleManager: Shutting down and abandoning module LinuxClientTargetPlatform (109)
[2018.07.28-22.57.43:076][139]LogModuleManager: Shutting down and abandoning module TVOSTargetPlatform (107)
[2018.07.28-22.57.43:076][139]LogModuleManager: Shutting down and abandoning module Messaging (105)
[2018.07.28-22.57.43:076][139]LogModuleManager: Shutting down and abandoning module IOSTargetPlatform (103)
[2018.07.28-22.57.43:076][139]LogModuleManager: Shutting down and abandoning module HTML5TargetPlatform (101)
[2018.07.28-22.57.43:076][139]LogModuleManager: Shutting down and abandoning module AndroidTargetPlatform (99)
[2018.07.28-22.57.43:076][139]LogModuleManager: Shutting down and abandoning module Android_PVRTCTargetPlatform (97)
[2018.07.28-22.57.43:076][139]LogModuleManager: Shutting down and abandoning module Android_MultiTargetPlatform (95)
[2018.07.28-22.57.43:076][139]LogModuleManager: Shutting down and abandoning module Android_ETC2TargetPlatform (93)
[2018.07.28-22.57.43:076][139]LogModuleManager: Shutting down and abandoning module Android_ETC1TargetPlatform (91)
[2018.07.28-22.57.43:076][139]LogModuleManager: Shutting down and abandoning module Android_DXTTargetPlatform (89)
[2018.07.28-22.57.43:076][139]LogModuleManager: Shutting down and abandoning module Android_ATCTargetPlatform (87)
[2018.07.28-22.57.43:076][139]LogModuleManager: Shutting down and abandoning module Android_ASTCTargetPlatform (85)
[2018.07.28-22.57.43:076][139]LogModuleManager: Shutting down and abandoning module WindowsTargetPlatform (83)
[2018.07.28-22.57.43:076][139]LogModuleManager: Shutting down and abandoning module WindowsServerTargetPlatform (81)
[2018.07.28-22.57.43:076][139]LogModuleManager: Shutting down and abandoning module WindowsNoEditorTargetPlatform (79)
[2018.07.28-22.57.43:076][139]LogModuleManager: Shutting down and abandoning module WindowsClientTargetPlatform (77)
[2018.07.28-22.57.43:076][139]LogModuleManager: Shutting down and abandoning module MacTargetPlatform (75)
[2018.07.28-22.57.43:076][139]LogModuleManager: Shutting down and abandoning module MacServerTargetPlatform (73)
[2018.07.28-22.57.43:076][139]LogModuleManager: Shutting down and abandoning module MacNoEditorTargetPlatform (71)
[2018.07.28-22.57.43:076][139]LogModuleManager: Shutting down and abandoning module MacClientTargetPlatform (69)
[2018.07.28-22.57.43:076][139]LogModuleManager: Shutting down and abandoning module AllDesktopTargetPlatform (67)
[2018.07.28-22.57.43:076][139]LogModuleManager: Shutting down and abandoning module InputCore (64)
[2018.07.28-22.57.43:076][139]LogModuleManager: Shutting down and abandoning module Settings (62)
[2018.07.28-22.57.43:076][139]LogModuleManager: Shutting down and abandoning module PhysXCooking (60)
[2018.07.28-22.57.43:076][139]LogModuleManager: Shutting down and abandoning module SteamVR (58)
[2018.07.28-22.57.43:076][139]LogModuleManager: Shutting down and abandoning module OculusHMD (56)
[2018.07.28-22.57.43:091][139]LogModuleManager: Shutting down and abandoning module ExampleDeviceProfileSelector (54)
[2018.07.28-22.57.43:091][139]LogModuleManager: Shutting down and abandoning module AppleARKit (52)
[2018.07.28-22.57.43:091][139]LogModuleManager: Shutting down and abandoning module AugmentedReality (51)
[2018.07.28-22.57.43:091][139]LogModuleManager: Shutting down and abandoning module OnlineBlueprintSupport (48)
[2018.07.28-22.57.43:091][139]LogModuleManager: Shutting down and abandoning module OnlineSubsystem (44)
[2018.07.28-22.57.43:106][139]LogModuleManager: Shutting down and abandoning module XMPP (43)
[2018.07.28-22.57.43:125][139]LogModuleManager: Shutting down and abandoning module HTTP (41)
[2018.07.28-22.57.43:125][139]LogHttp: Display: Http module shutting down, but needs to wait on 1 outstanding Http requests:
[2018.07.28-22.57.43:143][139]LogHttp: Display: 	verb=[POST] url=[https://datarouter.ol.epicgames.com/datarouter/api/v1/public/data?SessionID=%7B6E9FFD6E-40A4-5DD4-F8BF-EEAD8B9506F1%7D&AppID=UEEditor.Rocket.Release&AppVersion=4.18.3-3832480%2B%2B%2BUE4%2BRelease-4.18&UserID=7e5b2c014c7bea667e7322b9c64033a5%7C95d8a0419b8b4b2ca55b199c7d55eef6%7Ce7ce1c4d-2e3f-4dea-ab5b-de732cb48466&AppEnvironment=datacollector-binary&UploadType=eteventstream] status=Processing
[2018.07.28-22.57.43:149][139]LogModuleManager: Shutting down and abandoning module SSL (40)
[2018.07.28-22.57.43:158][139]LogModuleManager: Shutting down and abandoning module AnimationModifiers (36)
[2018.07.28-22.57.43:172][139]LogModuleManager: Shutting down and abandoning module PropertyEditor (35)
[2018.07.28-22.57.43:172][139]LogModuleManager: Shutting down and abandoning module AudioEditor (32)
[2018.07.28-22.57.43:189][139]LogModuleManager: Shutting down and abandoning module TextureCompressor (30)
[2018.07.28-22.57.43:189][139]LogModuleManager: Shutting down and abandoning module ShaderCore (28)
[2018.07.28-22.57.43:189][139]LogModuleManager: Shutting down and abandoning module Landscape (26)
[2018.07.28-22.57.43:189][139]LogModuleManager: Shutting down and abandoning module SlateRHIRenderer (24)
[2018.07.28-22.57.43:204][139]LogModuleManager: Shutting down and abandoning module OpenGLDrv (22)
[2018.07.28-22.57.43:216][139]LogModuleManager: Shutting down and abandoning module D3D11RHI (20)
[2018.07.28-22.57.43:216][139]LogModuleManager: Shutting down and abandoning module AnimGraphRuntime (18)
[2018.07.28-22.57.43:223][139]LogModuleManager: Shutting down and abandoning module Renderer (16)
[2018.07.28-22.57.43:223][139]LogModuleManager: Shutting down and abandoning module Engine (14)
[2018.07.28-22.57.43:236][139]LogModuleManager: Shutting down and abandoning module CoreUObject (12)
[2018.07.28-22.57.43:236][139]LogModuleManager: Shutting down and abandoning module NetworkFile (10)
[2018.07.28-22.57.43:248][139]LogModuleManager: Shutting down and abandoning module CookedIterativeFile (8)
[2018.07.28-22.57.43:248][139]LogModuleManager: Shutting down and abandoning module StreamingFile (6)
[2018.07.28-22.57.43:262][139]LogModuleManager: Shutting down and abandoning module SandboxFile (4)
[2018.07.28-22.57.43:265][139]LogModuleManager: Shutting down and abandoning module PakFile (2)
[2018.07.28-22.57.43:280][139]LogExit: Exiting.
[2018.07.28-22.57.43:287][139]Log file closed, 07/29/18 00:57:43
