Log file open, 07/29/18 21:48:50
LogWindows: Failed to load 'aqProf.dll' (GetLastError=126)
LogWindows: File 'aqProf.dll' does not exist
LogWindows: Failed to load 'VSPerf140.dll' (GetLastError=126)
LogWindows: File 'VSPerf140.dll' does not exist
LogWindows: Failed to load 'VtuneApi.dll' (GetLastError=126)
LogWindows: File 'VtuneApi.dll' does not exist
LogWindows: Failed to load 'VtuneApi32e.dll' (GetLastError=126)
LogWindows: File 'VtuneApi32e.dll' does not exist
LogInit: Display: Running engine for game: FPSGame
LogPlatformFile: Not using cached read wrapper
LogInit: Display: RandInit(-189303995) SRandInit(-189303995).
LogInit: Read version file with build ID '3709383'
LogInit: Overriding engine version to CL 3832480, compatible CL 3709383
LogInit: Registered custom module enumerator with build ID '3709383'
LogTaskGraph: Started task graph with 5 named threads and 20 total threads with 3 sets of task threads.
LogStats: Stats thread started at 14.813594
LogD3D11RHI: Aftermath initialized
LogPluginManager: Mounting plugin Paper2D
LogPluginManager: Mounting plugin LightPropagationVolume
LogPluginManager: Mounting plugin CodeLiteSourceCodeAccess
LogPluginManager: Mounting plugin GitSourceControl
LogPluginManager: Mounting plugin KDevelopSourceCodeAccess
LogPluginManager: Mounting plugin NullSourceCodeAccess
LogPluginManager: Mounting plugin PerforceSourceControl
LogPluginManager: Mounting plugin SubversionSourceControl
LogPluginManager: Mounting plugin UObjectPlugin
LogPluginManager: Mounting plugin VisualStudioCodeSourceCodeAccess
LogPluginManager: Mounting plugin VisualStudioSourceCodeAccess
LogPluginManager: Mounting plugin XCodeSourceCodeAccess
LogPluginManager: Mounting plugin AssetManagerEditor
LogPluginManager: Mounting plugin AudioCapture
LogPluginManager: Mounting plugin FacialAnimation
LogPluginManager: Mounting plugin GameplayTagsEditor
LogPluginManager: Mounting plugin MobileLauncherProfileWizard
LogPluginManager: Mounting plugin PluginBrowser
LogPluginManager: Mounting plugin SpeedTreeImporter
LogPluginManager: Mounting plugin AlembicImporter
LogPluginManager: Mounting plugin CharacterAI
LogPluginManager: Mounting plugin HTML5Networking
LogPluginManager: Mounting plugin AndroidMedia
LogPluginManager: Mounting plugin AvfMedia
LogPluginManager: Mounting plugin ImgMedia
LogPluginManager: Mounting plugin MediaCompositing
LogPluginManager: Mounting plugin MediaPlayerEditor
LogPluginManager: Mounting plugin WmfMedia
LogPluginManager: Mounting plugin TcpMessaging
LogPluginManager: Mounting plugin UdpMessaging
LogPluginManager: Mounting plugin ActorSequence
LogPluginManager: Mounting plugin LevelSequenceEditor
LogPluginManager: Mounting plugin MatineeToLevelSequence
LogPluginManager: Mounting plugin OnlineSubsystemGooglePlay
LogPluginManager: Mounting plugin OnlineSubsystemIOS
LogPluginManager: Mounting plugin OnlineSubsystem
LogPluginManager: Mounting plugin OnlineSubsystemNull
LogPluginManager: Mounting plugin OnlineSubsystemUtils
LogPluginManager: Mounting plugin AndroidDeviceProfileSelector
LogPluginManager: Mounting plugin AndroidMoviePlayer
LogPluginManager: Mounting plugin AndroidPermission
LogPluginManager: Mounting plugin AppleARKit
LogPluginManager: Mounting plugin AppleMoviePlayer
LogPluginManager: Mounting plugin ArchVisCharacter
LogPluginManager: Mounting plugin CableComponent
LogPluginManager: Mounting plugin CustomMeshComponent
LogPluginManager: Mounting plugin ExampleDeviceProfileSelector
LogPluginManager: Mounting plugin GoogleCloudMessaging
LogPluginManager: Mounting plugin ImmediatePhysics
LogPluginManager: Mounting plugin IOSDeviceProfileSelector
LogPluginManager: Mounting plugin LinuxDeviceProfileSelector
LogPluginManager: Mounting plugin LocationServicesBPLibrary
LogPluginManager: Mounting plugin MobilePatchingUtils
LogPluginManager: Mounting plugin OculusVR
LogPluginManager: Plugin shader directory ../../../Engine/Plugins/Runtime/Oculus/OculusVR/Shaders found
LogPluginManager: Mapping shader source directory ../../../Engine/Plugins/Runtime/Oculus/OculusVR/Shaders to virtual directory /Plugin/OculusVR
LogPluginManager: Mounting plugin PhysXVehicles
LogPluginManager: Mounting plugin ProceduralMeshComponent
LogPluginManager: Mounting plugin RuntimePhysXCooking
LogPluginManager: Mounting plugin SteamVR
LogPluginManager: Mounting plugin WindowsMoviePlayer
LogModuleManager: Display: Found up-to-date module file ../../../../../../Programming/Unreal/Multiplayer_StealthGame/StealthGame/Binaries/Win64/UE4Editor-FPSGame-2668.dll (API version 3709383).
LogModuleManager: Display: Found up-to-date module file ../../../Engine/Plugins/2D/Paper2D/Binaries/Win64/UE4Editor-Paper2D.dll (API version 3709383).
LogModuleManager: Display: Found up-to-date module file ../../../Engine/Plugins/2D/Paper2D/Binaries/Win64/UE4Editor-Paper2DEditor.dll (API version 3709383).
LogModuleManager: Display: Found up-to-date module file ../../../Engine/Plugins/2D/Paper2D/Binaries/Win64/UE4Editor-PaperSpriteSheetImporter.dll (API version 3709383).
LogModuleManager: Display: Found up-to-date module file ../../../Engine/Plugins/2D/Paper2D/Binaries/Win64/UE4Editor-PaperTiledImporter.dll (API version 3709383).
LogModuleManager: Display: Found up-to-date module file ../../../Engine/Plugins/2D/Paper2D/Binaries/Win64/UE4Editor-SmartSnapping.dll (API version 3709383).
LogModuleManager: Display: Found up-to-date module file ../../../Engine/Plugins/Blendables/LightPropagationVolume/Binaries/Win64/UE4Editor-LightPropagationVolumeRuntime.dll (API version 3709383).
LogModuleManager: Display: Found up-to-date module file ../../../Engine/Plugins/Blendables/LightPropagationVolume/Binaries/Win64/UE4Editor-LightPropagationVolumeEditor.dll (API version 3709383).
LogModuleManager: Display: Found up-to-date module file ../../../Engine/Plugins/Developer/GitSourceControl/Binaries/Win64/UE4Editor-GitSourceControl.dll (API version 3709383).
LogModuleManager: Display: Found up-to-date module file ../../../Engine/Plugins/Developer/PerforceSourceControl/Binaries/Win64/UE4Editor-PerforceSourceControl.dll (API version 3709383).
LogModuleManager: Display: Found up-to-date module file ../../../Engine/Plugins/Developer/SubversionSourceControl/Binaries/Win64/UE4Editor-SubversionSourceControl.dll (API version 3709383).
LogModuleManager: Display: Found up-to-date module file ../../../Engine/Plugins/Developer/UObjectPlugin/Binaries/Win64/UE4Editor-UObjectPlugin.dll (API version 3709383).
LogModuleManager: Display: Found up-to-date module file ../../../Engine/Plugins/Developer/VisualStudioCodeSourceCodeAccess/Binaries/Win64/UE4Editor-VisualStudioCodeSourceCodeAccess.dll (API version 3709383).
LogModuleManager: Display: Found up-to-date module file ../../../Engine/Plugins/Developer/VisualStudioSourceCodeAccess/Binaries/Win64/UE4Editor-VisualStudioSourceCodeAccess.dll (API version 3709383).
LogModuleManager: Display: Found up-to-date module file ../../../Engine/Plugins/Editor/AssetManagerEditor/Binaries/Win64/UE4Editor-AssetManagerEditor.dll (API version 3709383).
LogModuleManager: Display: Found up-to-date module file ../../../Engine/Plugins/Editor/AudioCapture/Binaries/Win64/UE4Editor-AudioCapture.dll (API version 3709383).
LogModuleManager: Display: Found up-to-date module file ../../../Engine/Plugins/Editor/FacialAnimation/Binaries/Win64/UE4Editor-FacialAnimation.dll (API version 3709383).
LogModuleManager: Display: Found up-to-date module file ../../../Engine/Plugins/Editor/FacialAnimation/Binaries/Win64/UE4Editor-FacialAnimationEditor.dll (API version 3709383).
LogModuleManager: Display: Found up-to-date module file ../../../Engine/Plugins/Editor/GameplayTagsEditor/Binaries/Win64/UE4Editor-GameplayTagsEditor.dll (API version 3709383).
LogModuleManager: Display: Found up-to-date module file ../../../Engine/Plugins/Editor/MobileLauncherProfileWizard/Binaries/Win64/UE4Editor-MobileLauncherProfileWizard.dll (API version 3709383).
LogModuleManager: Display: Found up-to-date module file ../../../Engine/Plugins/Editor/PluginBrowser/Binaries/Win64/UE4Editor-PluginBrowser.dll (API version 3709383).
LogModuleManager: Display: Found up-to-date module file ../../../Engine/Plugins/Editor/SpeedTreeImporter/Binaries/Win64/UE4Editor-SpeedTreeImporter.dll (API version 3709383).
LogModuleManager: Display: Found up-to-date module file ../../../Engine/Plugins/Experimental/AlembicImporter/Binaries/Win64/UE4Editor-AlembicImporter.dll (API version 3709383).
LogModuleManager: Display: Found up-to-date module file ../../../Engine/Plugins/Experimental/AlembicImporter/Binaries/Win64/UE4Editor-AlembicLibrary.dll (API version 3709383).
LogModuleManager: Display: Found up-to-date module file ../../../Engine/Plugins/Experimental/CharacterAI/Binaries/Win64/UE4Editor-CharacterAI.dll (API version 3709383).
LogModuleManager: Display: Found up-to-date module file ../../../Engine/Plugins/Experimental/HTML5Networking/Binaries/Win64/UE4Editor-HTML5Networking.dll (API version 3709383).
LogModuleManager: Display: Found up-to-date module file ../../../Engine/Plugins/Media/AndroidMedia/Binaries/Win64/UE4Editor-AndroidMediaEditor.dll (API version 3709383).
LogModuleManager: Display: Found up-to-date module file ../../../Engine/Plugins/Media/AndroidMedia/Binaries/Win64/UE4Editor-AndroidMediaFactory.dll (API version 3709383).
LogModuleManager: Display: Found up-to-date module file ../../../Engine/Plugins/Media/AvfMedia/Binaries/Win64/UE4Editor-AvfMediaEditor.dll (API version 3709383).
LogModuleManager: Display: Found up-to-date module file ../../../Engine/Plugins/Media/AvfMedia/Binaries/Win64/UE4Editor-AvfMediaFactory.dll (API version 3709383).
LogModuleManager: Display: Found up-to-date module file ../../../Engine/Plugins/Media/AvfMedia/Binaries/Win64/UE4Editor-AvfMediaFactory.dll (API version 3709383).
LogModuleManager: Display: Found up-to-date module file ../../../Engine/Plugins/Media/ImgMedia/Binaries/Win64/UE4Editor-ImgMedia.dll (API version 3709383).
LogModuleManager: Display: Found up-to-date module file ../../../Engine/Plugins/Media/ImgMedia/Binaries/Win64/UE4Editor-ImgMediaEditor.dll (API version 3709383).
LogModuleManager: Display: Found up-to-date module file ../../../Engine/Plugins/Media/ImgMedia/Binaries/Win64/UE4Editor-ImgMediaFactory.dll (API version 3709383).
LogModuleManager: Display: Found up-to-date module file ../../../Engine/Plugins/Media/ImgMedia/Binaries/Win64/UE4Editor-ImgMediaFactory.dll (API version 3709383).
LogModuleManager: Display: Found up-to-date module file ../../../Engine/Plugins/Media/ImgMedia/Binaries/Win64/UE4Editor-OpenExrWrapper.dll (API version 3709383).
LogModuleManager: Display: Found up-to-date module file ../../../Engine/Plugins/Media/MediaCompositing/Binaries/Win64/UE4Editor-MediaCompositing.dll (API version 3709383).
LogModuleManager: Display: Found up-to-date module file ../../../Engine/Plugins/Media/MediaCompositing/Binaries/Win64/UE4Editor-MediaCompositingEditor.dll (API version 3709383).
LogModuleManager: Display: Found up-to-date module file ../../../Engine/Plugins/Media/MediaPlayerEditor/Binaries/Win64/UE4Editor-MediaPlayerEditor.dll (API version 3709383).
LogModuleManager: Display: Found up-to-date module file ../../../Engine/Plugins/Media/WmfMedia/Binaries/Win64/UE4Editor-WmfMedia.dll (API version 3709383).
LogModuleManager: Display: Found up-to-date module file ../../../Engine/Plugins/Media/WmfMedia/Binaries/Win64/UE4Editor-WmfMediaEditor.dll (API version 3709383).
LogModuleManager: Display: Found up-to-date module file ../../../Engine/Plugins/Media/WmfMedia/Binaries/Win64/UE4Editor-WmfMediaFactory.dll (API version 3709383).
LogModuleManager: Display: Found up-to-date module file ../../../Engine/Plugins/Media/WmfMedia/Binaries/Win64/UE4Editor-WmfMediaFactory.dll (API version 3709383).
LogModuleManager: Display: Found up-to-date module file ../../../Engine/Plugins/Messaging/TcpMessaging/Binaries/Win64/UE4Editor-TcpMessaging.dll (API version 3709383).
LogModuleManager: Display: Found up-to-date module file ../../../Engine/Plugins/Messaging/UdpMessaging/Binaries/Win64/UE4Editor-UdpMessaging.dll (API version 3709383).
LogModuleManager: Display: Found up-to-date module file ../../../Engine/Plugins/MovieScene/ActorSequence/Binaries/Win64/UE4Editor-ActorSequence.dll (API version 3709383).
LogModuleManager: Display: Found up-to-date module file ../../../Engine/Plugins/MovieScene/LevelSequenceEditor/Binaries/Win64/UE4Editor-LevelSequenceEditor.dll (API version 3709383).
LogModuleManager: Display: Found up-to-date module file ../../../Engine/Plugins/MovieScene/MatineeToLevelSequence/Binaries/Win64/UE4Editor-MatineeToLevelSequence.dll (API version 3709383).
LogModuleManager: Display: Found up-to-date module file ../../../Engine/Plugins/Online/OnlineSubsystem/Binaries/Win64/UE4Editor-OnlineSubsystem.dll (API version 3709383).
LogModuleManager: Display: Found up-to-date module file ../../../Engine/Plugins/Online/OnlineSubsystemNull/Binaries/Win64/UE4Editor-OnlineSubsystemNull.dll (API version 3709383).
LogModuleManager: Display: Found up-to-date module file ../../../Engine/Plugins/Online/OnlineSubsystemUtils/Binaries/Win64/UE4Editor-OnlineSubsystemUtils.dll (API version 3709383).
LogModuleManager: Display: Found up-to-date module file ../../../Engine/Plugins/Online/OnlineSubsystemUtils/Binaries/Win64/UE4Editor-OnlineBlueprintSupport.dll (API version 3709383).
LogModuleManager: Display: Found up-to-date module file ../../../Engine/Plugins/Runtime/AndroidDeviceProfileSelector/Binaries/Win64/UE4Editor-AndroidDeviceProfileSelector.dll (API version 3709383).
LogModuleManager: Display: Found up-to-date module file ../../../Engine/Plugins/Runtime/AndroidPermission/Binaries/Win64/UE4Editor-AndroidPermission.dll (API version 3709383).
LogModuleManager: Display: Found up-to-date module file ../../../Engine/Plugins/Runtime/AppleARKit/Binaries/Win64/UE4Editor-AppleARKit.dll (API version 3709383).
LogModuleManager: Display: Found up-to-date module file ../../../Engine/Plugins/Runtime/ArchVisCharacter/Binaries/Win64/UE4Editor-ArchVisCharacter.dll (API version 3709383).
LogModuleManager: Display: Found up-to-date module file ../../../Engine/Plugins/Runtime/CableComponent/Binaries/Win64/UE4Editor-CableComponent.dll (API version 3709383).
LogModuleManager: Display: Found up-to-date module file ../../../Engine/Plugins/Runtime/CustomMeshComponent/Binaries/Win64/UE4Editor-CustomMeshComponent.dll (API version 3709383).
LogModuleManager: Display: Found up-to-date module file ../../../Engine/Plugins/Runtime/ExampleDeviceProfileSelector/Binaries/Win64/UE4Editor-ExampleDeviceProfileSelector.dll (API version 3709383).
LogModuleManager: Display: Found up-to-date module file ../../../Engine/Plugins/Runtime/ImmediatePhysics/Binaries/Win64/UE4Editor-ImmediatePhysics.dll (API version 3709383).
LogModuleManager: Display: Found up-to-date module file ../../../Engine/Plugins/Runtime/ImmediatePhysics/Binaries/Win64/UE4Editor-ImmediatePhysicsEditor.dll (API version 3709383).
LogModuleManager: Display: Found up-to-date module file ../../../Engine/Plugins/Runtime/LocationServicesBPLibrary/Binaries/Win64/UE4Editor-LocationServicesBPLibrary.dll (API version 3709383).
LogModuleManager: Display: Found up-to-date module file ../../../Engine/Plugins/Runtime/MobilePatchingUtils/Binaries/Win64/UE4Editor-MobilePatchingUtils.dll (API version 3709383).
LogModuleManager: Display: Found up-to-date module file ../../../Engine/Plugins/Runtime/Oculus/OculusVR/Binaries/Win64/UE4Editor-OculusHMD.dll (API version 3709383).
LogModuleManager: Display: Found up-to-date module file ../../../Engine/Plugins/Runtime/Oculus/OculusVR/Binaries/Win64/UE4Editor-OculusInput.dll (API version 3709383).
LogModuleManager: Display: Found up-to-date module file ../../../Engine/Plugins/Runtime/Oculus/OculusVR/Binaries/Win64/UE4Editor-OculusEditor.dll (API version 3709383).
LogModuleManager: Display: Found up-to-date module file ../../../Engine/Plugins/Runtime/PhysXVehicles/Binaries/Win64/UE4Editor-PhysXVehicles.dll (API version 3709383).
LogModuleManager: Display: Found up-to-date module file ../../../Engine/Plugins/Runtime/PhysXVehicles/Binaries/Win64/UE4Editor-PhysXVehiclesEditor.dll (API version 3709383).
LogModuleManager: Display: Found up-to-date module file ../../../Engine/Plugins/Runtime/ProceduralMeshComponent/Binaries/Win64/UE4Editor-ProceduralMeshComponent.dll (API version 3709383).
LogModuleManager: Display: Found up-to-date module file ../../../Engine/Plugins/Runtime/ProceduralMeshComponent/Binaries/Win64/UE4Editor-ProceduralMeshComponentEditor.dll (API version 3709383).
LogModuleManager: Display: Found up-to-date module file ../../../Engine/Plugins/Runtime/RuntimePhysXCooking/Binaries/Win64/UE4Editor-RuntimePhysXCooking.dll (API version 3709383).
LogModuleManager: Display: Found up-to-date module file ../../../Engine/Plugins/Runtime/Steam/SteamVR/Binaries/Win64/UE4Editor-SteamVR.dll (API version 3709383).
LogModuleManager: Display: Found up-to-date module file ../../../Engine/Plugins/Runtime/Steam/SteamVR/Binaries/Win64/UE4Editor-SteamVRController.dll (API version 3709383).
LogModuleManager: Display: Found up-to-date module file ../../../Engine/Plugins/Runtime/WindowsMoviePlayer/Binaries/Win64/UE4Editor-WindowsMoviePlayer.dll (API version 3709383).
LogInit: Using libcurl 7.47.1
LogInit:  - built for x86_64-pc-win32
LogInit:  - supports SSL with OpenSSL/1.0.2g
LogInit:  - supports HTTP deflate (compression) using libz 1.2.8
LogInit:  - other features:
LogInit:      CURL_VERSION_SSL
LogInit:      CURL_VERSION_LIBZ
LogInit:      CURL_VERSION_IPV6
LogInit:      CURL_VERSION_ASYNCHDNS
LogInit:      CURL_VERSION_LARGEFILE
LogInit:      CURL_VERSION_IDN
LogInit:  CurlRequestOptions (configurable via config and command line):
LogInit:  - bVerifyPeer = false  - Libcurl will NOT verify peer certificate
LogInit:  - bUseHttpProxy = false  - Libcurl will NOT use HTTP proxy
LogInit:  - bDontReuseConnections = false  - Libcurl will reuse connections
LogInit:  - CertBundlePath = nullptr  - Libcurl will use whatever was configured at build time.
LogInit: Build: ++UE4+Release-4.18-CL-3832480
LogInit: Engine Version: 4.18.3-3832480+++UE4+Release-4.18
LogInit: Compatible Engine Version: 4.18.0-3709383+++UE4+Release-4.18
LogInit: Net CL: 3709383
LogDevObjectVersion: Number of dev versions registered: 16
LogDevObjectVersion:   Dev-Blueprints (B0D832E4-1F89-4F0D-ACCF-7EB736FD4AA2): 10
LogDevObjectVersion:   Dev-Build (E1C64328-A22C-4D53-A36C-8E866417BD8C): 0
LogDevObjectVersion:   Dev-Core (375EC13C-06E4-48FB-B500-84F0262A717E): 2
LogDevObjectVersion:   Dev-Editor (E4B068ED-F494-42E9-A231-DA0B2E46BB41): 20
LogDevObjectVersion:   Dev-Framework (CFFC743F-43B0-4480-9391-14DF171D2073): 30
LogDevObjectVersion:   Dev-Mobile (B02B49B5-BB20-44E9-A304-32B752E40360): 0
LogDevObjectVersion:   Dev-Networking (A4E4105C-59A1-49B5-A7C5-40C4547EDFEE): 0
LogDevObjectVersion:   Dev-Online (39C831C9-5AE6-47DC-9A44-9C173E1C8E7C): 0
LogDevObjectVersion:   Dev-Physics (78F01B33-EBEA-4F98-B9B4-84EACCB95AA2): 0
LogDevObjectVersion:   Dev-Platform (6631380F-2D4D-43E0-8009-CF276956A95A): 0
LogDevObjectVersion:   Dev-Rendering (12F88B9F-8875-4AFC-A67C-D90C383ABD29): 20
LogDevObjectVersion:   Dev-Sequencer (7B5AE74C-D270-4C10-A958-57980B212A5A): 4
LogDevObjectVersion:   Dev-VR (D7296918-1DD6-4BDD-9DE2-64A83CC13884): 0
LogDevObjectVersion:   Dev-LoadTimes (C2A15278-BFE7-4AFE-6C17-90FF531DF755): 1
LogDevObjectVersion:   Private-Geometry (6EACA3D4-40EC-4CC1-B786-8BED09428FC5): 1
LogDevObjectVersion:   Dev-AnimPhys (29E575DD-E0A3-4627-9D10-D276232CDCEA): 12
LogInit: Compiled (64-bit): Jan 12 2018 02:04:55
LogInit: Compiled with Visual C++: 19.00.24215.01
LogInit: Build Configuration: Development
LogInit: Branch Name: ++UE4+Release-4.18
LogInit: Command line:  
LogInit: Base directory: N:/Program Files/EpicGames/UE_4.18/Engine/Binaries/Win64/
LogInit: Installed Engine Build: 1
LogInit: Presizing for max 8388607 objects, including 0 objects not considered by GC, pre-allocating 0 bytes for permanent pool.
LogInit: Object subsystem initialized
[2018.07.29-19.49.17:624][  0]LogInit: Selected Device Profile: [Windows]
[2018.07.29-19.49.17:624][  0]LogInit: Applying CVar settings loaded from the selected device profile: [Windows]
[2018.07.29-19.49.17:852][  0]LogInit: Computer: SALAMANDER
[2018.07.29-19.49.17:852][  0]LogInit: User: morga
[2018.07.29-19.49.17:852][  0]LogInit: CPU Page size=4096, Cores=6
[2018.07.29-19.49.17:852][  0]LogInit: High frequency timer resolution =3.609377 MHz
[2018.07.29-19.49.17:894][  0]LogMemory: Memory total: Physical=15.9GB (16GB approx)
[2018.07.29-19.49.17:894][  0]LogMemory: Platform Memory Stats for Windows
[2018.07.29-19.49.17:894][  0]LogMemory: Process Physical Memory: 272.04 MB used, 272.04 MB peak
[2018.07.29-19.49.17:894][  0]LogMemory: Process Virtual Memory: 272.27 MB used, 272.27 MB peak
[2018.07.29-19.49.17:894][  0]LogMemory: Physical Memory: 6527.57 MB used,  9785.51 MB free, 16313.08 MB total
[2018.07.29-19.49.17:894][  0]LogMemory: Virtual Memory: 4781.51 MB used,  9785.51 MB free, 134217728.00 MB total
[2018.07.29-19.49.20:441][  0]LogInit: Using OS detected language (en-GB).
[2018.07.29-19.49.20:441][  0]LogInit: Using OS detected locale (en-GB).
[2018.07.29-19.49.20:936][  0]LogTextLocalizationManager: No specific localization for 'en-GB' exists, so the 'en' localization will be used.
[2018.07.29-19.49.23:702][  0]LogInit: Setting process to per monitor DPI aware
[2018.07.29-19.49.29:450][  0]LogD3D11RHI: D3D11 adapters:
[2018.07.29-19.49.29:511][  0]LogD3D11RHI:    0. 'NVIDIA GeForce GTX 1080 Ti' (Feature Level 11_0)
[2018.07.29-19.49.29:511][  0]LogD3D11RHI:       11127/0/8156 MB DedicatedVideo/DedicatedSystem/SharedSystem, Outputs:1, VendorId:0x10de
[2018.07.29-19.49.29:512][  0]LogD3D11RHI:    1. 'Microsoft Basic Render Driver' (Feature Level 11_0)
[2018.07.29-19.49.29:512][  0]LogD3D11RHI:       0/0/8156 MB DedicatedVideo/DedicatedSystem/SharedSystem, Outputs:0, VendorId:0x1414
[2018.07.29-19.49.29:512][  0]LogD3D11RHI: Chosen D3D11 Adapter: 0
[2018.07.29-19.49.29:519][  0]LogD3D11RHI: Creating new Direct3DDevice
[2018.07.29-19.49.29:520][  0]LogD3D11RHI:     GPU DeviceId: 0x1b06 (for the marketing name, search the web for "GPU Device Id")
[2018.07.29-19.49.29:520][  0]LogWindows: EnumDisplayDevices:
[2018.07.29-19.49.29:520][  0]LogWindows:    0. 'NVIDIA GeForce GTX 1080 Ti' (P:1 D:1)
[2018.07.29-19.49.29:672][  0]LogWindows:    1. 'NVIDIA GeForce GTX 1080 Ti' (P:0 D:0)
[2018.07.29-19.49.29:672][  0]LogWindows:    2. 'NVIDIA GeForce GTX 1080 Ti' (P:0 D:0)
[2018.07.29-19.49.29:672][  0]LogWindows:    3. 'NVIDIA GeForce GTX 1080 Ti' (P:0 D:0)
[2018.07.29-19.49.29:672][  0]LogWindows: DebugString: GetVideoDriverDetailsInvalid PrimaryIsNotTheChoosenAdapter GetVideoDriverDetailsInvalid PrimaryIsNotTheChoosenAdapter GetVideoDriverDetailsInvalid PrimaryIsNotTheChoosenAdapter GetVideoDriverDetailsInvalid PrimaryIsNotTheChoosenAdapter FoundDriverCount:0 
[2018.07.29-19.49.29:672][  0]LogD3D11RHI:     Adapter Name: NVIDIA GeForce GTX 1080 Ti
[2018.07.29-19.49.29:672][  0]LogD3D11RHI:   Driver Version: Unknown (internal:Unknown, unified:Unknown)
[2018.07.29-19.49.29:672][  0]LogD3D11RHI:      Driver Date: Unknown
[2018.07.29-19.49.29:672][  0]LogRHI: Texture pool is 7788 MB (70% of 11127 MB)
[2018.07.29-19.49.29:706][  0]LogD3D11RHI: Async texture creation enabled
[2018.07.29-19.49.31:368][  0]LogD3D11RHI: GPU Timing Frequency: 1000.000000 (Debug: 2 2)
[2018.07.29-19.49.31:780][  0]LogShaderCompilers: Guid format shader working directory is -27 characters bigger than the processId version (../../../../../../Programming/Unreal/Multiplayer_StealthGame/StealthGame/Intermediate/Shaders/WorkingDirectory/18168/).
[2018.07.29-19.49.31:780][  0]LogShaderCompilers: Cleaned the shader compiler working directory 'C:/Users/morga/AppData/Local/Temp/UnrealShaderWorkingDir/79CB6039430CF161E876358EF1A81EE9/'.
[2018.07.29-19.49.31:828][  0]LogShaderCompilers: Display: Using Local Shader Compiler.
[2018.07.29-19.49.38:987][  0]LogTemp: Display: Loaded TP AllDesktopTargetPlatform
[2018.07.29-19.49.39:065][  0]LogTemp: Display: Loaded TP MacClientTargetPlatform
[2018.07.29-19.49.39:095][  0]LogTemp: Display: Loaded TP MacNoEditorTargetPlatform
[2018.07.29-19.49.39:124][  0]LogTemp: Display: Loaded TP MacServerTargetPlatform
[2018.07.29-19.49.39:206][  0]LogTemp: Display: Loaded TP MacTargetPlatform
[2018.07.29-19.49.39:281][  0]LogTemp: Display: Loaded TP WindowsClientTargetPlatform
[2018.07.29-19.49.39:338][  0]LogTemp: Display: Loaded TP WindowsNoEditorTargetPlatform
[2018.07.29-19.49.39:377][  0]LogTemp: Display: Loaded TP WindowsServerTargetPlatform
[2018.07.29-19.49.39:427][  0]LogTemp: Display: Loaded TP WindowsTargetPlatform
[2018.07.29-19.49.39:519][  0]LogTemp: Display: Loaded TP Android_ASTCTargetPlatform
[2018.07.29-19.49.39:609][  0]LogTemp: Display: Loaded TP Android_ATCTargetPlatform
[2018.07.29-19.49.39:640][  0]LogTemp: Display: Loaded TP Android_DXTTargetPlatform
[2018.07.29-19.49.39:746][  0]LogTemp: Display: Loaded TP Android_ETC1TargetPlatform
[2018.07.29-19.49.39:777][  0]LogTemp: Display: Loaded TP Android_ETC2TargetPlatform
[2018.07.29-19.49.39:967][  0]LogTemp: Display: Loaded TP Android_MultiTargetPlatform
[2018.07.29-19.49.39:967][  0]LogTemp: Display: Loaded TP Android_PVRTCTargetPlatform
[2018.07.29-19.49.40:177][  0]LogTemp: Display: Loaded TP AndroidTargetPlatform
[2018.07.29-19.49.40:508][  0]LogTemp: Display: Loaded TP HTML5TargetPlatform
[2018.07.29-19.49.40:944][  0]LogTemp: Display: Loaded TP IOSTargetPlatform
[2018.07.29-19.49.41:016][  0]LogTemp: Display: Loaded TP TVOSTargetPlatform
[2018.07.29-19.49.41:106][  0]LogTemp: Display: Loaded TP LinuxClientTargetPlatform
[2018.07.29-19.49.41:197][  0]LogTemp: Display: Loaded TP LinuxNoEditorTargetPlatform
[2018.07.29-19.49.41:290][  0]LogTemp: Display: Loaded TP LinuxServerTargetPlatform
[2018.07.29-19.49.41:415][  0]LogTemp: Display: Loaded TP LinuxTargetPlatform
[2018.07.29-19.49.41:415][  0]LogTargetPlatformManager: Display: Building Assets For Windows
[2018.07.29-19.49.44:429][  0]LogDerivedDataCache: Display: Max Cache Size: 512 MB
[2018.07.29-19.49.44:712][  0]LogDerivedDataCache: Loaded boot cache 0.27s 79MB C:/Users/morga/AppData/Local/UnrealEngine/4.18/DerivedDataCache/Boot.ddc.
[2018.07.29-19.49.44:712][  0]LogDerivedDataCache: Display: Loaded Boot cache: C:/Users/morga/AppData/Local/UnrealEngine/4.18/DerivedDataCache/Boot.ddc
[2018.07.29-19.49.44:712][  0]LogDerivedDataCache: FDerivedDataBackendGraph:  Pak pak cache file ../../../../../../Programming/Unreal/Multiplayer_StealthGame/StealthGame/DerivedDataCache/DDC.ddp not found, will not use a pak cache.
[2018.07.29-19.49.44:712][  0]LogDerivedDataCache: Unable to find inner node Pak for hierarchical cache Hierarchy.
[2018.07.29-19.49.44:712][  0]LogDerivedDataCache: FDerivedDataBackendGraph:  CompressedPak pak cache file ../../../../../../Programming/Unreal/Multiplayer_StealthGame/StealthGame/DerivedDataCache/Compressed.ddp not found, will not use a pak cache.
[2018.07.29-19.49.44:712][  0]LogDerivedDataCache: Unable to find inner node CompressedPak for hierarchical cache Hierarchy.
[2018.07.29-19.49.44:856][  0]LogDerivedDataCache: Display: Pak cache opened for reading ../../../Engine/DerivedDataCache/Compressed.ddp.
[2018.07.29-19.49.44:869][  0]LogDerivedDataCache: Using Local data cache path C:/Users/morga/AppData/Local/UnrealEngine/Common/DerivedDataCache: Writable
[2018.07.29-19.49.45:033][  0]LogMaterial: Verifying Global Shaders for PCD3D_SM5
[2018.07.29-19.49.45:185][  0]LogSlate: Using Freetype 2.6.0
[2018.07.29-19.49.45:350][  0]LogSlate: SlateFontCache - WITH_FREETYPE: 1, WITH_HARFBUZZ: 1
[2018.07.29-19.49.45:366][  0]LogSlate: SlateFontCache - WITH_FREETYPE: 1, WITH_HARFBUZZ: 1
[2018.07.29-19.50.05:318][  0]LogInit: Selected Device Profile: [Windows]
[2018.07.29-19.50.10:475][  0]LogSimplygon: Simplygon DLL not present - disabling.
[2018.07.29-19.50.10:690][  0]LogMeshReduction: Using SimplygonSwarm for distributed automatic mesh merging
[2018.07.29-19.50.10:691][  0]LogMeshReduction: Using QuadricMeshReduction for automatic static mesh reduction
[2018.07.29-19.50.10:691][  0]LogMeshReduction: No automatic skeletal mesh reduction module available
[2018.07.29-19.50.10:691][  0]LogMeshReduction: No automatic mesh merging module available
[2018.07.29-19.50.10:691][  0]LogMeshMerging: No automatic mesh merging module available
[2018.07.29-19.50.12:323][  0]LogNetVersion: FPSGame , NetCL: 3709383, EngineNetVer: 2, GameNetVer: 0 (Checksum: 875609505)
[2018.07.29-19.50.15:852][  0]LogAssetRegistry: FAssetRegistry took 0.1391 seconds to start up
[2018.07.29-19.50.25:651][  0]LogPackageLocalizationCache: Processed 7 localized package path(s) for 2 prioritized culture(s) in 0.164301 seconds
[2018.07.29-19.50.25:726][  0]LogUObjectArray: 35870 objects as part of root set at end of initial load.
[2018.07.29-19.50.25:726][  0]LogUObjectAllocator: 7363696 out of 0 bytes used by permanent object pool.
[2018.07.29-19.50.25:726][  0]LogUObjectArray: CloseDisregardForGC: 0/0 objects in disregard for GC pool
[2018.07.29-19.50.25:864][  0]LogInit: WinSock: version 1.1 (2.2), MaxSocks=32767, MaxUdp=65467
[2018.07.29-19.50.59:625][  0]LogTcpMessaging: Initializing TcpMessaging bridge
[2018.07.29-19.50.59:857][  0]LogUdpMessaging: Initializing bridge on interface 0.0.0.0:0 to multicast group 230.0.0.1:6666.
[2018.07.29-19.51.06:013][  0]LogMaterial: Uniform references updated for custom material expression Custom.
[2018.07.29-19.51.08:017][  0]SourceControl: Source control is disabled
[2018.07.29-19.51.08:017][  0]SourceControl: Source control is disabled
[2018.07.29-19.51.08:507][  0]SourceControl: Source control is disabled
[2018.07.29-19.51.08:792][  0]SourceControl: Source control is disabled
[2018.07.29-19.51.13:090][  0]LogAndroidPermission: UAndroidPermissionCallbackProxy::GetInstance
[2018.07.29-19.51.13:849][  0]LogOcInput: OculusInput pre-init called
[2018.07.29-19.51.16:136][  0]LogEngine: Initializing Engine...
[2018.07.29-19.51.16:796][  0]LogHMD: Failed to initialize OpenVR with code 105
[2018.07.29-19.51.18:589][  0]LogStats: UGameplayTagsManager::ConstructGameplayTagTree: Construct from data asset -  0.000 s
[2018.07.29-19.51.18:655][  0]LogStats: UGameplayTagsManager::ConstructGameplayTagTree: GameplayTagTreeChangedEvent.Broadcast -  0.032 s
[2018.07.29-19.51.20:885][  0]LogAIModule: Creating AISystem for world Untitled
[2018.07.29-19.51.21:393][  0]LogInit: XAudio2 using 'Speakers (ASUS ROG Spitfire)' : 2 channels at 48 kHz using 16 bits per sample (channel mask 0x3)
[2018.07.29-19.51.21:444][  0]LogInit: FAudioDevice initialized.
[2018.07.29-19.51.21:565][  0]LogDerivedDataCache: Saved boot cache 0.07s 79MB C:/Users/morga/AppData/Local/UnrealEngine/4.18/DerivedDataCache/Boot.ddc.
[2018.07.29-19.51.21:574][  0]LogInit: Texture streaming: Enabled
[2018.07.29-19.51.22:391][  0]LogEngineSessionManager: EngineSessionManager initialized
[2018.07.29-19.51.23:318][  0]LogInit: Transaction tracking system initialized
[2018.07.29-19.51.25:300][  0]BlueprintLog: New page: Editor Load
[2018.07.29-19.51.29:048][  0]LocalizationService: Localization service is disabled
[2018.07.29-19.51.32:589][  0]LogConsoleResponse: Display: 
[2018.07.29-19.51.36:401][  0]LogFileCache: Scanning file cache for directory 'N:/Programming/Unreal/Multiplayer_StealthGame/StealthGame/Content/' took 0.04s
[2018.07.29-19.51.36:401][  0]LogCook: Display: Max memory allowance for cook 16384mb min free memory 0mb
[2018.07.29-19.51.36:402][  0]LogCook: Display: Mobile HDR setting 1
[2018.07.29-19.51.36:440][  0]LogGameplayTags: Display: UGameplayTagsManager::DoneAddingNativeTags. DelegateIsBound: 0
[2018.07.29-19.51.42:541][  0]SourceControl: Source control is disabled
[2018.07.29-19.51.42:652][  0]Cmd: MAP LOAD FILE="../../../../../../Programming/Unreal/Multiplayer_StealthGame/StealthGame/Content/Maps/FirstPersonExampleMap.umap" TEMPLATE=0 SHOWPROGRESS=1 FEATURELEVEL=3
[2018.07.29-19.51.42:720][  0]LightingResults: New page: Lighting Build
[2018.07.29-19.51.43:257][  0]MapCheck: New page: Map Check
[2018.07.29-19.51.43:257][  0]LightingResults: New page: Lighting Build
[2018.07.29-19.51.48:021][  0]LogAIModule: Creating AISystem for world FirstPersonExampleMap
[2018.07.29-19.51.50:296][  0]LogEditorServer: Finished looking for orphan Actors (0.000 secs)
[2018.07.29-19.51.50:988][  0]Cmd: MAP CHECKDEP NOCLEARLOG
[2018.07.29-19.51.51:340][  0]MapCheck: Map check complete: 0 Error(s), 0 Warning(s), took 338.648ms to complete.
[2018.07.29-19.51.51:371][  0]LogFileHelpers: Loading map 'FirstPersonExampleMap' took 8.759
[2018.07.29-19.51.54:330][  0]LogCollectionManager: Loaded 0 collections in 0.000879 seconds
[2018.07.29-19.51.54:474][  0]LogFileCache: Scanning file cache for directory 'N:/Programming/Unreal/Multiplayer_StealthGame/StealthGame/Saved/Collections/' took 0.01s
[2018.07.29-19.51.54:474][  0]LogFileCache: Scanning file cache for directory 'N:/Programming/Unreal/Multiplayer_StealthGame/StealthGame/Content/Developers/morga/Collections/' took 0.01s
[2018.07.29-19.51.54:474][  0]LogFileCache: Scanning file cache for directory 'N:/Programming/Unreal/Multiplayer_StealthGame/StealthGame/Content/Collections/' took 0.01s
[2018.07.29-19.51.54:474][  0]LogCollectionManager: Rebuilt the GUID cache for 0 collections in 0.000001 seconds
[2018.07.29-19.51.54:516][  0]LogContentBrowser: Native class hierarchy populated in 0.0382 seconds. Added 2369 classes and 524 folders.
[2018.07.29-19.51.54:696][  0]LogContentBrowser: Native class hierarchy updated for 'WidgetCarousel' in 0.0009 seconds. Added 0 classes and 0 folders.
[2018.07.29-19.51.55:773][  0]LogContentBrowser: Native class hierarchy updated for 'AddContentDialog' in 0.0005 seconds. Added 0 classes and 0 folders.
[2018.07.29-19.51.56:536][  0]LogSlate: Took 0.009634 seconds to synchronously load lazily loaded font '../../../Engine/Content/Slate/Fonts/Roboto-Regular.ttf' (155K)
[2018.07.29-19.51.56:654][  0]LogSlate: Took 0.008542 seconds to synchronously load lazily loaded font '../../../Engine/Content/Slate/Fonts/Roboto-Bold.ttf' (160K)
[2018.07.29-19.51.56:711][  0]LogSlate: Took 0.010596 seconds to synchronously load lazily loaded font '../../../Engine/Content/Editor/Slate/Fonts/FontAwesome.ttf' (139K)
[2018.07.29-19.51.57:308][  0]LogRenderer: Reallocating scene render targets to support 1624x892 Format 10 NumSamples 1 (Frame:1).
[2018.07.29-19.51.58:323][  0]LogContentBrowser: Native class hierarchy updated for 'HierarchicalLODOutliner' in 0.0004 seconds. Added 1 classes and 2 folders.
[2018.07.29-19.51.58:324][  0]LogLoad: (Engine Initialization) Total time: 241.35 seconds
[2018.07.29-19.51.58:324][  0]LogLoad: (Engine Initialization) Total Blueprint compile time: 0.00 seconds
[2018.07.29-19.51.58:346][  0]LogExternalProfiler: No external profilers were discovered.  External profiling features will not be available.
[2018.07.29-19.51.59:102][  0]LogContentStreaming: Texture pool size now 1000 MB
[2018.07.29-19.51.59:816][  2]LogAssetRegistry: Asset discovery search completed in 104.0242 seconds
[2018.07.29-19.51.59:883][  2]LogCollectionManager: Rebuilt the object cache for 0 collections in 0.000000 seconds (found 0 objects)
[2018.07.29-19.51.59:883][  2]LogCollectionManager: Fixed up redirectors for 0 collections in 0.009594 seconds (updated 0 objects)
[2018.07.29-19.51.59:963][  2]LogSlate: Took 0.014398 seconds to synchronously load lazily loaded font '../../../Engine/Content/Slate/Fonts/Roboto-Light.ttf' (159K)
[2018.07.29-20.20.52:186][809]LogSlate: Took 0.000096 seconds to synchronously load lazily loaded font '../../../Engine/Content/Slate/Fonts/Roboto-Light.ttf' (159K)
[2018.07.29-20.20.53:024][809]LogContentBrowser: Native class hierarchy updated for 'BlueprintGraph' in 0.0101 seconds. Added 116 classes and 0 folders.
[2018.07.29-20.30.22:026][672]LogSlate: Took 0.013311 seconds to synchronously load lazily loaded font '../../../Engine/Content/Editor/Slate/Fonts/Roboto-BoldCondensed.ttf' (158K)
[2018.07.29-20.39.31:190][384]LogHotReload: New module detected: UE4Editor-FPSGame-8329.dll
[2018.07.29-20.39.32:534][389]LogHotReload: Starting Hot-Reload from IDE
[2018.07.29-20.39.32:704][389]LogClass: Could not find existing class FPSCharacter in package /Script/FPSGame for HotReload, assuming new class
[2018.07.29-20.39.32:716][389]LogHotReload: Re-instancing FPSCharacter after hot-reload.
[2018.07.29-20.39.33:603][389]LogContentBrowser: Native class hierarchy updated for 'FPSGame' in 0.0005 seconds. Added 5 classes and 3 folders.
[2018.07.29-20.39.33:605][389]Display: HotReload successful (1 functions remapped  0 scriptstructs remapped)
[2018.07.29-20.39.33:914][389]LogContentBrowser: Native class hierarchy populated in 0.0067 seconds. Added 2370 classes and 526 folders.
[2018.07.29-20.39.33:982][389]Display: HotReload took  1.4s.
[2018.07.29-20.42.04:050][839]LogHotReload: New module detected: UE4Editor-FPSGame-2754.dll
[2018.07.29-20.42.04:728][842]LogHotReload: Starting Hot-Reload from IDE
[2018.07.29-20.42.04:799][842]LogContentBrowser: Native class hierarchy updated for 'FPSGame' in 0.0004 seconds. Added 5 classes and 3 folders.
[2018.07.29-20.42.04:801][842]Display: HotReload successful (1 functions remapped  0 scriptstructs remapped)
[2018.07.29-20.42.05:043][842]LogContentBrowser: Native class hierarchy populated in 0.0063 seconds. Added 2370 classes and 526 folders.
[2018.07.29-20.42.05:047][842]Display: HotReload took  0.3s.
[2018.07.29-20.42.15:816][924]LogTemp: Repeating last play command: Selected Viewport
[2018.07.29-20.42.15:997][924]LogBlueprintUserMessages: Early PlayInEditor Detection: Level '/Game/Maps/FirstPersonExampleMap.FirstPersonExampleMap:PersistentLevel' has LevelScriptBlueprint '/Game/Maps/FirstPersonExampleMap.FirstPersonExampleMap:PersistentLevel.FirstPersonExampleMap' with GeneratedClass '/Game/Maps/FirstPersonExampleMap.FirstPersonExampleMap_C' with ClassGeneratedBy '/Game/Maps/FirstPersonExampleMap.FirstPersonExampleMap:PersistentLevel.FirstPersonExampleMap'
[2018.07.29-20.42.16:014][924]LogPlayLevel: PlayLevel: No blueprints needed recompiling
[2018.07.29-20.42.16:098][924]PIE: New page: PIE session: FirstPersonExampleMap (30 Jul 2018 00:42:16)
[2018.07.29-20.42.16:112][924]LogPlayLevel: Creating play world package: /Game/Maps/UEDPIE_0_FirstPersonExampleMap
[2018.07.29-20.42.16:184][924]LogPlayLevel: PIE: StaticDuplicateObject took: (0.071826s)
[2018.07.29-20.42.16:184][924]LogAIModule: Creating AISystem for world FirstPersonExampleMap
[2018.07.29-20.42.16:197][924]LogPlayLevel: PIE: World Init took: (0.014005s)
[2018.07.29-20.42.16:214][924]LogPlayLevel: PIE: Created PIE world by copying editor world from /Game/Maps/FirstPersonExampleMap.FirstPersonExampleMap to /Game/Maps/UEDPIE_0_FirstPersonExampleMap.FirstPersonExampleMap (0.102454s)
[2018.07.29-20.42.16:309][924]LogInit: XAudio2 using 'Speakers (ASUS ROG Spitfire)' : 2 channels at 48 kHz using 16 bits per sample (channel mask 0x3)
[2018.07.29-20.42.16:315][924]LogInit: FAudioDevice initialized.
[2018.07.29-20.42.16:436][924]LogLoad: Game class is 'FPSGameMode'
[2018.07.29-20.42.16:553][924]LogWorld: Bringing World /Game/Maps/UEDPIE_0_FirstPersonExampleMap.FirstPersonExampleMap up for play (max tick rate 0) at 2018.07.29-22.42.16
[2018.07.29-20.42.16:609][924]LogWorld: Bringing up level for play took: 0.058422
[2018.07.29-20.42.16:752][924]LogContentBrowser: Native class hierarchy updated for 'MovieSceneCapture' in 0.0004 seconds. Added 11 classes and 0 folders.
[2018.07.29-20.42.16:809][924]PIE: Play in editor start time for /Game/Maps/UEDPIE_0_FirstPersonExampleMap 0.368
[2018.07.29-20.42.16:809][924]LogBlueprintUserMessages: Late PlayInEditor Detection: Level '/Game/Maps/FirstPersonExampleMap.FirstPersonExampleMap:PersistentLevel' has LevelScriptBlueprint '/Game/Maps/FirstPersonExampleMap.FirstPersonExampleMap:PersistentLevel.FirstPersonExampleMap' with GeneratedClass '/Game/Maps/FirstPersonExampleMap.FirstPersonExampleMap_C' with ClassGeneratedBy '/Game/Maps/FirstPersonExampleMap.FirstPersonExampleMap:PersistentLevel.FirstPersonExampleMap'
[2018.07.29-20.42.24:931][828]LogBlueprintUserMessages: Early EndPlayMap Detection: Level '/Game/Maps/FirstPersonExampleMap.FirstPersonExampleMap:PersistentLevel' has LevelScriptBlueprint '/Game/Maps/FirstPersonExampleMap.FirstPersonExampleMap:PersistentLevel.FirstPersonExampleMap' with GeneratedClass '/Game/Maps/FirstPersonExampleMap.FirstPersonExampleMap_C' with ClassGeneratedBy '/Game/Maps/FirstPersonExampleMap.FirstPersonExampleMap:PersistentLevel.FirstPersonExampleMap'
[2018.07.29-20.42.25:115][828]LogBlueprintUserMessages: Late EndPlayMap Detection: Level '/Game/Maps/FirstPersonExampleMap.FirstPersonExampleMap:PersistentLevel' has LevelScriptBlueprint '/Game/Maps/FirstPersonExampleMap.FirstPersonExampleMap:PersistentLevel.FirstPersonExampleMap' with GeneratedClass '/Game/Maps/FirstPersonExampleMap.FirstPersonExampleMap_C' with ClassGeneratedBy '/Game/Maps/FirstPersonExampleMap.FirstPersonExampleMap:PersistentLevel.FirstPersonExampleMap'
[2018.07.29-20.42.26:103][929]LogTemp: Repeating last play command: Selected Viewport
[2018.07.29-20.42.26:113][929]LogBlueprintUserMessages: Early PlayInEditor Detection: Level '/Game/Maps/FirstPersonExampleMap.FirstPersonExampleMap:PersistentLevel' has LevelScriptBlueprint '/Game/Maps/FirstPersonExampleMap.FirstPersonExampleMap:PersistentLevel.FirstPersonExampleMap' with GeneratedClass '/Game/Maps/FirstPersonExampleMap.FirstPersonExampleMap_C' with ClassGeneratedBy '/Game/Maps/FirstPersonExampleMap.FirstPersonExampleMap:PersistentLevel.FirstPersonExampleMap'
[2018.07.29-20.42.26:113][929]LogPlayLevel: PlayLevel: No blueprints needed recompiling
[2018.07.29-20.42.26:113][929]PIE: New page: PIE session: FirstPersonExampleMap (30 Jul 2018 00:42:26)
[2018.07.29-20.42.26:113][929]LogPlayLevel: Creating play world package: /Game/Maps/UEDPIE_0_FirstPersonExampleMap
[2018.07.29-20.42.26:131][929]LogPlayLevel: PIE: StaticDuplicateObject took: (0.017886s)
[2018.07.29-20.42.26:132][929]LogAIModule: Creating AISystem for world FirstPersonExampleMap
[2018.07.29-20.42.26:132][929]LogPlayLevel: PIE: World Init took: (0.000695s)
[2018.07.29-20.42.26:132][929]LogPlayLevel: PIE: Created PIE world by copying editor world from /Game/Maps/FirstPersonExampleMap.FirstPersonExampleMap to /Game/Maps/UEDPIE_0_FirstPersonExampleMap.FirstPersonExampleMap (0.018882s)
[2018.07.29-20.42.26:155][929]LogInit: XAudio2 using 'Speakers (ASUS ROG Spitfire)' : 2 channels at 48 kHz using 16 bits per sample (channel mask 0x3)
[2018.07.29-20.42.26:161][929]LogInit: FAudioDevice initialized.
[2018.07.29-20.42.26:191][929]LogLoad: Game class is 'FPSGameMode'
[2018.07.29-20.42.26:193][929]LogWorld: Bringing World /Game/Maps/UEDPIE_0_FirstPersonExampleMap.FirstPersonExampleMap up for play (max tick rate 0) at 2018.07.29-22.42.26
[2018.07.29-20.42.26:193][929]LogWorld: Bringing up level for play took: 0.001307
[2018.07.29-20.42.26:194][929]PIE: Play in editor start time for /Game/Maps/UEDPIE_0_FirstPersonExampleMap -0.248
[2018.07.29-20.42.26:194][929]LogBlueprintUserMessages: Late PlayInEditor Detection: Level '/Game/Maps/FirstPersonExampleMap.FirstPersonExampleMap:PersistentLevel' has LevelScriptBlueprint '/Game/Maps/FirstPersonExampleMap.FirstPersonExampleMap:PersistentLevel.FirstPersonExampleMap' with GeneratedClass '/Game/Maps/FirstPersonExampleMap.FirstPersonExampleMap_C' with ClassGeneratedBy '/Game/Maps/FirstPersonExampleMap.FirstPersonExampleMap:PersistentLevel.FirstPersonExampleMap'
[2018.07.29-20.42.39:542][507]LogBlueprintUserMessages: Early EndPlayMap Detection: Level '/Game/Maps/FirstPersonExampleMap.FirstPersonExampleMap:PersistentLevel' has LevelScriptBlueprint '/Game/Maps/FirstPersonExampleMap.FirstPersonExampleMap:PersistentLevel.FirstPersonExampleMap' with GeneratedClass '/Game/Maps/FirstPersonExampleMap.FirstPersonExampleMap_C' with ClassGeneratedBy '/Game/Maps/FirstPersonExampleMap.FirstPersonExampleMap:PersistentLevel.FirstPersonExampleMap'
[2018.07.29-20.42.39:578][507]LogBlueprintUserMessages: Late EndPlayMap Detection: Level '/Game/Maps/FirstPersonExampleMap.FirstPersonExampleMap:PersistentLevel' has LevelScriptBlueprint '/Game/Maps/FirstPersonExampleMap.FirstPersonExampleMap:PersistentLevel.FirstPersonExampleMap' with GeneratedClass '/Game/Maps/FirstPersonExampleMap.FirstPersonExampleMap_C' with ClassGeneratedBy '/Game/Maps/FirstPersonExampleMap.FirstPersonExampleMap:PersistentLevel.FirstPersonExampleMap'
[2018.07.29-20.42.40:974][668]LogTemp: Repeating last play command: Selected Viewport
[2018.07.29-20.42.40:983][668]LogBlueprintUserMessages: Early PlayInEditor Detection: Level '/Game/Maps/FirstPersonExampleMap.FirstPersonExampleMap:PersistentLevel' has LevelScriptBlueprint '/Game/Maps/FirstPersonExampleMap.FirstPersonExampleMap:PersistentLevel.FirstPersonExampleMap' with GeneratedClass '/Game/Maps/FirstPersonExampleMap.FirstPersonExampleMap_C' with ClassGeneratedBy '/Game/Maps/FirstPersonExampleMap.FirstPersonExampleMap:PersistentLevel.FirstPersonExampleMap'
[2018.07.29-20.42.40:983][668]LogPlayLevel: PlayLevel: No blueprints needed recompiling
[2018.07.29-20.42.40:984][668]PIE: New page: PIE session: FirstPersonExampleMap (30 Jul 2018 00:42:40)
[2018.07.29-20.42.40:984][668]LogPlayLevel: Creating play world package: /Game/Maps/UEDPIE_0_FirstPersonExampleMap
[2018.07.29-20.42.41:000][668]LogPlayLevel: PIE: StaticDuplicateObject took: (0.015803s)
[2018.07.29-20.42.41:000][668]LogAIModule: Creating AISystem for world FirstPersonExampleMap
[2018.07.29-20.42.41:000][668]LogPlayLevel: PIE: World Init took: (0.000760s)
[2018.07.29-20.42.41:001][668]LogPlayLevel: PIE: Created PIE world by copying editor world from /Game/Maps/FirstPersonExampleMap.FirstPersonExampleMap to /Game/Maps/UEDPIE_0_FirstPersonExampleMap.FirstPersonExampleMap (0.016863s)
[2018.07.29-20.42.41:025][668]LogInit: XAudio2 using 'Speakers (ASUS ROG Spitfire)' : 2 channels at 48 kHz using 16 bits per sample (channel mask 0x3)
[2018.07.29-20.42.41:030][668]LogInit: FAudioDevice initialized.
[2018.07.29-20.42.41:066][668]LogLoad: Game class is 'FPSGameMode'
[2018.07.29-20.42.41:073][668]LogWorld: Bringing World /Game/Maps/UEDPIE_0_FirstPersonExampleMap.FirstPersonExampleMap up for play (max tick rate 0) at 2018.07.29-22.42.41
[2018.07.29-20.42.41:074][668]LogWorld: Bringing up level for play took: 0.005569
[2018.07.29-20.42.41:076][668]PIE: Play in editor start time for /Game/Maps/UEDPIE_0_FirstPersonExampleMap 0.634
[2018.07.29-20.42.41:077][668]LogBlueprintUserMessages: Late PlayInEditor Detection: Level '/Game/Maps/FirstPersonExampleMap.FirstPersonExampleMap:PersistentLevel' has LevelScriptBlueprint '/Game/Maps/FirstPersonExampleMap.FirstPersonExampleMap:PersistentLevel.FirstPersonExampleMap' with GeneratedClass '/Game/Maps/FirstPersonExampleMap.FirstPersonExampleMap_C' with ClassGeneratedBy '/Game/Maps/FirstPersonExampleMap.FirstPersonExampleMap:PersistentLevel.FirstPersonExampleMap'
[2018.07.29-20.42.44:083][ 24]LogBlueprintUserMessages: Early EndPlayMap Detection: Level '/Game/Maps/FirstPersonExampleMap.FirstPersonExampleMap:PersistentLevel' has LevelScriptBlueprint '/Game/Maps/FirstPersonExampleMap.FirstPersonExampleMap:PersistentLevel.FirstPersonExampleMap' with GeneratedClass '/Game/Maps/FirstPersonExampleMap.FirstPersonExampleMap_C' with ClassGeneratedBy '/Game/Maps/FirstPersonExampleMap.FirstPersonExampleMap:PersistentLevel.FirstPersonExampleMap'
[2018.07.29-20.42.44:118][ 24]LogBlueprintUserMessages: Late EndPlayMap Detection: Level '/Game/Maps/FirstPersonExampleMap.FirstPersonExampleMap:PersistentLevel' has LevelScriptBlueprint '/Game/Maps/FirstPersonExampleMap.FirstPersonExampleMap:PersistentLevel.FirstPersonExampleMap' with GeneratedClass '/Game/Maps/FirstPersonExampleMap.FirstPersonExampleMap_C' with ClassGeneratedBy '/Game/Maps/FirstPersonExampleMap.FirstPersonExampleMap:PersistentLevel.FirstPersonExampleMap'
[2018.07.29-20.43.44:261][714]LogHotReload: New module detected: UE4Editor-FPSGame-5495.dll
[2018.07.29-20.43.44:948][717]LogHotReload: Starting Hot-Reload from IDE
[2018.07.29-20.43.45:006][717]LogHotReload: Re-instancing FPSObjectiveActor after hot-reload.
[2018.07.29-20.43.45:385][717]LogContentBrowser: Native class hierarchy updated for 'FPSGame' in 0.0005 seconds. Added 5 classes and 3 folders.
[2018.07.29-20.43.45:388][717]Display: HotReload successful (1 functions remapped  0 scriptstructs remapped)
[2018.07.29-20.43.45:604][717]LogContentBrowser: Native class hierarchy populated in 0.0065 seconds. Added 2370 classes and 526 folders.
[2018.07.29-20.43.45:607][717]Display: HotReload took  0.7s.
[2018.07.29-20.43.48:118][862]LogTemp: Repeating last play command: Selected Viewport
[2018.07.29-20.43.48:130][862]LogBlueprintUserMessages: Early PlayInEditor Detection: Level '/Game/Maps/FirstPersonExampleMap.FirstPersonExampleMap:PersistentLevel' has LevelScriptBlueprint '/Game/Maps/FirstPersonExampleMap.FirstPersonExampleMap:PersistentLevel.FirstPersonExampleMap' with GeneratedClass '/Game/Maps/FirstPersonExampleMap.FirstPersonExampleMap_C' with ClassGeneratedBy '/Game/Maps/FirstPersonExampleMap.FirstPersonExampleMap:PersistentLevel.FirstPersonExampleMap'
[2018.07.29-20.43.48:130][862]LogPlayLevel: PlayLevel: No blueprints needed recompiling
[2018.07.29-20.43.48:130][862]PIE: New page: PIE session: FirstPersonExampleMap (30 Jul 2018 00:43:48)
[2018.07.29-20.43.48:130][862]LogPlayLevel: Creating play world package: /Game/Maps/UEDPIE_0_FirstPersonExampleMap
[2018.07.29-20.43.48:148][862]LogPlayLevel: PIE: StaticDuplicateObject took: (0.017393s)
[2018.07.29-20.43.48:149][862]LogAIModule: Creating AISystem for world FirstPersonExampleMap
[2018.07.29-20.43.48:149][862]LogPlayLevel: PIE: World Init took: (0.000935s)
[2018.07.29-20.43.48:149][862]LogPlayLevel: PIE: Created PIE world by copying editor world from /Game/Maps/FirstPersonExampleMap.FirstPersonExampleMap to /Game/Maps/UEDPIE_0_FirstPersonExampleMap.FirstPersonExampleMap (0.018668s)
[2018.07.29-20.43.48:196][862]LogInit: XAudio2 using 'Speakers (ASUS ROG Spitfire)' : 2 channels at 48 kHz using 16 bits per sample (channel mask 0x3)
[2018.07.29-20.43.48:202][862]LogInit: FAudioDevice initialized.
[2018.07.29-20.43.48:236][862]LogLoad: Game class is 'FPSGameMode'
[2018.07.29-20.43.48:237][862]LogWorld: Bringing World /Game/Maps/UEDPIE_0_FirstPersonExampleMap.FirstPersonExampleMap up for play (max tick rate 0) at 2018.07.29-22.43.48
[2018.07.29-20.43.48:238][862]LogWorld: Bringing up level for play took: 0.001326
[2018.07.29-20.43.48:238][862]PIE: Play in editor start time for /Game/Maps/UEDPIE_0_FirstPersonExampleMap -0.203
[2018.07.29-20.43.48:239][862]LogBlueprintUserMessages: Late PlayInEditor Detection: Level '/Game/Maps/FirstPersonExampleMap.FirstPersonExampleMap:PersistentLevel' has LevelScriptBlueprint '/Game/Maps/FirstPersonExampleMap.FirstPersonExampleMap:PersistentLevel.FirstPersonExampleMap' with GeneratedClass '/Game/Maps/FirstPersonExampleMap.FirstPersonExampleMap_C' with ClassGeneratedBy '/Game/Maps/FirstPersonExampleMap.FirstPersonExampleMap:PersistentLevel.FirstPersonExampleMap'
[2018.07.29-20.43.51:311][226]LogBlueprintUserMessages: Early EndPlayMap Detection: Level '/Game/Maps/FirstPersonExampleMap.FirstPersonExampleMap:PersistentLevel' has LevelScriptBlueprint '/Game/Maps/FirstPersonExampleMap.FirstPersonExampleMap:PersistentLevel.FirstPersonExampleMap' with GeneratedClass '/Game/Maps/FirstPersonExampleMap.FirstPersonExampleMap_C' with ClassGeneratedBy '/Game/Maps/FirstPersonExampleMap.FirstPersonExampleMap:PersistentLevel.FirstPersonExampleMap'
[2018.07.29-20.43.51:347][226]LogBlueprintUserMessages: Late EndPlayMap Detection: Level '/Game/Maps/FirstPersonExampleMap.FirstPersonExampleMap:PersistentLevel' has LevelScriptBlueprint '/Game/Maps/FirstPersonExampleMap.FirstPersonExampleMap:PersistentLevel.FirstPersonExampleMap' with GeneratedClass '/Game/Maps/FirstPersonExampleMap.FirstPersonExampleMap_C' with ClassGeneratedBy '/Game/Maps/FirstPersonExampleMap.FirstPersonExampleMap:PersistentLevel.FirstPersonExampleMap'
[2018.07.29-20.43.54:289][558]BlueprintLog: New page: Compile BP_Player
[2018.07.29-20.43.55:435][616]Cmd: OBJ SAVEPACKAGE PACKAGE="/Game/Blueprints/BP_Player" FILE="../../../../../../Programming/Unreal/Multiplayer_StealthGame/StealthGame/Content/Blueprints/BP_Player.uasset" SILENT=true
[2018.07.29-20.43.55:550][616]LogSavePackage: Save=89.31ms
[2018.07.29-20.43.55:551][616]LogSavePackage: Moving '../../../../../../Programming/Unreal/Multiplayer_StealthGame/StealthGame/Saved/BP_Player18D8D8B64E99242C0D4E90AB20E8EB6F.tmp' to '../../../../../../Programming/Unreal/Multiplayer_StealthGame/StealthGame/Content/Blueprints/BP_Player.uasset'
[2018.07.29-20.43.55:580][616]LogSavePackage: Display: Finished SavePackage ../../../../../../Programming/Unreal/Multiplayer_StealthGame/StealthGame/Content/Blueprints/BP_Player.uasset
[2018.07.29-20.44.10:541][ 74]LogSavePackage: Save=162.08ms
[2018.07.29-20.44.10:541][ 74]LogSavePackage: Moving '../../../../../../Programming/Unreal/Multiplayer_StealthGame/StealthGame/Saved/FirstPersonExampleMap5D858BD74143ED24ED7B2CAEF7450B52.tmp' to '../../../../../../Programming/Unreal/Multiplayer_StealthGame/StealthGame/Content/Maps/FirstPersonExampleMap.umap'
[2018.07.29-20.44.10:574][ 74]LogSavePackage: Display: Finished SavePackage ../../../../../../Programming/Unreal/Multiplayer_StealthGame/StealthGame/Content/Maps/FirstPersonExampleMap.umap
[2018.07.29-20.44.10:604][ 74]LogFileHelpers: Saving map 'FirstPersonExampleMap' took 0.285
[2018.07.29-20.44.10:819][ 74]LogActorComponent: UnregisterComponent: (/Engine/Transient.EditorFloorComp) Not registered. Aborting.
[2018.07.29-20.44.11:256][ 75]Cmd: QUIT_EDITOR
[2018.07.29-20.44.11:567][ 75]LogWindowsTextInputMethodSystem: Display: IME system now deactivated.
[2018.07.29-20.44.11:597][ 75]LogExit: Preparing to exit.
[2018.07.29-20.44.12:831][ 75]LogDirectoryWatcher: A directory notification for 'N:/Programming/Unreal/Multiplayer_StealthGame/StealthGame/Content/' was aborted.
[2018.07.29-20.44.12:952][ 75]LogExit: Editor shut down
[2018.07.29-20.44.12:961][ 75]LogExit: Transaction tracking system shut down
[2018.07.29-20.44.13:259][ 75]LogDirectoryWatcher: A directory notification for '../../../Engine/Content/' was aborted.
[2018.07.29-20.44.13:259][ 75]LogDirectoryWatcher: A directory notification for '../../../../../../Programming/Unreal/Multiplayer_StealthGame/StealthGame/Content/' was aborted.
[2018.07.29-20.44.13:259][ 75]LogDirectoryWatcher: A directory notification for '../../../Engine/Plugins/2D/Paper2D/Content/' was aborted.
[2018.07.29-20.44.13:260][ 75]LogDirectoryWatcher: A directory notification for '../../../Engine/Plugins/Media/MediaCompositing/Content/' was aborted.
[2018.07.29-20.44.13:260][ 75]LogDirectoryWatcher: A directory notification for '../../../Engine/Plugins/Runtime/AppleARKit/Content/' was aborted.
[2018.07.29-20.44.13:260][ 75]LogDirectoryWatcher: A directory notification for '../../../Engine/Plugins/Runtime/Oculus/OculusVR/Content/' was aborted.
[2018.07.29-20.44.13:260][ 75]LogDirectoryWatcher: A directory notification for '../../../Engine/Plugins/Runtime/Steam/SteamVR/Content/' was aborted.
[2018.07.29-20.44.14:356][ 75]LogExit: Object subsystem successfully closed.
[2018.07.29-20.44.14:483][ 75]LogD3D11RHI: Shutdown
[2018.07.29-20.44.14:492][ 75]LogD3D11RHI: CleanupD3DDevice
[2018.07.29-20.44.14:519][ 75]LogD3D11RHI: ~FD3D11DynamicRHI
[2018.07.29-20.44.15:284][ 75]LogModuleManager: Shutting down and abandoning module FPSGame (557)
[2018.07.29-20.44.15:284][ 75]LogModuleManager: Shutting down and abandoning module MovieSceneCapture (556)
[2018.07.29-20.44.15:284][ 75]LogModuleManager: Shutting down and abandoning module BlueprintGraph (552)
[2018.07.29-20.44.15:284][ 75]LogModuleManager: Shutting down and abandoning module HierarchicalLODOutliner (550)
[2018.07.29-20.44.15:284][ 75]LogModuleManager: Shutting down and abandoning module DesktopPlatform (548)
[2018.07.29-20.44.15:294][ 75]LogModuleManager: Shutting down and abandoning module AddContentDialog (546)
[2018.07.29-20.44.15:297][ 75]LogDirectoryWatcher: A directory notification for 'N:/Program Files/EpicGames/UE_4.18/FeaturePacks/' was aborted.
[2018.07.29-20.44.15:299][ 75]LogModuleManager: Shutting down and abandoning module WidgetCarousel (545)
[2018.07.29-20.44.15:299][ 75]LogModuleManager: Shutting down and abandoning module EditorWidgets (542)
[2018.07.29-20.44.15:299][ 75]LogModuleManager: Shutting down and abandoning module CollectionManager (540)
[2018.07.29-20.44.15:306][ 75]LogDirectoryWatcher: A directory notification for 'N:/Programming/Unreal/Multiplayer_StealthGame/StealthGame/Content/Collections/' was aborted.
[2018.07.29-20.44.15:306][ 75]LogDirectoryWatcher: A directory notification for 'N:/Programming/Unreal/Multiplayer_StealthGame/StealthGame/Content/Developers/morga/Collections/' was aborted.
[2018.07.29-20.44.15:306][ 75]LogDirectoryWatcher: A directory notification for 'N:/Programming/Unreal/Multiplayer_StealthGame/StealthGame/Saved/Collections/' was aborted.
[2018.07.29-20.44.15:306][ 75]LogModuleManager: Shutting down and abandoning module SceneOutliner (538)
[2018.07.29-20.44.15:313][ 75]LogModuleManager: Shutting down and abandoning module StatsViewer (536)
[2018.07.29-20.44.15:331][ 75]LogModuleManager: Shutting down and abandoning module FoliageEdit (534)
[2018.07.29-20.44.15:335][ 75]LogModuleManager: Shutting down and abandoning module LandscapeEditor (532)
[2018.07.29-20.44.15:352][ 75]LogModuleManager: Shutting down and abandoning module MeshPaintMode (530)
[2018.07.29-20.44.15:366][ 75]LogModuleManager: Shutting down and abandoning module SceneDepthPickerMode (528)
[2018.07.29-20.44.15:366][ 75]LogModuleManager: Shutting down and abandoning module ActorPickerMode (526)
[2018.07.29-20.44.15:366][ 75]LogModuleManager: Shutting down and abandoning module GeometryMode (524)
[2018.07.29-20.44.15:366][ 75]LogModuleManager: Shutting down and abandoning module TextureAlignMode (522)
[2018.07.29-20.44.15:366][ 75]LogModuleManager: Shutting down and abandoning module BspMode (520)
[2018.07.29-20.44.15:366][ 75]LogModuleManager: Shutting down and abandoning module PIEPreviewDeviceProfileSelector (518)
[2018.07.29-20.44.15:366][ 75]LogModuleManager: Shutting down and abandoning module HardwareSurvey (516)
[2018.07.29-20.44.15:366][ 75]LogModuleManager: Shutting down and abandoning module SequenceRecorderSections (514)
[2018.07.29-20.44.15:378][ 75]LogModuleManager: Shutting down and abandoning module AutomationWorker (512)
[2018.07.29-20.44.15:384][ 75]LogModuleManager: Shutting down and abandoning module MatineeToLevelSequence (510)
[2018.07.29-20.44.15:384][ 75]LogModuleManager: Shutting down and abandoning module LevelSequenceEditor (508)
[2018.07.29-20.44.15:423][ 75]LogModuleManager: Shutting down and abandoning module PlacementMode (507)
[2018.07.29-20.44.15:423][ 75]LogModuleManager: Shutting down and abandoning module WmfMediaFactory (504)
[2018.07.29-20.44.15:423][ 75]LogModuleManager: Shutting down and abandoning module WmfMediaEditor (502)
[2018.07.29-20.44.15:423][ 75]LogModuleManager: Shutting down and abandoning module OpenExrWrapper (500)
[2018.07.29-20.44.15:423][ 75]LogModuleManager: Shutting down and abandoning module ImgMediaFactory (498)
[2018.07.29-20.44.15:423][ 75]LogModuleManager: Shutting down and abandoning module ImgMediaEditor (496)
[2018.07.29-20.44.15:423][ 75]LogModuleManager: Shutting down and abandoning module AvfMediaFactory (494)
[2018.07.29-20.44.15:423][ 75]LogModuleManager: Shutting down and abandoning module AvfMediaEditor (492)
[2018.07.29-20.44.15:423][ 75]LogModuleManager: Shutting down and abandoning module AndroidMediaFactory (490)
[2018.07.29-20.44.15:423][ 75]LogModuleManager: Shutting down and abandoning module AndroidMediaEditor (488)
[2018.07.29-20.44.15:423][ 75]LogModuleManager: Shutting down and abandoning module CharacterAI (486)
[2018.07.29-20.44.15:423][ 75]LogModuleManager: Shutting down and abandoning module AudioCapture (484)
[2018.07.29-20.44.15:427][ 75]LogModuleManager: Shutting down and abandoning module SequenceRecorder (483)
[2018.07.29-20.44.15:428][ 75]LogModuleManager: Shutting down and abandoning module SmartSnapping (480)
[2018.07.29-20.44.15:428][ 75]LogModuleManager: Shutting down and abandoning module SessionServices (478)
[2018.07.29-20.44.15:428][ 75]LogModuleManager: Shutting down and abandoning module ViewportSnapping (476)
[2018.07.29-20.44.15:428][ 75]LogModuleManager: Shutting down and abandoning module ViewportInteraction (474)
[2018.07.29-20.44.15:428][ 75]LogModuleManager: Shutting down and abandoning module ClothPainter (472)
[2018.07.29-20.44.15:447][ 75]LogModuleManager: Shutting down and abandoning module SkeletalMeshEditor (471)
[2018.07.29-20.44.15:467][ 75]LogModuleManager: Shutting down and abandoning module LogVisualizer (468)
[2018.07.29-20.44.15:484][ 75]LogModuleManager: Shutting down and abandoning module IntroTutorials (466)
[2018.07.29-20.44.15:511][ 75]LogModuleManager: Shutting down and abandoning module GameProjectGeneration (465)
[2018.07.29-20.44.15:526][ 75]LogModuleManager: Shutting down and abandoning module IOSPlatformEditor (462)
[2018.07.29-20.44.15:526][ 75]LogModuleManager: Shutting down and abandoning module HTML5PlatformEditor (460)
[2018.07.29-20.44.15:526][ 75]LogModuleManager: Shutting down and abandoning module AndroidPlatformEditor (458)
[2018.07.29-20.44.15:526][ 75]LogModuleManager: Shutting down and abandoning module AndroidDeviceDetection (457)
[2018.07.29-20.44.16:106][ 75]LogModuleManager: Shutting down and abandoning module WindowsPlatformEditor (454)
[2018.07.29-20.44.16:106][ 75]LogModuleManager: Shutting down and abandoning module IOSRuntimeSettings (452)
[2018.07.29-20.44.16:106][ 75]LogModuleManager: Shutting down and abandoning module AndroidRuntimeSettings (450)
[2018.07.29-20.44.16:106][ 75]LogModuleManager: Shutting down and abandoning module InputBindingEditor (448)
[2018.07.29-20.44.16:125][ 75]LogModuleManager: Shutting down and abandoning module MergeActors (446)
[2018.07.29-20.44.16:130][ 75]LogModuleManager: Shutting down and abandoning module SizeMap (444)
[2018.07.29-20.44.16:130][ 75]LogModuleManager: Shutting down and abandoning module TreeMap (442)
[2018.07.29-20.44.16:135][ 75]LogModuleManager: Shutting down and abandoning module ReferenceViewer (440)
[2018.07.29-20.44.16:135][ 75]LogModuleManager: Shutting down and abandoning module LocalizationDashboard (438)
[2018.07.29-20.44.16:139][ 75]LogModuleManager: Shutting down and abandoning module LocalizationService (437)
[2018.07.29-20.44.16:149][ 75]LogModuleManager: Shutting down and abandoning module HardwareTargeting (434)
[2018.07.29-20.44.16:149][ 75]LogModuleManager: Shutting down and abandoning module DeviceProfileEditor (432)
[2018.07.29-20.44.16:149][ 75]LogModuleManager: Shutting down and abandoning module UndoHistory (430)
[2018.07.29-20.44.16:149][ 75]LogModuleManager: Shutting down and abandoning module XmlParser (428)
[2018.07.29-20.44.16:162][ 75]LogModuleManager: Shutting down and abandoning module Blutility (426)
[2018.07.29-20.44.16:162][ 75]LogModuleManager: Shutting down and abandoning module ProjectSettingsViewer (424)
[2018.07.29-20.44.16:162][ 75]LogModuleManager: Shutting down and abandoning module ProjectTargetPlatformEditor (423)
[2018.07.29-20.44.16:162][ 75]LogModuleManager: Shutting down and abandoning module EditorSettingsViewer (420)
[2018.07.29-20.44.16:162][ 75]LogModuleManager: Shutting down and abandoning module SettingsEditor (418)
[2018.07.29-20.44.16:182][ 75]LogModuleManager: Shutting down and abandoning module ProjectLauncher (416)
[2018.07.29-20.44.16:199][ 75]LogModuleManager: Shutting down and abandoning module SessionFrontend (414)
[2018.07.29-20.44.16:220][ 75]LogModuleManager: Shutting down and abandoning module ProfilerClient (412)
[2018.07.29-20.44.16:229][ 75]LogModuleManager: Shutting down and abandoning module DeviceManager (410)
[2018.07.29-20.44.16:246][ 75]LogModuleManager: Shutting down and abandoning module TargetDeviceServices (409)
[2018.07.29-20.44.16:301][ 75]LogModuleManager: Shutting down and abandoning module AutomationController (406)
[2018.07.29-20.44.16:326][ 75]LogModuleManager: Shutting down and abandoning module AutomationWindow (404)
[2018.07.29-20.44.16:344][ 75]LogModuleManager: Shutting down and abandoning module Layers (402)
[2018.07.29-20.44.16:367][ 75]LogModuleManager: Shutting down and abandoning module ComponentVisualizers (400)
[2018.07.29-20.44.16:368][ 75]LogModuleManager: Shutting down and abandoning module DetailCustomizations (398)
[2018.07.29-20.44.16:382][ 75]LogModuleManager: Shutting down and abandoning module PackagesDialog (396)
[2018.07.29-20.44.16:383][ 75]LogModuleManager: Shutting down and abandoning module Persona (394)
[2018.07.29-20.44.16:417][ 75]LogModuleManager: Shutting down and abandoning module AdvancedPreviewScene (393)
[2018.07.29-20.44.16:417][ 75]LogModuleManager: Shutting down and abandoning module AnimGraph (391)
[2018.07.29-20.44.16:417][ 75]LogModuleManager: Shutting down and abandoning module Kismet (388)
[2018.07.29-20.44.16:433][ 75]LogModuleManager: Shutting down and abandoning module ClassViewer (386)
[2018.07.29-20.44.16:434][ 75]LogModuleManager: Shutting down and abandoning module Toolbox (384)
[2018.07.29-20.44.16:434][ 75]LogModuleManager: Shutting down and abandoning module ModuleUI (382)
[2018.07.29-20.44.16:437][ 75]LogModuleManager: Shutting down and abandoning module MovieSceneTools (380)
[2018.07.29-20.44.16:460][ 75]LogModuleManager: Shutting down and abandoning module OutputLog (378)
[2018.07.29-20.44.16:460][ 75]LogModuleManager: Shutting down and abandoning module GammaUI (376)
[2018.07.29-20.44.16:468][ 75]LogModuleManager: Shutting down and abandoning module Documentation (374)
[2018.07.29-20.44.16:468][ 75]LogModuleManager: Shutting down and abandoning module MovieSceneTracks (372)
[2018.07.29-20.44.16:468][ 75]LogModuleManager: Shutting down and abandoning module MovieScene (370)
[2018.07.29-20.44.16:468][ 75]LogModuleManager: Shutting down and abandoning module StreamingPauseRendering (368)
[2018.07.29-20.44.16:468][ 75]LogModuleManager: Shutting down and abandoning module LauncherPlatform (366)
[2018.07.29-20.44.16:468][ 75]LogModuleManager: Shutting down and abandoning module AnalyticsET (364)
[2018.07.29-20.44.16:468][ 75]LogModuleManager: Shutting down and abandoning module PortalServices (362)
[2018.07.29-20.44.16:468][ 75]LogModuleManager: Shutting down and abandoning module PortalRpc (360)
[2018.07.29-20.44.16:468][ 75]LogModuleManager: Shutting down and abandoning module MessagingRpc (358)
[2018.07.29-20.44.16:468][ 75]LogModuleManager: Shutting down and abandoning module AIModule (356)
[2018.07.29-20.44.16:468][ 75]LogModuleManager: Shutting down and abandoning module GameplayDebugger (355)
[2018.07.29-20.44.16:468][ 75]LogModuleManager: Shutting down and abandoning module AITestSuite (353)
[2018.07.29-20.44.16:481][ 75]LogModuleManager: Shutting down and abandoning module ProfilerService (350)
[2018.07.29-20.44.16:498][ 75]LogModuleManager: Shutting down and abandoning module TaskGraph (348)
[2018.07.29-20.44.16:512][ 75]LogModuleManager: Shutting down and abandoning module SteamVRController (346)
[2018.07.29-20.44.16:512][ 75]LogModuleManager: Shutting down and abandoning module ProceduralMeshComponentEditor (344)
[2018.07.29-20.44.16:512][ 75]LogModuleManager: Shutting down and abandoning module ProceduralMeshComponent (342)
[2018.07.29-20.44.16:516][ 75]LogModuleManager: Shutting down and abandoning module OculusInput (340)
[2018.07.29-20.44.16:525][ 75]LogModuleManager: Shutting down and abandoning module MobilePatchingUtils (338)
[2018.07.29-20.44.16:525][ 75]LogModuleManager: Shutting down and abandoning module CustomMeshComponent (336)
[2018.07.29-20.44.16:525][ 75]LogModuleManager: Shutting down and abandoning module CableComponent (334)
[2018.07.29-20.44.16:532][ 75]LogModuleManager: Shutting down and abandoning module ArchVisCharacter (332)
[2018.07.29-20.44.16:532][ 75]LogModuleManager: Shutting down and abandoning module AndroidPermission (330)
[2018.07.29-20.44.16:532][ 75]LogModuleManager: Shutting down and abandoning module ActorSequence (326)
[2018.07.29-20.44.16:532][ 75]LogModuleManager: Shutting down and abandoning module MediaPlayerEditor (324)
[2018.07.29-20.44.16:557][ 75]LogModuleManager: Shutting down and abandoning module MediaCompositingEditor (322)
[2018.07.29-20.44.16:557][ 75]LogModuleManager: Shutting down and abandoning module MediaCompositing (320)
[2018.07.29-20.44.16:557][ 75]LogModuleManager: Shutting down and abandoning module HTML5Networking (318)
[2018.07.29-20.44.16:557][ 75]LogModuleManager: Shutting down and abandoning module AlembicImporter (316)
[2018.07.29-20.44.16:567][ 75]LogModuleManager: Shutting down and abandoning module AlembicLibrary (315)
[2018.07.29-20.44.16:567][ 75]LogModuleManager: Shutting down and abandoning module GeometryCache (314)
[2018.07.29-20.44.16:567][ 75]LogModuleManager: Shutting down and abandoning module GeometryCacheEd (313)
[2018.07.29-20.44.16:567][ 75]LogModuleManager: Shutting down and abandoning module SpeedTreeImporter (308)
[2018.07.29-20.44.16:567][ 75]LogModuleManager: Shutting down and abandoning module PluginBrowser (306)
[2018.07.29-20.44.16:594][ 75]LogModuleManager: Shutting down and abandoning module MobileLauncherProfileWizard (304)
[2018.07.29-20.44.16:611][ 75]LogModuleManager: Shutting down and abandoning module VisualStudioSourceCodeAccess (302)
[2018.07.29-20.44.16:611][ 75]LogModuleManager: Shutting down and abandoning module VisualStudioCodeSourceCodeAccess (300)
[2018.07.29-20.44.16:611][ 75]LogModuleManager: Shutting down and abandoning module UObjectPlugin (298)
[2018.07.29-20.44.16:611][ 75]LogModuleManager: Shutting down and abandoning module SubversionSourceControl (296)
[2018.07.29-20.44.16:628][ 75]LogModuleManager: Shutting down and abandoning module PerforceSourceControl (294)
[2018.07.29-20.44.16:651][ 75]LogModuleManager: Shutting down and abandoning module GitSourceControl (292)
[2018.07.29-20.44.16:657][ 75]LogModuleManager: Shutting down and abandoning module SourceControl (291)
[2018.07.29-20.44.16:661][ 75]LogModuleManager: Shutting down and abandoning module LightPropagationVolumeEditor (288)
[2018.07.29-20.44.16:661][ 75]LogModuleManager: Shutting down and abandoning module PaperTiledImporter (286)
[2018.07.29-20.44.16:661][ 75]LogModuleManager: Shutting down and abandoning module PaperSpriteSheetImporter (284)
[2018.07.29-20.44.16:661][ 75]LogModuleManager: Shutting down and abandoning module Paper2DEditor (282)
[2018.07.29-20.44.16:685][ 75]LogModuleManager: Shutting down and abandoning module MeshPaint (281)
[2018.07.29-20.44.16:693][ 75]LogModuleManager: Shutting down and abandoning module LevelEditor (279)
[2018.07.29-20.44.16:698][ 75]LogModuleManager: Shutting down and abandoning module PixelInspectorModule (278)
[2018.07.29-20.44.16:707][ 75]LogModuleManager: Shutting down and abandoning module MainFrame (276)
[2018.07.29-20.44.16:719][ 75]LogModuleManager: Shutting down and abandoning module HotReload (275)
[2018.07.29-20.44.16:719][ 75]LogDirectoryWatcher: A directory notification failed for 'N:/Programming/Unreal/Multiplayer_StealthGame/StealthGame/Binaries/Win64', and we were unable to create a new request.
[2018.07.29-20.44.16:720][ 75]LogModuleManager: Shutting down and abandoning module RuntimePhysXCooking (268)
[2018.07.29-20.44.16:720][ 75]LogModuleManager: Shutting down and abandoning module PhysXVehiclesEditor (266)
[2018.07.29-20.44.16:720][ 75]LogModuleManager: Shutting down and abandoning module PhysXVehicles (264)
[2018.07.29-20.44.16:720][ 75]LogModuleManager: Shutting down and abandoning module OculusEditor (262)
[2018.07.29-20.44.16:720][ 75]LogModuleManager: Shutting down and abandoning module LocationServicesBPLibrary (260)
[2018.07.29-20.44.16:720][ 75]LogModuleManager: Shutting down and abandoning module ImmediatePhysicsEditor (258)
[2018.07.29-20.44.16:720][ 75]LogModuleManager: Shutting down and abandoning module ImmediatePhysics (256)
[2018.07.29-20.44.16:729][ 75]LogModuleManager: Shutting down and abandoning module UdpMessaging (254)
[2018.07.29-20.44.16:843][ 75]LogModuleManager: Shutting down and abandoning module TcpMessaging (252)
[2018.07.29-20.44.16:951][ 75]LogModuleManager: Shutting down and abandoning module GameplayTagsEditor (250)
[2018.07.29-20.44.16:969][ 75]LogModuleManager: Shutting down and abandoning module FacialAnimationEditor (248)
[2018.07.29-20.44.16:969][ 75]LogModuleManager: Shutting down and abandoning module FacialAnimation (246)
[2018.07.29-20.44.16:969][ 75]LogModuleManager: Shutting down and abandoning module AssetManagerEditor (244)
[2018.07.29-20.44.16:990][ 75]LogModuleManager: Shutting down and abandoning module GraphEditor (243)
[2018.07.29-20.44.16:990][ 75]LogModuleManager: Shutting down and abandoning module ContentBrowser (241)
[2018.07.29-20.44.16:991][ 75]LogModuleManager: Shutting down and abandoning module LightPropagationVolumeRuntime (238)
[2018.07.29-20.44.16:991][ 75]LogModuleManager: Shutting down and abandoning module Paper2D (236)
[2018.07.29-20.44.16:991][ 75]LogModuleManager: Shutting down and abandoning module WindowsMoviePlayer (234)
[2018.07.29-20.44.17:006][ 75]LogModuleManager: Shutting down and abandoning module WmfMedia (232)
[2018.07.29-20.44.17:021][ 75]LogModuleManager: Shutting down and abandoning module ImgMedia (230)
[2018.07.29-20.44.17:021][ 75]LogModuleManager: Shutting down and abandoning module PacketHandler (228)
[2018.07.29-20.44.17:021][ 75]LogModuleManager: Shutting down and abandoning module ClothingSystemEditor (226)
[2018.07.29-20.44.17:021][ 75]LogModuleManager: Shutting down and abandoning module ClothingSystemRuntime (224)
[2018.07.29-20.44.17:038][ 75]LogModuleManager: Shutting down and abandoning module MediaAssets (222)
[2018.07.29-20.44.17:038][ 75]LogModuleManager: Shutting down and abandoning module Media (221)
[2018.07.29-20.44.17:044][ 75]LogModuleManager: Shutting down and abandoning module Overlay (218)
[2018.07.29-20.44.17:044][ 75]LogModuleManager: Shutting down and abandoning module OverlayEditor (217)
[2018.07.29-20.44.17:044][ 75]LogModuleManager: Shutting down and abandoning module VREditor (214)
[2018.07.29-20.44.17:069][ 75]LogModuleManager: Shutting down and abandoning module StringTableEditor (212)
[2018.07.29-20.44.17:080][ 75]LogModuleManager: Shutting down and abandoning module GameplayTasksEditor (210)
[2018.07.29-20.44.17:080][ 75]LogModuleManager: Shutting down and abandoning module BehaviorTreeEditor (208)
[2018.07.29-20.44.17:515][ 75]LogModuleManager: Shutting down and abandoning module FunctionalTesting (206)
[2018.07.29-20.44.17:532][ 75]LogModuleManager: Shutting down and abandoning module CollisionAnalyzer (204)
[2018.07.29-20.44.17:569][ 75]LogModuleManager: Shutting down and abandoning module WorkspaceMenuStructure (203)
[2018.07.29-20.44.17:569][ 75]LogModuleManager: Shutting down and abandoning module UMG (200)
[2018.07.29-20.44.17:593][ 75]LogModuleManager: Shutting down and abandoning module UMGEditor (199)
[2018.07.29-20.44.17:625][ 75]LogModuleManager: Shutting down and abandoning module Sequencer (198)
[2018.07.29-20.44.17:652][ 75]LogModuleManager: Shutting down and abandoning module MessageLog (195)
[2018.07.29-20.44.17:652][ 75]LogModuleManager: Shutting down and abandoning module SlateReflector (190)
[2018.07.29-20.44.17:672][ 75]LogModuleManager: Shutting down and abandoning module Slate (188)
[2018.07.29-20.44.17:672][ 75]LogModuleManager: Shutting down and abandoning module EditorStyle (186)
[2018.07.29-20.44.17:674][ 75]LogModuleManager: Shutting down and abandoning module MRMesh (184)
[2018.07.29-20.44.17:675][ 75]LogModuleManager: Shutting down and abandoning module SourceCodeAccess (182)
[2018.07.29-20.44.17:675][ 75]LogModuleManager: Shutting down and abandoning module HeadMountedDisplay (180)
[2018.07.29-20.44.17:675][ 75]LogModuleManager: Shutting down and abandoning module XAudio2 (178)
[2018.07.29-20.44.17:675][ 75]LogModuleManager: Shutting down and abandoning module Networking (176)
[2018.07.29-20.44.17:675][ 75]LogModuleManager: Shutting down and abandoning module Core (172)
[2018.07.29-20.44.17:675][ 75]LogModuleManager: Shutting down and abandoning module LevelSequence (168)
[2018.07.29-20.44.17:680][ 75]LogModuleManager: Shutting down and abandoning module DirectoryWatcher (166)
[2018.07.29-20.44.17:683][ 75]LogModuleManager: Shutting down and abandoning module KismetCompiler (164)
[2018.07.29-20.44.17:683][ 75]LogModuleManager: Shutting down and abandoning module MeshUtilities (162)
[2018.07.29-20.44.17:701][ 75]LogModuleManager: Shutting down and abandoning module MeshMergeUtilities (161)
[2018.07.29-20.44.17:711][ 75]LogModuleManager: Shutting down and abandoning module MeshReductionInterface (160)
[2018.07.29-20.44.17:711][ 75]LogModuleManager: Shutting down and abandoning module SimplygonSwarm (159)
[2018.07.29-20.44.17:723][ 75]LogModuleManager: Shutting down and abandoning module SimplygonMeshReduction (157)
[2018.07.29-20.44.17:723][ 75]LogModuleManager: Shutting down and abandoning module QuadricMeshReduction (155)
[2018.07.29-20.44.17:727][ 75]LogModuleManager: Shutting down and abandoning module MaterialBaking (151)
[2018.07.29-20.44.17:743][ 75]LogModuleManager: Shutting down and abandoning module DerivedDataCache (148)
[2018.07.29-20.44.17:843][ 75]LogDerivedDataCache: Shutdown
[2018.07.29-20.44.17:843][ 75]LogModuleManager: Shutting down and abandoning module TargetPlatform (146)
[2018.07.29-20.44.17:843][ 75]LogModuleManager: Shutting down and abandoning module VulkanShaderFormat (145)
[2018.07.29-20.44.17:850][ 75]LogModuleManager: Shutting down and abandoning module ShaderFormatVectorVM (143)
[2018.07.29-20.44.17:858][ 75]LogModuleManager: Shutting down and abandoning module ShaderFormatOpenGL (141)
[2018.07.29-20.44.17:878][ 75]LogModuleManager: Shutting down and abandoning module ShaderFormatD3D (139)
[2018.07.29-20.44.17:887][ 75]LogModuleManager: Shutting down and abandoning module MetalShaderFormat (137)
[2018.07.29-20.44.17:888][ 75]LogModuleManager: Shutting down and abandoning module TextureFormatUncompressed (135)
[2018.07.29-20.44.17:888][ 75]LogModuleManager: Shutting down and abandoning module TextureFormatPVR (133)
[2018.07.29-20.44.17:888][ 75]LogModuleManager: Shutting down and abandoning module TextureFormatDXT (131)
[2018.07.29-20.44.17:899][ 75]LogModuleManager: Shutting down and abandoning module TextureFormatIntelISPCTexComp (129)
[2018.07.29-20.44.17:899][ 75]LogModuleManager: Shutting down and abandoning module TextureFormatASTC (127)
[2018.07.29-20.44.17:899][ 75]LogModuleManager: Shutting down and abandoning module ImageWrapper (126)
[2018.07.29-20.44.17:900][ 75]LogModuleManager: Shutting down and abandoning module TextureFormatAndroid (123)
[2018.07.29-20.44.17:900][ 75]LogModuleManager: Shutting down and abandoning module AudioFormatOpus (121)
[2018.07.29-20.44.17:900][ 75]LogModuleManager: Shutting down and abandoning module AudioFormatOgg (119)
[2018.07.29-20.44.17:900][ 75]LogModuleManager: Shutting down and abandoning module AudioFormatADPCM (117)
[2018.07.29-20.44.17:900][ 75]LogModuleManager: Shutting down and abandoning module LinuxTargetPlatform (115)
[2018.07.29-20.44.17:900][ 75]LogModuleManager: Shutting down and abandoning module LinuxServerTargetPlatform (113)
[2018.07.29-20.44.17:900][ 75]LogModuleManager: Shutting down and abandoning module LinuxNoEditorTargetPlatform (111)
[2018.07.29-20.44.17:900][ 75]LogModuleManager: Shutting down and abandoning module LinuxClientTargetPlatform (109)
[2018.07.29-20.44.17:900][ 75]LogModuleManager: Shutting down and abandoning module TVOSTargetPlatform (107)
[2018.07.29-20.44.17:900][ 75]LogModuleManager: Shutting down and abandoning module Messaging (105)
[2018.07.29-20.44.17:900][ 75]LogModuleManager: Shutting down and abandoning module IOSTargetPlatform (103)
[2018.07.29-20.44.17:900][ 75]LogModuleManager: Shutting down and abandoning module HTML5TargetPlatform (101)
[2018.07.29-20.44.17:900][ 75]LogModuleManager: Shutting down and abandoning module AndroidTargetPlatform (99)
[2018.07.29-20.44.17:900][ 75]LogModuleManager: Shutting down and abandoning module Android_PVRTCTargetPlatform (97)
[2018.07.29-20.44.17:900][ 75]LogModuleManager: Shutting down and abandoning module Android_MultiTargetPlatform (95)
[2018.07.29-20.44.17:900][ 75]LogModuleManager: Shutting down and abandoning module Android_ETC2TargetPlatform (93)
[2018.07.29-20.44.17:900][ 75]LogModuleManager: Shutting down and abandoning module Android_ETC1TargetPlatform (91)
[2018.07.29-20.44.17:900][ 75]LogModuleManager: Shutting down and abandoning module Android_DXTTargetPlatform (89)
[2018.07.29-20.44.17:900][ 75]LogModuleManager: Shutting down and abandoning module Android_ATCTargetPlatform (87)
[2018.07.29-20.44.17:900][ 75]LogModuleManager: Shutting down and abandoning module Android_ASTCTargetPlatform (85)
[2018.07.29-20.44.17:900][ 75]LogModuleManager: Shutting down and abandoning module WindowsTargetPlatform (83)
[2018.07.29-20.44.17:900][ 75]LogModuleManager: Shutting down and abandoning module WindowsServerTargetPlatform (81)
[2018.07.29-20.44.17:900][ 75]LogModuleManager: Shutting down and abandoning module WindowsNoEditorTargetPlatform (79)
[2018.07.29-20.44.17:900][ 75]LogModuleManager: Shutting down and abandoning module WindowsClientTargetPlatform (77)
[2018.07.29-20.44.17:900][ 75]LogModuleManager: Shutting down and abandoning module MacTargetPlatform (75)
[2018.07.29-20.44.17:900][ 75]LogModuleManager: Shutting down and abandoning module MacServerTargetPlatform (73)
[2018.07.29-20.44.17:900][ 75]LogModuleManager: Shutting down and abandoning module MacNoEditorTargetPlatform (71)
[2018.07.29-20.44.17:900][ 75]LogModuleManager: Shutting down and abandoning module MacClientTargetPlatform (69)
[2018.07.29-20.44.17:900][ 75]LogModuleManager: Shutting down and abandoning module AllDesktopTargetPlatform (67)
[2018.07.29-20.44.17:900][ 75]LogModuleManager: Shutting down and abandoning module InputCore (64)
[2018.07.29-20.44.17:900][ 75]LogModuleManager: Shutting down and abandoning module Settings (62)
[2018.07.29-20.44.17:900][ 75]LogModuleManager: Shutting down and abandoning module PhysXCooking (60)
[2018.07.29-20.44.17:900][ 75]LogModuleManager: Shutting down and abandoning module SteamVR (58)
[2018.07.29-20.44.17:900][ 75]LogModuleManager: Shutting down and abandoning module OculusHMD (56)
[2018.07.29-20.44.17:914][ 75]LogModuleManager: Shutting down and abandoning module ExampleDeviceProfileSelector (54)
[2018.07.29-20.44.17:915][ 75]LogModuleManager: Shutting down and abandoning module AppleARKit (52)
[2018.07.29-20.44.17:915][ 75]LogModuleManager: Shutting down and abandoning module AugmentedReality (51)
[2018.07.29-20.44.17:915][ 75]LogModuleManager: Shutting down and abandoning module OnlineBlueprintSupport (48)
[2018.07.29-20.44.17:915][ 75]LogModuleManager: Shutting down and abandoning module OnlineSubsystem (44)
[2018.07.29-20.44.17:930][ 75]LogModuleManager: Shutting down and abandoning module XMPP (43)
[2018.07.29-20.44.17:949][ 75]LogModuleManager: Shutting down and abandoning module HTTP (41)
[2018.07.29-20.44.17:949][ 75]LogHttp: Display: Http module shutting down, but needs to wait on 1 outstanding Http requests:
[2018.07.29-20.44.17:958][ 75]LogHttp: Display: 	verb=[POST] url=[https://datarouter.ol.epicgames.com/datarouter/api/v1/public/data?SessionID=%7BAC106B65-4211-270E-3574-72807A38C91A%7D&AppID=UEEditor.Rocket.Release&AppVersion=4.18.3-3832480%2B%2B%2BUE4%2BRelease-4.18&UserID=7e5b2c014c7bea667e7322b9c64033a5%7C95d8a0419b8b4b2ca55b199c7d55eef6%7Ce7ce1c4d-2e3f-4dea-ab5b-de732cb48466&AppEnvironment=datacollector-binary&UploadType=eteventstream] status=Processing
[2018.07.29-20.44.17:958][ 75]LogHttp: Display: Sleeping 0.5s to wait for 1 outstanding Http requests.
[2018.07.29-20.44.18:459][ 75]LogHttp: Display: Sleeping 0.5s to wait for 1 outstanding Http requests.
[2018.07.29-20.44.18:960][ 75]LogHttp: Display: Sleeping 0.5s to wait for 1 outstanding Http requests.
[2018.07.29-20.44.19:483][ 75]LogModuleManager: Shutting down and abandoning module SSL (40)
[2018.07.29-20.44.19:498][ 75]LogModuleManager: Shutting down and abandoning module AnimationModifiers (36)
[2018.07.29-20.44.19:512][ 75]LogModuleManager: Shutting down and abandoning module PropertyEditor (35)
[2018.07.29-20.44.19:512][ 75]LogModuleManager: Shutting down and abandoning module AudioEditor (32)
[2018.07.29-20.44.19:528][ 75]LogModuleManager: Shutting down and abandoning module TextureCompressor (30)
[2018.07.29-20.44.19:550][ 75]LogModuleManager: Shutting down and abandoning module ShaderCore (28)
[2018.07.29-20.44.19:550][ 75]LogModuleManager: Shutting down and abandoning module Landscape (26)
[2018.07.29-20.44.19:550][ 75]LogModuleManager: Shutting down and abandoning module SlateRHIRenderer (24)
[2018.07.29-20.44.19:568][ 75]LogModuleManager: Shutting down and abandoning module OpenGLDrv (22)
[2018.07.29-20.44.19:581][ 75]LogModuleManager: Shutting down and abandoning module D3D11RHI (20)
[2018.07.29-20.44.19:581][ 75]LogModuleManager: Shutting down and abandoning module AnimGraphRuntime (18)
[2018.07.29-20.44.19:596][ 75]LogModuleManager: Shutting down and abandoning module Renderer (16)
[2018.07.29-20.44.19:596][ 75]LogModuleManager: Shutting down and abandoning module Engine (14)
[2018.07.29-20.44.19:596][ 75]LogModuleManager: Shutting down and abandoning module CoreUObject (12)
[2018.07.29-20.44.19:596][ 75]LogModuleManager: Shutting down and abandoning module NetworkFile (10)
[2018.07.29-20.44.19:604][ 75]LogModuleManager: Shutting down and abandoning module CookedIterativeFile (8)
[2018.07.29-20.44.19:604][ 75]LogModuleManager: Shutting down and abandoning module StreamingFile (6)
[2018.07.29-20.44.19:618][ 75]LogModuleManager: Shutting down and abandoning module SandboxFile (4)
[2018.07.29-20.44.19:621][ 75]LogModuleManager: Shutting down and abandoning module PakFile (2)
[2018.07.29-20.44.19:647][ 75]LogExit: Exiting.
[2018.07.29-20.44.19:653][ 75]Log file closed, 07/29/18 22:44:19
